<?xml version="1.0" encoding="UTF-8" ?>
<testsuite failures="0" time="5.862" errors="9" skipped="0" tests="9" name="com.bac.accountserviceapp.data.mysql.MysqlAccountServiceAppSpringAuthenticationTest">
  <properties>
    <property name="java.runtime.name" value="Java(TM) SE Runtime Environment"/>
    <property name="sun.boot.library.path" value="/usr/lib/jvm/jdk1.7.51/jre/lib/amd64"/>
    <property name="java.vm.version" value="24.51-b03"/>
    <property name="java.vm.vendor" value="Oracle Corporation"/>
    <property name="java.vendor.url" value="http://java.oracle.com/"/>
    <property name="path.separator" value=":"/>
    <property name="guice.disable.misplaced.annotation.check" value="true"/>
    <property name="java.vm.name" value="Java HotSpot(TM) 64-Bit Server VM"/>
    <property name="file.encoding.pkg" value="sun.io"/>
    <property name="user.country" value="GB"/>
    <property name="sun.java.launcher" value="SUN_STANDARD"/>
    <property name="sun.os.patch.level" value="unknown"/>
    <property name="java.vm.specification.name" value="Java Virtual Machine Specification"/>
    <property name="user.dir" value="/home/user0001/NetBeansProjects/AccountServiceApp"/>
    <property name="java.runtime.version" value="1.7.0_51-b13"/>
    <property name="java.awt.graphicsenv" value="sun.awt.X11GraphicsEnvironment"/>
    <property name="java.endorsed.dirs" value="/usr/lib/jvm/jdk1.7.51/jre/lib/endorsed"/>
    <property name="os.arch" value="amd64"/>
    <property name="java.io.tmpdir" value="/tmp"/>
    <property name="line.separator" value="
"/>
    <property name="java.vm.specification.vendor" value="Oracle Corporation"/>
    <property name="os.name" value="Linux"/>
    <property name="maven.ext.class.path" value="/usr/local/netbeans-8.0.2/java/maven-nblib/netbeans-eventspy.jar"/>
    <property name="classworlds.conf" value="/usr/local/netbeans-8.0.2/java/maven/bin/m2.conf"/>
    <property name="sun.jnu.encoding" value="UTF-8"/>
    <property name="java.library.path" value="/usr/lib/jvm/jdk1.7.51/jre/lib/amd64:/usr/lib/jvm/jdk1.7.51/jre/lib/i386::/usr/java/packages/lib/amd64:/usr/lib64:/lib64:/lib:/usr/lib"/>
    <property name="java.specification.name" value="Java Platform API Specification"/>
    <property name="java.class.version" value="51.0"/>
    <property name="sun.management.compiler" value="HotSpot 64-Bit Tiered Compilers"/>
    <property name="os.version" value="3.13.0-43-generic"/>
    <property name="user.home" value="/home/user0001"/>
    <property name="user.timezone" value="Europe/London"/>
    <property name="java.awt.printerjob" value="sun.print.PSPrinterJob"/>
    <property name="file.encoding" value="UTF-8"/>
    <property name="java.specification.version" value="1.7"/>
    <property name="user.name" value="user0001"/>
    <property name="java.class.path" value="/usr/local/netbeans-8.0.2/java/maven/boot/plexus-classworlds-2.4.jar"/>
    <property name="java.vm.specification.version" value="1.7"/>
    <property name="sun.arch.data.model" value="64"/>
    <property name="java.home" value="/usr/lib/jvm/jdk1.7.51/jre"/>
    <property name="sun.java.command" value="org.codehaus.plexus.classworlds.launcher.Launcher -Dmaven.ext.class.path=/usr/local/netbeans-8.0.2/java/maven-nblib/netbeans-eventspy.jar clean install"/>
    <property name="java.specification.vendor" value="Oracle Corporation"/>
    <property name="user.language" value="en"/>
    <property name="awt.toolkit" value="sun.awt.X11.XToolkit"/>
    <property name="java.vm.info" value="mixed mode"/>
    <property name="java.version" value="1.7.0_51"/>
    <property name="java.ext.dirs" value="/usr/lib/jvm/jdk1.7.51/jre/lib/ext:/usr/java/packages/lib/ext"/>
    <property name="securerandom.source" value="file:/dev/./urandom"/>
    <property name="sun.boot.class.path" value="/usr/lib/jvm/jdk1.7.51/jre/lib/resources.jar:/usr/lib/jvm/jdk1.7.51/jre/lib/rt.jar:/usr/lib/jvm/jdk1.7.51/jre/lib/sunrsasign.jar:/usr/lib/jvm/jdk1.7.51/jre/lib/jsse.jar:/usr/lib/jvm/jdk1.7.51/jre/lib/jce.jar:/usr/lib/jvm/jdk1.7.51/jre/lib/charsets.jar:/usr/lib/jvm/jdk1.7.51/jre/lib/jfr.jar:/usr/lib/jvm/jdk1.7.51/jre/classes"/>
    <property name="java.vendor" value="Oracle Corporation"/>
    <property name="maven.home" value="/usr/local/netbeans-8.0.2/java/maven"/>
    <property name="file.separator" value="/"/>
    <property name="java.vendor.url.bug" value="http://bugreport.sun.com/bugreport/"/>
    <property name="sun.cpu.endian" value="little"/>
    <property name="sun.io.unicode.encoding" value="UnicodeLittle"/>
    <property name="sun.desktop" value="gnome"/>
    <property name="sun.cpu.isalist" value=""/>
  </properties>
  <testcase time="0.007" classname="com.bac.accountserviceapp.data.mysql.MysqlAccountServiceAppSpringAuthenticationTest" name="testAuthentication_InvalidUserName">
    <error message="Error creating bean with name &apos;dataSource&apos;: Invocation of init method failed; nested exception is javax.naming.CommunicationException: Communication exception for SerialContext[myEnv={java.naming.factory.state=com.sun.corba.ee.impl.presentation.rmi.JNDIStateFactoryImpl, java.naming.factory.url.pkgs=com.sun.enterprise.naming, java.naming.factory.initial=com.sun.enterprise.naming.SerialInitContextFactory} [Root exception is java.rmi.MarshalException: CORBA MARSHAL 1330446347 Maybe; nested exception is: 
	org.omg.CORBA.MARSHAL: WARNING: IOP00810011: Exception from readValue on ValueHandler in CDRInputStream  vmcid: OMG  minor code: 11 completed: Maybe]" type="org.springframework.beans.factory.BeanCreationException">org.springframework.beans.factory.BeanCreationException: Error creating bean with name &apos;dataSource&apos;: Invocation of init method failed; nested exception is javax.naming.CommunicationException: Communication exception for SerialContext[myEnv={java.naming.factory.state=com.sun.corba.ee.impl.presentation.rmi.JNDIStateFactoryImpl, java.naming.factory.url.pkgs=com.sun.enterprise.naming, java.naming.factory.initial=com.sun.enterprise.naming.SerialInitContextFactory} [Root exception is java.rmi.MarshalException: CORBA MARSHAL 1330446347 Maybe; nested exception is: 
	org.omg.CORBA.MARSHAL: WARNING: IOP00810011: Exception from readValue on ValueHandler in CDRInputStream  vmcid: OMG  minor code: 11 completed: Maybe]
	at org.springframework.beans.factory.support.AbstractAutowireCapableBeanFactory.initializeBean(AbstractAutowireCapableBeanFactory.java:1482)
	at org.springframework.beans.factory.support.AbstractAutowireCapableBeanFactory.doCreateBean(AbstractAutowireCapableBeanFactory.java:521)
	at org.springframework.beans.factory.support.AbstractAutowireCapableBeanFactory.createBean(AbstractAutowireCapableBeanFactory.java:458)
	at org.springframework.beans.factory.support.AbstractBeanFactory$1.getObject(AbstractBeanFactory.java:295)
	at org.springframework.beans.factory.support.DefaultSingletonBeanRegistry.getSingleton(DefaultSingletonBeanRegistry.java:223)
	at org.springframework.beans.factory.support.AbstractBeanFactory.doGetBean(AbstractBeanFactory.java:292)
	at org.springframework.beans.factory.support.AbstractBeanFactory.getBean(AbstractBeanFactory.java:194)
	at org.springframework.beans.factory.support.DefaultListableBeanFactory.preInstantiateSingletons(DefaultListableBeanFactory.java:608)
	at org.springframework.context.support.AbstractApplicationContext.finishBeanFactoryInitialization(AbstractApplicationContext.java:932)
	at org.springframework.context.support.AbstractApplicationContext.refresh(AbstractApplicationContext.java:479)
	at org.springframework.context.support.ClassPathXmlApplicationContext.&lt;init&gt;(ClassPathXmlApplicationContext.java:139)
	at org.springframework.context.support.ClassPathXmlApplicationContext.&lt;init&gt;(ClassPathXmlApplicationContext.java:83)
	at com.bac.accountserviceapp.data.mysql.MysqlAccountServiceAppSpringAuthenticationTest.&lt;init&gt;(MysqlAccountServiceAppSpringAuthenticationTest.java:105)
	at sun.reflect.NativeConstructorAccessorImpl.newInstance0(Native Method)
	at sun.reflect.NativeConstructorAccessorImpl.newInstance(NativeConstructorAccessorImpl.java:57)
	at sun.reflect.DelegatingConstructorAccessorImpl.newInstance(DelegatingConstructorAccessorImpl.java:45)
	at java.lang.reflect.Constructor.newInstance(Constructor.java:526)
	at org.junit.runners.BlockJUnit4ClassRunner.createTest(BlockJUnit4ClassRunner.java:187)
	at org.junit.runners.BlockJUnit4ClassRunner$1.runReflectiveCall(BlockJUnit4ClassRunner.java:236)
	at org.junit.internal.runners.model.ReflectiveCallable.run(ReflectiveCallable.java:15)
	at org.junit.runners.BlockJUnit4ClassRunner.methodBlock(BlockJUnit4ClassRunner.java:233)
	at org.junit.runners.BlockJUnit4ClassRunner.runChild(BlockJUnit4ClassRunner.java:68)
	at org.junit.runners.BlockJUnit4ClassRunner.runChild(BlockJUnit4ClassRunner.java:47)
	at org.junit.runners.ParentRunner$3.run(ParentRunner.java:231)
	at org.junit.runners.ParentRunner$1.schedule(ParentRunner.java:60)
	at org.junit.runners.ParentRunner.runChildren(ParentRunner.java:229)
	at org.junit.runners.ParentRunner.access$000(ParentRunner.java:50)
	at org.junit.runners.ParentRunner$2.evaluate(ParentRunner.java:222)
	at org.junit.internal.runners.statements.RunBefores.evaluate(RunBefores.java:28)
	at org.junit.internal.runners.statements.RunAfters.evaluate(RunAfters.java:30)
	at org.junit.runners.ParentRunner.run(ParentRunner.java:300)
	at org.apache.maven.surefire.junit4.JUnit4TestSet.execute(JUnit4TestSet.java:53)
	at org.apache.maven.surefire.junit4.JUnit4Provider.executeTestSet(JUnit4Provider.java:123)
	at org.apache.maven.surefire.junit4.JUnit4Provider.invoke(JUnit4Provider.java:104)
	at sun.reflect.NativeMethodAccessorImpl.invoke0(Native Method)
	at sun.reflect.NativeMethodAccessorImpl.invoke(NativeMethodAccessorImpl.java:57)
	at sun.reflect.DelegatingMethodAccessorImpl.invoke(DelegatingMethodAccessorImpl.java:43)
	at java.lang.reflect.Method.invoke(Method.java:606)
	at org.apache.maven.surefire.util.ReflectionUtils.invokeMethodWithArray(ReflectionUtils.java:164)
	at org.apache.maven.surefire.booter.ProviderFactory$ProviderProxy.invoke(ProviderFactory.java:110)
	at org.apache.maven.surefire.booter.SurefireStarter.invokeProvider(SurefireStarter.java:175)
	at org.apache.maven.surefire.booter.SurefireStarter.runSuitesInProcessWhenForked(SurefireStarter.java:107)
	at org.apache.maven.surefire.booter.ForkedBooter.main(ForkedBooter.java:68)
Caused by: javax.naming.CommunicationException: Communication exception for SerialContext[myEnv={java.naming.factory.state=com.sun.corba.ee.impl.presentation.rmi.JNDIStateFactoryImpl, java.naming.factory.url.pkgs=com.sun.enterprise.naming, java.naming.factory.initial=com.sun.enterprise.naming.SerialInitContextFactory} [Root exception is java.rmi.MarshalException: CORBA MARSHAL 1330446347 Maybe; nested exception is: 
	org.omg.CORBA.MARSHAL: WARNING: IOP00810011: Exception from readValue on ValueHandler in CDRInputStream  vmcid: OMG  minor code: 11 completed: Maybe]
	at com.sun.enterprise.naming.impl.SerialContext.lookup(SerialContext.java:542)
	at com.sun.enterprise.naming.impl.SerialContext.lookup(SerialContext.java:455)
	at javax.naming.InitialContext.lookup(InitialContext.java:411)
	at org.springframework.jndi.JndiTemplate$1.doInContext(JndiTemplate.java:154)
	at org.springframework.jndi.JndiTemplate.execute(JndiTemplate.java:87)
	at org.springframework.jndi.JndiTemplate.lookup(JndiTemplate.java:152)
	at org.springframework.jndi.JndiTemplate.lookup(JndiTemplate.java:178)
	at org.springframework.jndi.JndiLocatorSupport.lookup(JndiLocatorSupport.java:104)
	at org.springframework.jndi.JndiObjectLocator.lookup(JndiObjectLocator.java:105)
	at org.springframework.jndi.JndiObjectFactoryBean.lookupWithFallback(JndiObjectFactoryBean.java:201)
	at org.springframework.jndi.JndiObjectFactoryBean.afterPropertiesSet(JndiObjectFactoryBean.java:187)
	at org.springframework.beans.factory.support.AbstractAutowireCapableBeanFactory.invokeInitMethods(AbstractAutowireCapableBeanFactory.java:1541)
	at org.springframework.beans.factory.support.AbstractAutowireCapableBeanFactory.initializeBean(AbstractAutowireCapableBeanFactory.java:1479)
	... 42 more
Caused by: java.rmi.MarshalException: CORBA MARSHAL 1330446347 Maybe; nested exception is: 
	org.omg.CORBA.MARSHAL: WARNING: IOP00810011: Exception from readValue on ValueHandler in CDRInputStream  vmcid: OMG  minor code: 11 completed: Maybe
	at com.sun.corba.ee.impl.javax.rmi.CORBA.Util.mapSystemException(Util.java:267)
	at com.sun.corba.ee.impl.presentation.rmi.StubInvocationHandlerImpl.privateInvoke(StubInvocationHandlerImpl.java:213)
	at com.sun.corba.ee.impl.presentation.rmi.StubInvocationHandlerImpl.invoke(StubInvocationHandlerImpl.java:152)
	at com.sun.corba.ee.impl.presentation.rmi.codegen.CodegenStubBase.invoke(CodegenStubBase.java:227)
	at com.sun.enterprise.naming.impl._SerialContextProvider_DynamicStub.lookup(com/sun/enterprise/naming/impl/_SerialContextProvider_DynamicStub.java)
	at com.sun.enterprise.naming.impl.SerialContext.lookup(SerialContext.java:505)
	... 54 more
Caused by: org.omg.CORBA.MARSHAL: WARNING: IOP00810011: Exception from readValue on ValueHandler in CDRInputStream  vmcid: OMG  minor code: 11 completed: Maybe
	at sun.reflect.NativeConstructorAccessorImpl.newInstance0(Native Method)
	at sun.reflect.NativeConstructorAccessorImpl.newInstance(NativeConstructorAccessorImpl.java:57)
	at sun.reflect.DelegatingConstructorAccessorImpl.newInstance(DelegatingConstructorAccessorImpl.java:45)
	at java.lang.reflect.Constructor.newInstance(Constructor.java:526)
	at com.sun.corba.ee.spi.orbutil.logex.corba.CorbaExtension.makeException(CorbaExtension.java:248)
	at com.sun.corba.ee.spi.orbutil.logex.corba.CorbaExtension.makeException(CorbaExtension.java:95)
	at com.sun.corba.ee.spi.orbutil.logex.WrapperGenerator.handleFullLogging(WrapperGenerator.java:387)
	at com.sun.corba.ee.spi.orbutil.logex.WrapperGenerator.access$400(WrapperGenerator.java:107)
	at com.sun.corba.ee.spi.orbutil.logex.WrapperGenerator$2.invoke(WrapperGenerator.java:511)
	at com.sun.corba.ee.spi.orbutil.proxy.CompositeInvocationHandlerImpl.invoke(CompositeInvocationHandlerImpl.java:99)
	at com.sun.proxy.$Proxy31.valuehandlerReadException(Unknown Source)
	at com.sun.corba.ee.impl.encoding.CDRInputStream_1_0.readRMIIIOPValueType(CDRInputStream_1_0.java:1022)
	at com.sun.corba.ee.impl.encoding.CDRInputStream_1_0.read_value(CDRInputStream_1_0.java:1123)
	at com.sun.corba.ee.impl.encoding.CDRInputObject.read_value(CDRInputObject.java:531)
	at com.sun.corba.ee.impl.io.IIOPInputStream.inputObjectField(IIOPInputStream.java:2162)
	at com.sun.corba.ee.impl.io.IIOPInputStream.inputClassFields(IIOPInputStream.java:2404)
	at com.sun.corba.ee.impl.io.IIOPInputStream.inputObject(IIOPInputStream.java:1224)
	at com.sun.corba.ee.impl.io.IIOPInputStream.simpleReadObject(IIOPInputStream.java:425)
	at com.sun.corba.ee.impl.io.ValueHandlerImpl.readValueInternal(ValueHandlerImpl.java:308)
	at com.sun.corba.ee.impl.io.ValueHandlerImpl.readValue(ValueHandlerImpl.java:274)
	at com.sun.corba.ee.impl.encoding.CDRInputStream_1_0.readRMIIIOPValueType(CDRInputStream_1_0.java:1015)
	at com.sun.corba.ee.impl.encoding.CDRInputStream_1_0.read_value(CDRInputStream_1_0.java:1123)
	at com.sun.corba.ee.impl.encoding.CDRInputObject.read_value(CDRInputObject.java:531)
	at com.sun.corba.ee.impl.io.IIOPInputStream.inputObjectField(IIOPInputStream.java:2162)
	at com.sun.corba.ee.impl.io.IIOPInputStream.inputClassFields(IIOPInputStream.java:2404)
	at com.sun.corba.ee.impl.io.IIOPInputStream.inputObject(IIOPInputStream.java:1224)
	at com.sun.corba.ee.impl.io.IIOPInputStream.simpleReadObject(IIOPInputStream.java:425)
	at com.sun.corba.ee.impl.io.ValueHandlerImpl.readValueInternal(ValueHandlerImpl.java:308)
	at com.sun.corba.ee.impl.io.ValueHandlerImpl.readValue(ValueHandlerImpl.java:274)
	at com.sun.corba.ee.impl.encoding.CDRInputStream_1_0.readRMIIIOPValueType(CDRInputStream_1_0.java:1015)
	at com.sun.corba.ee.impl.encoding.CDRInputStream_1_0.read_value(CDRInputStream_1_0.java:1123)
	at com.sun.corba.ee.impl.encoding.CDRInputStream_1_0.read_value(CDRInputStream_1_0.java:935)
	at com.sun.corba.ee.impl.encoding.CDRInputObject.read_value(CDRInputObject.java:525)
	at com.sun.corba.ee.impl.corba.TCUtility.unmarshalIn(TCUtility.java:289)
	at com.sun.corba.ee.impl.corba.AnyImpl.read_value(AnyImpl.java:605)
	at com.sun.corba.ee.impl.encoding.CDRInputStream_1_0.read_any(CDRInputStream_1_0.java:775)
	at com.sun.corba.ee.impl.encoding.CDRInputObject.read_any(CDRInputObject.java:482)
	at com.sun.corba.ee.impl.javax.rmi.CORBA.Util.readAny(Util.java:452)
	at com.sun.corba.ee.impl.presentation.rmi.DynamicMethodMarshallerImpl$10.read(DynamicMethodMarshallerImpl.java:299)
	at com.sun.corba.ee.impl.presentation.rmi.DynamicMethodMarshallerImpl.readResult(DynamicMethodMarshallerImpl.java:483)
	at com.sun.corba.ee.impl.presentation.rmi.StubInvocationHandlerImpl.privateInvoke(StubInvocationHandlerImpl.java:203)
	... 58 more
Caused by: java.lang.NullPointerException
	at com.sun.corba.ee.impl.orbutil.ClassInfoCache$ClassInfo.&lt;init&gt;(ClassInfoCache.java:156)
	at com.sun.corba.ee.impl.orbutil.ClassInfoCache.get(ClassInfoCache.java:281)
	at com.sun.corba.ee.impl.encoding.CDRInputStream_1_0.read_value(CDRInputStream_1_0.java:1097)
	at com.sun.corba.ee.impl.encoding.CDRInputStream_1_0.read_value(CDRInputStream_1_0.java:935)
	at com.sun.corba.ee.impl.encoding.CDRInputObject.read_value(CDRInputObject.java:525)
	at com.sun.corba.ee.impl.corba.TCUtility.unmarshalIn(TCUtility.java:289)
	at com.sun.corba.ee.impl.corba.AnyImpl.read_value(AnyImpl.java:605)
	at com.sun.corba.ee.impl.encoding.CDRInputStream_1_0.read_any(CDRInputStream_1_0.java:775)
	at com.sun.corba.ee.impl.encoding.CDRInputObject.read_any(CDRInputObject.java:482)
	at com.sun.corba.ee.impl.javax.rmi.CORBA.Util.readAny(Util.java:452)
	at com.sun.corba.ee.impl.io.ValueHandlerImpl.read_Array(ValueHandlerImpl.java:639)
	at com.sun.corba.ee.impl.io.ValueHandlerImpl.readValueInternal(ValueHandlerImpl.java:305)
	at com.sun.corba.ee.impl.io.ValueHandlerImpl.readValue(ValueHandlerImpl.java:274)
	at com.sun.corba.ee.impl.encoding.CDRInputStream_1_0.readRMIIIOPValueType(CDRInputStream_1_0.java:1015)
	... 87 more
</error>
    <system-err>Dec 30, 2014 11:07:49 AM com.sun.corba.ee.spi.orbutil.logex.WrapperGenerator handleFullLogging
WARNING: IOP00810011: Exception from readValue on ValueHandler in CDRInputStream
org.omg.CORBA.MARSHAL: WARNING: IOP00810011: Exception from readValue on ValueHandler in CDRInputStream  vmcid: OMG  minor code: 11 completed: Maybe
	at sun.reflect.NativeConstructorAccessorImpl.newInstance0(Native Method)
	at sun.reflect.NativeConstructorAccessorImpl.newInstance(NativeConstructorAccessorImpl.java:57)
	at sun.reflect.DelegatingConstructorAccessorImpl.newInstance(DelegatingConstructorAccessorImpl.java:45)
	at java.lang.reflect.Constructor.newInstance(Constructor.java:526)
	at com.sun.corba.ee.spi.orbutil.logex.corba.CorbaExtension.makeException(CorbaExtension.java:248)
	at com.sun.corba.ee.spi.orbutil.logex.corba.CorbaExtension.makeException(CorbaExtension.java:95)
	at com.sun.corba.ee.spi.orbutil.logex.WrapperGenerator.handleFullLogging(WrapperGenerator.java:387)
	at com.sun.corba.ee.spi.orbutil.logex.WrapperGenerator.access$400(WrapperGenerator.java:107)
	at com.sun.corba.ee.spi.orbutil.logex.WrapperGenerator$2.invoke(WrapperGenerator.java:511)
	at com.sun.corba.ee.spi.orbutil.proxy.CompositeInvocationHandlerImpl.invoke(CompositeInvocationHandlerImpl.java:99)
	at com.sun.proxy.$Proxy31.valuehandlerReadException(Unknown Source)
	at com.sun.corba.ee.impl.encoding.CDRInputStream_1_0.readRMIIIOPValueType(CDRInputStream_1_0.java:1022)
	at com.sun.corba.ee.impl.encoding.CDRInputStream_1_0.read_value(CDRInputStream_1_0.java:1123)
	at com.sun.corba.ee.impl.encoding.CDRInputObject.read_value(CDRInputObject.java:531)
	at com.sun.corba.ee.impl.io.IIOPInputStream.inputObjectField(IIOPInputStream.java:2162)
	at com.sun.corba.ee.impl.io.IIOPInputStream.inputClassFields(IIOPInputStream.java:2404)
	at com.sun.corba.ee.impl.io.IIOPInputStream.inputObject(IIOPInputStream.java:1224)
	at com.sun.corba.ee.impl.io.IIOPInputStream.simpleReadObject(IIOPInputStream.java:425)
	at com.sun.corba.ee.impl.io.ValueHandlerImpl.readValueInternal(ValueHandlerImpl.java:308)
	at com.sun.corba.ee.impl.io.ValueHandlerImpl.readValue(ValueHandlerImpl.java:274)
	at com.sun.corba.ee.impl.encoding.CDRInputStream_1_0.readRMIIIOPValueType(CDRInputStream_1_0.java:1015)
	at com.sun.corba.ee.impl.encoding.CDRInputStream_1_0.read_value(CDRInputStream_1_0.java:1123)
	at com.sun.corba.ee.impl.encoding.CDRInputObject.read_value(CDRInputObject.java:531)
	at com.sun.corba.ee.impl.io.IIOPInputStream.inputObjectField(IIOPInputStream.java:2162)
	at com.sun.corba.ee.impl.io.IIOPInputStream.inputClassFields(IIOPInputStream.java:2404)
	at com.sun.corba.ee.impl.io.IIOPInputStream.inputObject(IIOPInputStream.java:1224)
	at com.sun.corba.ee.impl.io.IIOPInputStream.simpleReadObject(IIOPInputStream.java:425)
	at com.sun.corba.ee.impl.io.ValueHandlerImpl.readValueInternal(ValueHandlerImpl.java:308)
	at com.sun.corba.ee.impl.io.ValueHandlerImpl.readValue(ValueHandlerImpl.java:274)
	at com.sun.corba.ee.impl.encoding.CDRInputStream_1_0.readRMIIIOPValueType(CDRInputStream_1_0.java:1015)
	at com.sun.corba.ee.impl.encoding.CDRInputStream_1_0.read_value(CDRInputStream_1_0.java:1123)
	at com.sun.corba.ee.impl.encoding.CDRInputStream_1_0.read_value(CDRInputStream_1_0.java:935)
	at com.sun.corba.ee.impl.encoding.CDRInputObject.read_value(CDRInputObject.java:525)
	at com.sun.corba.ee.impl.corba.TCUtility.unmarshalIn(TCUtility.java:289)
	at com.sun.corba.ee.impl.corba.AnyImpl.read_value(AnyImpl.java:605)
	at com.sun.corba.ee.impl.encoding.CDRInputStream_1_0.read_any(CDRInputStream_1_0.java:775)
	at com.sun.corba.ee.impl.encoding.CDRInputObject.read_any(CDRInputObject.java:482)
	at com.sun.corba.ee.impl.javax.rmi.CORBA.Util.readAny(Util.java:452)
	at com.sun.corba.ee.impl.presentation.rmi.DynamicMethodMarshallerImpl$10.read(DynamicMethodMarshallerImpl.java:299)
	at com.sun.corba.ee.impl.presentation.rmi.DynamicMethodMarshallerImpl.readResult(DynamicMethodMarshallerImpl.java:483)
	at com.sun.corba.ee.impl.presentation.rmi.StubInvocationHandlerImpl.privateInvoke(StubInvocationHandlerImpl.java:203)
	at com.sun.corba.ee.impl.presentation.rmi.StubInvocationHandlerImpl.invoke(StubInvocationHandlerImpl.java:152)
	at com.sun.corba.ee.impl.presentation.rmi.codegen.CodegenStubBase.invoke(CodegenStubBase.java:227)
	at com.sun.enterprise.naming.impl._SerialContextProvider_DynamicStub.lookup(com/sun/enterprise/naming/impl/_SerialContextProvider_DynamicStub.java)
	at com.sun.enterprise.naming.impl.SerialContext.lookup(SerialContext.java:505)
	at com.sun.enterprise.naming.impl.SerialContext.lookup(SerialContext.java:455)
	at javax.naming.InitialContext.lookup(InitialContext.java:411)
	at org.springframework.jndi.JndiTemplate$1.doInContext(JndiTemplate.java:154)
	at org.springframework.jndi.JndiTemplate.execute(JndiTemplate.java:87)
	at org.springframework.jndi.JndiTemplate.lookup(JndiTemplate.java:152)
	at org.springframework.jndi.JndiTemplate.lookup(JndiTemplate.java:178)
	at org.springframework.jndi.JndiLocatorSupport.lookup(JndiLocatorSupport.java:104)
	at org.springframework.jndi.JndiObjectLocator.lookup(JndiObjectLocator.java:105)
	at org.springframework.jndi.JndiObjectFactoryBean.lookupWithFallback(JndiObjectFactoryBean.java:201)
	at org.springframework.jndi.JndiObjectFactoryBean.afterPropertiesSet(JndiObjectFactoryBean.java:187)
	at org.springframework.beans.factory.support.AbstractAutowireCapableBeanFactory.invokeInitMethods(AbstractAutowireCapableBeanFactory.java:1541)
	at org.springframework.beans.factory.support.AbstractAutowireCapableBeanFactory.initializeBean(AbstractAutowireCapableBeanFactory.java:1479)
	at org.springframework.beans.factory.support.AbstractAutowireCapableBeanFactory.doCreateBean(AbstractAutowireCapableBeanFactory.java:521)
	at org.springframework.beans.factory.support.AbstractAutowireCapableBeanFactory.createBean(AbstractAutowireCapableBeanFactory.java:458)
	at org.springframework.beans.factory.support.AbstractBeanFactory$1.getObject(AbstractBeanFactory.java:295)
	at org.springframework.beans.factory.support.DefaultSingletonBeanRegistry.getSingleton(DefaultSingletonBeanRegistry.java:223)
	at org.springframework.beans.factory.support.AbstractBeanFactory.doGetBean(AbstractBeanFactory.java:292)
	at org.springframework.beans.factory.support.AbstractBeanFactory.getBean(AbstractBeanFactory.java:194)
	at org.springframework.beans.factory.support.DefaultListableBeanFactory.preInstantiateSingletons(DefaultListableBeanFactory.java:608)
	at org.springframework.context.support.AbstractApplicationContext.finishBeanFactoryInitialization(AbstractApplicationContext.java:932)
	at org.springframework.context.support.AbstractApplicationContext.refresh(AbstractApplicationContext.java:479)
	at org.springframework.context.support.ClassPathXmlApplicationContext.&lt;init&gt;(ClassPathXmlApplicationContext.java:139)
	at org.springframework.context.support.ClassPathXmlApplicationContext.&lt;init&gt;(ClassPathXmlApplicationContext.java:83)
	at com.bac.accountserviceapp.data.mysql.MysqlAccountServiceAppSpringAuthenticationTest.&lt;init&gt;(MysqlAccountServiceAppSpringAuthenticationTest.java:105)
	at sun.reflect.NativeConstructorAccessorImpl.newInstance0(Native Method)
	at sun.reflect.NativeConstructorAccessorImpl.newInstance(NativeConstructorAccessorImpl.java:57)
	at sun.reflect.DelegatingConstructorAccessorImpl.newInstance(DelegatingConstructorAccessorImpl.java:45)
	at java.lang.reflect.Constructor.newInstance(Constructor.java:526)
	at org.junit.runners.BlockJUnit4ClassRunner.createTest(BlockJUnit4ClassRunner.java:187)
	at org.junit.runners.BlockJUnit4ClassRunner$1.runReflectiveCall(BlockJUnit4ClassRunner.java:236)
	at org.junit.internal.runners.model.ReflectiveCallable.run(ReflectiveCallable.java:15)
	at org.junit.runners.BlockJUnit4ClassRunner.methodBlock(BlockJUnit4ClassRunner.java:233)
	at org.junit.runners.BlockJUnit4ClassRunner.runChild(BlockJUnit4ClassRunner.java:68)
	at org.junit.runners.BlockJUnit4ClassRunner.runChild(BlockJUnit4ClassRunner.java:47)
	at org.junit.runners.ParentRunner$3.run(ParentRunner.java:231)
	at org.junit.runners.ParentRunner$1.schedule(ParentRunner.java:60)
	at org.junit.runners.ParentRunner.runChildren(ParentRunner.java:229)
	at org.junit.runners.ParentRunner.access$000(ParentRunner.java:50)
	at org.junit.runners.ParentRunner$2.evaluate(ParentRunner.java:222)
	at org.junit.internal.runners.statements.RunBefores.evaluate(RunBefores.java:28)
	at org.junit.internal.runners.statements.RunAfters.evaluate(RunAfters.java:30)
	at org.junit.runners.ParentRunner.run(ParentRunner.java:300)
	at org.apache.maven.surefire.junit4.JUnit4TestSet.execute(JUnit4TestSet.java:53)
	at org.apache.maven.surefire.junit4.JUnit4Provider.executeTestSet(JUnit4Provider.java:123)
	at org.apache.maven.surefire.junit4.JUnit4Provider.invoke(JUnit4Provider.java:104)
	at sun.reflect.NativeMethodAccessorImpl.invoke0(Native Method)
	at sun.reflect.NativeMethodAccessorImpl.invoke(NativeMethodAccessorImpl.java:57)
	at sun.reflect.DelegatingMethodAccessorImpl.invoke(DelegatingMethodAccessorImpl.java:43)
	at java.lang.reflect.Method.invoke(Method.java:606)
	at org.apache.maven.surefire.util.ReflectionUtils.invokeMethodWithArray(ReflectionUtils.java:164)
	at org.apache.maven.surefire.booter.ProviderFactory$ProviderProxy.invoke(ProviderFactory.java:110)
	at org.apache.maven.surefire.booter.SurefireStarter.invokeProvider(SurefireStarter.java:175)
	at org.apache.maven.surefire.booter.SurefireStarter.runSuitesInProcessWhenForked(SurefireStarter.java:107)
	at org.apache.maven.surefire.booter.ForkedBooter.main(ForkedBooter.java:68)
Caused by: java.lang.NullPointerException
	at com.sun.corba.ee.impl.orbutil.ClassInfoCache$ClassInfo.&lt;init&gt;(ClassInfoCache.java:156)
	at com.sun.corba.ee.impl.orbutil.ClassInfoCache.get(ClassInfoCache.java:281)
	at com.sun.corba.ee.impl.encoding.CDRInputStream_1_0.read_value(CDRInputStream_1_0.java:1097)
	at com.sun.corba.ee.impl.encoding.CDRInputStream_1_0.read_value(CDRInputStream_1_0.java:935)
	at com.sun.corba.ee.impl.encoding.CDRInputObject.read_value(CDRInputObject.java:525)
	at com.sun.corba.ee.impl.corba.TCUtility.unmarshalIn(TCUtility.java:289)
	at com.sun.corba.ee.impl.corba.AnyImpl.read_value(AnyImpl.java:605)
	at com.sun.corba.ee.impl.encoding.CDRInputStream_1_0.read_any(CDRInputStream_1_0.java:775)
	at com.sun.corba.ee.impl.encoding.CDRInputObject.read_any(CDRInputObject.java:482)
	at com.sun.corba.ee.impl.javax.rmi.CORBA.Util.readAny(Util.java:452)
	at com.sun.corba.ee.impl.io.ValueHandlerImpl.read_Array(ValueHandlerImpl.java:639)
	at com.sun.corba.ee.impl.io.ValueHandlerImpl.readValueInternal(ValueHandlerImpl.java:305)
	at com.sun.corba.ee.impl.io.ValueHandlerImpl.readValue(ValueHandlerImpl.java:274)
	at com.sun.corba.ee.impl.encoding.CDRInputStream_1_0.readRMIIIOPValueType(CDRInputStream_1_0.java:1015)
	... 87 more

</system-err>
  </testcase>
  <testcase time="0.001" classname="com.bac.accountserviceapp.data.mysql.MysqlAccountServiceAppSpringAuthenticationTest" name="testAuthentication_InvalidPassword">
    <error message="Error creating bean with name &apos;dataSource&apos;: Invocation of init method failed; nested exception is javax.naming.CommunicationException: Communication exception for SerialContext[myEnv={java.naming.factory.state=com.sun.corba.ee.impl.presentation.rmi.JNDIStateFactoryImpl, java.naming.factory.url.pkgs=com.sun.enterprise.naming, java.naming.factory.initial=com.sun.enterprise.naming.SerialInitContextFactory} [Root exception is java.rmi.MarshalException: CORBA MARSHAL 1330446347 Maybe; nested exception is: 
	org.omg.CORBA.MARSHAL: WARNING: IOP00810011: Exception from readValue on ValueHandler in CDRInputStream  vmcid: OMG  minor code: 11 completed: Maybe]" type="org.springframework.beans.factory.BeanCreationException">org.springframework.beans.factory.BeanCreationException: Error creating bean with name &apos;dataSource&apos;: Invocation of init method failed; nested exception is javax.naming.CommunicationException: Communication exception for SerialContext[myEnv={java.naming.factory.state=com.sun.corba.ee.impl.presentation.rmi.JNDIStateFactoryImpl, java.naming.factory.url.pkgs=com.sun.enterprise.naming, java.naming.factory.initial=com.sun.enterprise.naming.SerialInitContextFactory} [Root exception is java.rmi.MarshalException: CORBA MARSHAL 1330446347 Maybe; nested exception is: 
	org.omg.CORBA.MARSHAL: WARNING: IOP00810011: Exception from readValue on ValueHandler in CDRInputStream  vmcid: OMG  minor code: 11 completed: Maybe]
	at org.springframework.beans.factory.support.AbstractAutowireCapableBeanFactory.initializeBean(AbstractAutowireCapableBeanFactory.java:1482)
	at org.springframework.beans.factory.support.AbstractAutowireCapableBeanFactory.doCreateBean(AbstractAutowireCapableBeanFactory.java:521)
	at org.springframework.beans.factory.support.AbstractAutowireCapableBeanFactory.createBean(AbstractAutowireCapableBeanFactory.java:458)
	at org.springframework.beans.factory.support.AbstractBeanFactory$1.getObject(AbstractBeanFactory.java:295)
	at org.springframework.beans.factory.support.DefaultSingletonBeanRegistry.getSingleton(DefaultSingletonBeanRegistry.java:223)
	at org.springframework.beans.factory.support.AbstractBeanFactory.doGetBean(AbstractBeanFactory.java:292)
	at org.springframework.beans.factory.support.AbstractBeanFactory.getBean(AbstractBeanFactory.java:194)
	at org.springframework.beans.factory.support.DefaultListableBeanFactory.preInstantiateSingletons(DefaultListableBeanFactory.java:608)
	at org.springframework.context.support.AbstractApplicationContext.finishBeanFactoryInitialization(AbstractApplicationContext.java:932)
	at org.springframework.context.support.AbstractApplicationContext.refresh(AbstractApplicationContext.java:479)
	at org.springframework.context.support.ClassPathXmlApplicationContext.&lt;init&gt;(ClassPathXmlApplicationContext.java:139)
	at org.springframework.context.support.ClassPathXmlApplicationContext.&lt;init&gt;(ClassPathXmlApplicationContext.java:83)
	at com.bac.accountserviceapp.data.mysql.MysqlAccountServiceAppSpringAuthenticationTest.&lt;init&gt;(MysqlAccountServiceAppSpringAuthenticationTest.java:105)
	at sun.reflect.NativeConstructorAccessorImpl.newInstance0(Native Method)
	at sun.reflect.NativeConstructorAccessorImpl.newInstance(NativeConstructorAccessorImpl.java:57)
	at sun.reflect.DelegatingConstructorAccessorImpl.newInstance(DelegatingConstructorAccessorImpl.java:45)
	at java.lang.reflect.Constructor.newInstance(Constructor.java:526)
	at org.junit.runners.BlockJUnit4ClassRunner.createTest(BlockJUnit4ClassRunner.java:187)
	at org.junit.runners.BlockJUnit4ClassRunner$1.runReflectiveCall(BlockJUnit4ClassRunner.java:236)
	at org.junit.internal.runners.model.ReflectiveCallable.run(ReflectiveCallable.java:15)
	at org.junit.runners.BlockJUnit4ClassRunner.methodBlock(BlockJUnit4ClassRunner.java:233)
	at org.junit.runners.BlockJUnit4ClassRunner.runChild(BlockJUnit4ClassRunner.java:68)
	at org.junit.runners.BlockJUnit4ClassRunner.runChild(BlockJUnit4ClassRunner.java:47)
	at org.junit.runners.ParentRunner$3.run(ParentRunner.java:231)
	at org.junit.runners.ParentRunner$1.schedule(ParentRunner.java:60)
	at org.junit.runners.ParentRunner.runChildren(ParentRunner.java:229)
	at org.junit.runners.ParentRunner.access$000(ParentRunner.java:50)
	at org.junit.runners.ParentRunner$2.evaluate(ParentRunner.java:222)
	at org.junit.internal.runners.statements.RunBefores.evaluate(RunBefores.java:28)
	at org.junit.internal.runners.statements.RunAfters.evaluate(RunAfters.java:30)
	at org.junit.runners.ParentRunner.run(ParentRunner.java:300)
	at org.apache.maven.surefire.junit4.JUnit4TestSet.execute(JUnit4TestSet.java:53)
	at org.apache.maven.surefire.junit4.JUnit4Provider.executeTestSet(JUnit4Provider.java:123)
	at org.apache.maven.surefire.junit4.JUnit4Provider.invoke(JUnit4Provider.java:104)
	at sun.reflect.NativeMethodAccessorImpl.invoke0(Native Method)
	at sun.reflect.NativeMethodAccessorImpl.invoke(NativeMethodAccessorImpl.java:57)
	at sun.reflect.DelegatingMethodAccessorImpl.invoke(DelegatingMethodAccessorImpl.java:43)
	at java.lang.reflect.Method.invoke(Method.java:606)
	at org.apache.maven.surefire.util.ReflectionUtils.invokeMethodWithArray(ReflectionUtils.java:164)
	at org.apache.maven.surefire.booter.ProviderFactory$ProviderProxy.invoke(ProviderFactory.java:110)
	at org.apache.maven.surefire.booter.SurefireStarter.invokeProvider(SurefireStarter.java:175)
	at org.apache.maven.surefire.booter.SurefireStarter.runSuitesInProcessWhenForked(SurefireStarter.java:107)
	at org.apache.maven.surefire.booter.ForkedBooter.main(ForkedBooter.java:68)
Caused by: javax.naming.CommunicationException: Communication exception for SerialContext[myEnv={java.naming.factory.state=com.sun.corba.ee.impl.presentation.rmi.JNDIStateFactoryImpl, java.naming.factory.url.pkgs=com.sun.enterprise.naming, java.naming.factory.initial=com.sun.enterprise.naming.SerialInitContextFactory} [Root exception is java.rmi.MarshalException: CORBA MARSHAL 1330446347 Maybe; nested exception is: 
	org.omg.CORBA.MARSHAL: WARNING: IOP00810011: Exception from readValue on ValueHandler in CDRInputStream  vmcid: OMG  minor code: 11 completed: Maybe]
	at com.sun.enterprise.naming.impl.SerialContext.lookup(SerialContext.java:542)
	at com.sun.enterprise.naming.impl.SerialContext.lookup(SerialContext.java:455)
	at javax.naming.InitialContext.lookup(InitialContext.java:411)
	at org.springframework.jndi.JndiTemplate$1.doInContext(JndiTemplate.java:154)
	at org.springframework.jndi.JndiTemplate.execute(JndiTemplate.java:87)
	at org.springframework.jndi.JndiTemplate.lookup(JndiTemplate.java:152)
	at org.springframework.jndi.JndiTemplate.lookup(JndiTemplate.java:178)
	at org.springframework.jndi.JndiLocatorSupport.lookup(JndiLocatorSupport.java:104)
	at org.springframework.jndi.JndiObjectLocator.lookup(JndiObjectLocator.java:105)
	at org.springframework.jndi.JndiObjectFactoryBean.lookupWithFallback(JndiObjectFactoryBean.java:201)
	at org.springframework.jndi.JndiObjectFactoryBean.afterPropertiesSet(JndiObjectFactoryBean.java:187)
	at org.springframework.beans.factory.support.AbstractAutowireCapableBeanFactory.invokeInitMethods(AbstractAutowireCapableBeanFactory.java:1541)
	at org.springframework.beans.factory.support.AbstractAutowireCapableBeanFactory.initializeBean(AbstractAutowireCapableBeanFactory.java:1479)
	... 42 more
Caused by: java.rmi.MarshalException: CORBA MARSHAL 1330446347 Maybe; nested exception is: 
	org.omg.CORBA.MARSHAL: WARNING: IOP00810011: Exception from readValue on ValueHandler in CDRInputStream  vmcid: OMG  minor code: 11 completed: Maybe
	at com.sun.corba.ee.impl.javax.rmi.CORBA.Util.mapSystemException(Util.java:267)
	at com.sun.corba.ee.impl.presentation.rmi.StubInvocationHandlerImpl.privateInvoke(StubInvocationHandlerImpl.java:213)
	at com.sun.corba.ee.impl.presentation.rmi.StubInvocationHandlerImpl.invoke(StubInvocationHandlerImpl.java:152)
	at com.sun.corba.ee.impl.presentation.rmi.codegen.CodegenStubBase.invoke(CodegenStubBase.java:227)
	at com.sun.enterprise.naming.impl._SerialContextProvider_DynamicStub.lookup(com/sun/enterprise/naming/impl/_SerialContextProvider_DynamicStub.java)
	at com.sun.enterprise.naming.impl.SerialContext.lookup(SerialContext.java:505)
	... 54 more
Caused by: org.omg.CORBA.MARSHAL: WARNING: IOP00810011: Exception from readValue on ValueHandler in CDRInputStream  vmcid: OMG  minor code: 11 completed: Maybe
	at sun.reflect.NativeConstructorAccessorImpl.newInstance0(Native Method)
	at sun.reflect.NativeConstructorAccessorImpl.newInstance(NativeConstructorAccessorImpl.java:57)
	at sun.reflect.DelegatingConstructorAccessorImpl.newInstance(DelegatingConstructorAccessorImpl.java:45)
	at java.lang.reflect.Constructor.newInstance(Constructor.java:526)
	at com.sun.corba.ee.spi.orbutil.logex.corba.CorbaExtension.makeException(CorbaExtension.java:248)
	at com.sun.corba.ee.spi.orbutil.logex.corba.CorbaExtension.makeException(CorbaExtension.java:95)
	at com.sun.corba.ee.spi.orbutil.logex.WrapperGenerator.handleFullLogging(WrapperGenerator.java:387)
	at com.sun.corba.ee.spi.orbutil.logex.WrapperGenerator.access$400(WrapperGenerator.java:107)
	at com.sun.corba.ee.spi.orbutil.logex.WrapperGenerator$2.invoke(WrapperGenerator.java:511)
	at com.sun.corba.ee.spi.orbutil.proxy.CompositeInvocationHandlerImpl.invoke(CompositeInvocationHandlerImpl.java:99)
	at com.sun.proxy.$Proxy31.valuehandlerReadException(Unknown Source)
	at com.sun.corba.ee.impl.encoding.CDRInputStream_1_0.readRMIIIOPValueType(CDRInputStream_1_0.java:1022)
	at com.sun.corba.ee.impl.encoding.CDRInputStream_1_0.read_value(CDRInputStream_1_0.java:1123)
	at com.sun.corba.ee.impl.encoding.CDRInputObject.read_value(CDRInputObject.java:531)
	at com.sun.corba.ee.impl.io.IIOPInputStream.inputObjectField(IIOPInputStream.java:2162)
	at com.sun.corba.ee.impl.io.IIOPInputStream.inputClassFields(IIOPInputStream.java:2404)
	at com.sun.corba.ee.impl.io.IIOPInputStream.inputObject(IIOPInputStream.java:1224)
	at com.sun.corba.ee.impl.io.IIOPInputStream.simpleReadObject(IIOPInputStream.java:425)
	at com.sun.corba.ee.impl.io.ValueHandlerImpl.readValueInternal(ValueHandlerImpl.java:308)
	at com.sun.corba.ee.impl.io.ValueHandlerImpl.readValue(ValueHandlerImpl.java:274)
	at com.sun.corba.ee.impl.encoding.CDRInputStream_1_0.readRMIIIOPValueType(CDRInputStream_1_0.java:1015)
	at com.sun.corba.ee.impl.encoding.CDRInputStream_1_0.read_value(CDRInputStream_1_0.java:1123)
	at com.sun.corba.ee.impl.encoding.CDRInputObject.read_value(CDRInputObject.java:531)
	at com.sun.corba.ee.impl.io.IIOPInputStream.inputObjectField(IIOPInputStream.java:2162)
	at com.sun.corba.ee.impl.io.IIOPInputStream.inputClassFields(IIOPInputStream.java:2404)
	at com.sun.corba.ee.impl.io.IIOPInputStream.inputObject(IIOPInputStream.java:1224)
	at com.sun.corba.ee.impl.io.IIOPInputStream.simpleReadObject(IIOPInputStream.java:425)
	at com.sun.corba.ee.impl.io.ValueHandlerImpl.readValueInternal(ValueHandlerImpl.java:308)
	at com.sun.corba.ee.impl.io.ValueHandlerImpl.readValue(ValueHandlerImpl.java:274)
	at com.sun.corba.ee.impl.encoding.CDRInputStream_1_0.readRMIIIOPValueType(CDRInputStream_1_0.java:1015)
	at com.sun.corba.ee.impl.encoding.CDRInputStream_1_0.read_value(CDRInputStream_1_0.java:1123)
	at com.sun.corba.ee.impl.encoding.CDRInputStream_1_0.read_value(CDRInputStream_1_0.java:935)
	at com.sun.corba.ee.impl.encoding.CDRInputObject.read_value(CDRInputObject.java:525)
	at com.sun.corba.ee.impl.corba.TCUtility.unmarshalIn(TCUtility.java:289)
	at com.sun.corba.ee.impl.corba.AnyImpl.read_value(AnyImpl.java:605)
	at com.sun.corba.ee.impl.encoding.CDRInputStream_1_0.read_any(CDRInputStream_1_0.java:775)
	at com.sun.corba.ee.impl.encoding.CDRInputObject.read_any(CDRInputObject.java:482)
	at com.sun.corba.ee.impl.javax.rmi.CORBA.Util.readAny(Util.java:452)
	at com.sun.corba.ee.impl.presentation.rmi.DynamicMethodMarshallerImpl$10.read(DynamicMethodMarshallerImpl.java:299)
	at com.sun.corba.ee.impl.presentation.rmi.DynamicMethodMarshallerImpl.readResult(DynamicMethodMarshallerImpl.java:483)
	at com.sun.corba.ee.impl.presentation.rmi.StubInvocationHandlerImpl.privateInvoke(StubInvocationHandlerImpl.java:203)
	... 58 more
Caused by: java.lang.NullPointerException
	at com.sun.corba.ee.impl.orbutil.ClassInfoCache$ClassInfo.&lt;init&gt;(ClassInfoCache.java:156)
	at com.sun.corba.ee.impl.orbutil.ClassInfoCache.get(ClassInfoCache.java:281)
	at com.sun.corba.ee.impl.encoding.CDRInputStream_1_0.read_value(CDRInputStream_1_0.java:1097)
	at com.sun.corba.ee.impl.encoding.CDRInputStream_1_0.read_value(CDRInputStream_1_0.java:935)
	at com.sun.corba.ee.impl.encoding.CDRInputObject.read_value(CDRInputObject.java:525)
	at com.sun.corba.ee.impl.corba.TCUtility.unmarshalIn(TCUtility.java:289)
	at com.sun.corba.ee.impl.corba.AnyImpl.read_value(AnyImpl.java:605)
	at com.sun.corba.ee.impl.encoding.CDRInputStream_1_0.read_any(CDRInputStream_1_0.java:775)
	at com.sun.corba.ee.impl.encoding.CDRInputObject.read_any(CDRInputObject.java:482)
	at com.sun.corba.ee.impl.javax.rmi.CORBA.Util.readAny(Util.java:452)
	at com.sun.corba.ee.impl.io.ValueHandlerImpl.read_Array(ValueHandlerImpl.java:639)
	at com.sun.corba.ee.impl.io.ValueHandlerImpl.readValueInternal(ValueHandlerImpl.java:305)
	at com.sun.corba.ee.impl.io.ValueHandlerImpl.readValue(ValueHandlerImpl.java:274)
	at com.sun.corba.ee.impl.encoding.CDRInputStream_1_0.readRMIIIOPValueType(CDRInputStream_1_0.java:1015)
	... 87 more
</error>
    <system-err>Dec 30, 2014 11:07:49 AM com.sun.corba.ee.spi.orbutil.logex.WrapperGenerator handleFullLogging
WARNING: IOP00810011: Exception from readValue on ValueHandler in CDRInputStream
org.omg.CORBA.MARSHAL: WARNING: IOP00810011: Exception from readValue on ValueHandler in CDRInputStream  vmcid: OMG  minor code: 11 completed: Maybe
	at sun.reflect.NativeConstructorAccessorImpl.newInstance0(Native Method)
	at sun.reflect.NativeConstructorAccessorImpl.newInstance(NativeConstructorAccessorImpl.java:57)
	at sun.reflect.DelegatingConstructorAccessorImpl.newInstance(DelegatingConstructorAccessorImpl.java:45)
	at java.lang.reflect.Constructor.newInstance(Constructor.java:526)
	at com.sun.corba.ee.spi.orbutil.logex.corba.CorbaExtension.makeException(CorbaExtension.java:248)
	at com.sun.corba.ee.spi.orbutil.logex.corba.CorbaExtension.makeException(CorbaExtension.java:95)
	at com.sun.corba.ee.spi.orbutil.logex.WrapperGenerator.handleFullLogging(WrapperGenerator.java:387)
	at com.sun.corba.ee.spi.orbutil.logex.WrapperGenerator.access$400(WrapperGenerator.java:107)
	at com.sun.corba.ee.spi.orbutil.logex.WrapperGenerator$2.invoke(WrapperGenerator.java:511)
	at com.sun.corba.ee.spi.orbutil.proxy.CompositeInvocationHandlerImpl.invoke(CompositeInvocationHandlerImpl.java:99)
	at com.sun.proxy.$Proxy31.valuehandlerReadException(Unknown Source)
	at com.sun.corba.ee.impl.encoding.CDRInputStream_1_0.readRMIIIOPValueType(CDRInputStream_1_0.java:1022)
	at com.sun.corba.ee.impl.encoding.CDRInputStream_1_0.read_value(CDRInputStream_1_0.java:1123)
	at com.sun.corba.ee.impl.encoding.CDRInputObject.read_value(CDRInputObject.java:531)
	at com.sun.corba.ee.impl.io.IIOPInputStream.inputObjectField(IIOPInputStream.java:2162)
	at com.sun.corba.ee.impl.io.IIOPInputStream.inputClassFields(IIOPInputStream.java:2404)
	at com.sun.corba.ee.impl.io.IIOPInputStream.inputObject(IIOPInputStream.java:1224)
	at com.sun.corba.ee.impl.io.IIOPInputStream.simpleReadObject(IIOPInputStream.java:425)
	at com.sun.corba.ee.impl.io.ValueHandlerImpl.readValueInternal(ValueHandlerImpl.java:308)
	at com.sun.corba.ee.impl.io.ValueHandlerImpl.readValue(ValueHandlerImpl.java:274)
	at com.sun.corba.ee.impl.encoding.CDRInputStream_1_0.readRMIIIOPValueType(CDRInputStream_1_0.java:1015)
	at com.sun.corba.ee.impl.encoding.CDRInputStream_1_0.read_value(CDRInputStream_1_0.java:1123)
	at com.sun.corba.ee.impl.encoding.CDRInputObject.read_value(CDRInputObject.java:531)
	at com.sun.corba.ee.impl.io.IIOPInputStream.inputObjectField(IIOPInputStream.java:2162)
	at com.sun.corba.ee.impl.io.IIOPInputStream.inputClassFields(IIOPInputStream.java:2404)
	at com.sun.corba.ee.impl.io.IIOPInputStream.inputObject(IIOPInputStream.java:1224)
	at com.sun.corba.ee.impl.io.IIOPInputStream.simpleReadObject(IIOPInputStream.java:425)
	at com.sun.corba.ee.impl.io.ValueHandlerImpl.readValueInternal(ValueHandlerImpl.java:308)
	at com.sun.corba.ee.impl.io.ValueHandlerImpl.readValue(ValueHandlerImpl.java:274)
	at com.sun.corba.ee.impl.encoding.CDRInputStream_1_0.readRMIIIOPValueType(CDRInputStream_1_0.java:1015)
	at com.sun.corba.ee.impl.encoding.CDRInputStream_1_0.read_value(CDRInputStream_1_0.java:1123)
	at com.sun.corba.ee.impl.encoding.CDRInputStream_1_0.read_value(CDRInputStream_1_0.java:935)
	at com.sun.corba.ee.impl.encoding.CDRInputObject.read_value(CDRInputObject.java:525)
	at com.sun.corba.ee.impl.corba.TCUtility.unmarshalIn(TCUtility.java:289)
	at com.sun.corba.ee.impl.corba.AnyImpl.read_value(AnyImpl.java:605)
	at com.sun.corba.ee.impl.encoding.CDRInputStream_1_0.read_any(CDRInputStream_1_0.java:775)
	at com.sun.corba.ee.impl.encoding.CDRInputObject.read_any(CDRInputObject.java:482)
	at com.sun.corba.ee.impl.javax.rmi.CORBA.Util.readAny(Util.java:452)
	at com.sun.corba.ee.impl.presentation.rmi.DynamicMethodMarshallerImpl$10.read(DynamicMethodMarshallerImpl.java:299)
	at com.sun.corba.ee.impl.presentation.rmi.DynamicMethodMarshallerImpl.readResult(DynamicMethodMarshallerImpl.java:483)
	at com.sun.corba.ee.impl.presentation.rmi.StubInvocationHandlerImpl.privateInvoke(StubInvocationHandlerImpl.java:203)
	at com.sun.corba.ee.impl.presentation.rmi.StubInvocationHandlerImpl.invoke(StubInvocationHandlerImpl.java:152)
	at com.sun.corba.ee.impl.presentation.rmi.codegen.CodegenStubBase.invoke(CodegenStubBase.java:227)
	at com.sun.enterprise.naming.impl._SerialContextProvider_DynamicStub.lookup(com/sun/enterprise/naming/impl/_SerialContextProvider_DynamicStub.java)
	at com.sun.enterprise.naming.impl.SerialContext.lookup(SerialContext.java:505)
	at com.sun.enterprise.naming.impl.SerialContext.lookup(SerialContext.java:455)
	at javax.naming.InitialContext.lookup(InitialContext.java:411)
	at org.springframework.jndi.JndiTemplate$1.doInContext(JndiTemplate.java:154)
	at org.springframework.jndi.JndiTemplate.execute(JndiTemplate.java:87)
	at org.springframework.jndi.JndiTemplate.lookup(JndiTemplate.java:152)
	at org.springframework.jndi.JndiTemplate.lookup(JndiTemplate.java:178)
	at org.springframework.jndi.JndiLocatorSupport.lookup(JndiLocatorSupport.java:104)
	at org.springframework.jndi.JndiObjectLocator.lookup(JndiObjectLocator.java:105)
	at org.springframework.jndi.JndiObjectFactoryBean.lookupWithFallback(JndiObjectFactoryBean.java:201)
	at org.springframework.jndi.JndiObjectFactoryBean.afterPropertiesSet(JndiObjectFactoryBean.java:187)
	at org.springframework.beans.factory.support.AbstractAutowireCapableBeanFactory.invokeInitMethods(AbstractAutowireCapableBeanFactory.java:1541)
	at org.springframework.beans.factory.support.AbstractAutowireCapableBeanFactory.initializeBean(AbstractAutowireCapableBeanFactory.java:1479)
	at org.springframework.beans.factory.support.AbstractAutowireCapableBeanFactory.doCreateBean(AbstractAutowireCapableBeanFactory.java:521)
	at org.springframework.beans.factory.support.AbstractAutowireCapableBeanFactory.createBean(AbstractAutowireCapableBeanFactory.java:458)
	at org.springframework.beans.factory.support.AbstractBeanFactory$1.getObject(AbstractBeanFactory.java:295)
	at org.springframework.beans.factory.support.DefaultSingletonBeanRegistry.getSingleton(DefaultSingletonBeanRegistry.java:223)
	at org.springframework.beans.factory.support.AbstractBeanFactory.doGetBean(AbstractBeanFactory.java:292)
	at org.springframework.beans.factory.support.AbstractBeanFactory.getBean(AbstractBeanFactory.java:194)
	at org.springframework.beans.factory.support.DefaultListableBeanFactory.preInstantiateSingletons(DefaultListableBeanFactory.java:608)
	at org.springframework.context.support.AbstractApplicationContext.finishBeanFactoryInitialization(AbstractApplicationContext.java:932)
	at org.springframework.context.support.AbstractApplicationContext.refresh(AbstractApplicationContext.java:479)
	at org.springframework.context.support.ClassPathXmlApplicationContext.&lt;init&gt;(ClassPathXmlApplicationContext.java:139)
	at org.springframework.context.support.ClassPathXmlApplicationContext.&lt;init&gt;(ClassPathXmlApplicationContext.java:83)
	at com.bac.accountserviceapp.data.mysql.MysqlAccountServiceAppSpringAuthenticationTest.&lt;init&gt;(MysqlAccountServiceAppSpringAuthenticationTest.java:105)
	at sun.reflect.NativeConstructorAccessorImpl.newInstance0(Native Method)
	at sun.reflect.NativeConstructorAccessorImpl.newInstance(NativeConstructorAccessorImpl.java:57)
	at sun.reflect.DelegatingConstructorAccessorImpl.newInstance(DelegatingConstructorAccessorImpl.java:45)
	at java.lang.reflect.Constructor.newInstance(Constructor.java:526)
	at org.junit.runners.BlockJUnit4ClassRunner.createTest(BlockJUnit4ClassRunner.java:187)
	at org.junit.runners.BlockJUnit4ClassRunner$1.runReflectiveCall(BlockJUnit4ClassRunner.java:236)
	at org.junit.internal.runners.model.ReflectiveCallable.run(ReflectiveCallable.java:15)
	at org.junit.runners.BlockJUnit4ClassRunner.methodBlock(BlockJUnit4ClassRunner.java:233)
	at org.junit.runners.BlockJUnit4ClassRunner.runChild(BlockJUnit4ClassRunner.java:68)
	at org.junit.runners.BlockJUnit4ClassRunner.runChild(BlockJUnit4ClassRunner.java:47)
	at org.junit.runners.ParentRunner$3.run(ParentRunner.java:231)
	at org.junit.runners.ParentRunner$1.schedule(ParentRunner.java:60)
	at org.junit.runners.ParentRunner.runChildren(ParentRunner.java:229)
	at org.junit.runners.ParentRunner.access$000(ParentRunner.java:50)
	at org.junit.runners.ParentRunner$2.evaluate(ParentRunner.java:222)
	at org.junit.internal.runners.statements.RunBefores.evaluate(RunBefores.java:28)
	at org.junit.internal.runners.statements.RunAfters.evaluate(RunAfters.java:30)
	at org.junit.runners.ParentRunner.run(ParentRunner.java:300)
	at org.apache.maven.surefire.junit4.JUnit4TestSet.execute(JUnit4TestSet.java:53)
	at org.apache.maven.surefire.junit4.JUnit4Provider.executeTestSet(JUnit4Provider.java:123)
	at org.apache.maven.surefire.junit4.JUnit4Provider.invoke(JUnit4Provider.java:104)
	at sun.reflect.NativeMethodAccessorImpl.invoke0(Native Method)
	at sun.reflect.NativeMethodAccessorImpl.invoke(NativeMethodAccessorImpl.java:57)
	at sun.reflect.DelegatingMethodAccessorImpl.invoke(DelegatingMethodAccessorImpl.java:43)
	at java.lang.reflect.Method.invoke(Method.java:606)
	at org.apache.maven.surefire.util.ReflectionUtils.invokeMethodWithArray(ReflectionUtils.java:164)
	at org.apache.maven.surefire.booter.ProviderFactory$ProviderProxy.invoke(ProviderFactory.java:110)
	at org.apache.maven.surefire.booter.SurefireStarter.invokeProvider(SurefireStarter.java:175)
	at org.apache.maven.surefire.booter.SurefireStarter.runSuitesInProcessWhenForked(SurefireStarter.java:107)
	at org.apache.maven.surefire.booter.ForkedBooter.main(ForkedBooter.java:68)
Caused by: java.lang.NullPointerException
	at com.sun.corba.ee.impl.orbutil.ClassInfoCache$ClassInfo.&lt;init&gt;(ClassInfoCache.java:156)
	at com.sun.corba.ee.impl.orbutil.ClassInfoCache.get(ClassInfoCache.java:281)
	at com.sun.corba.ee.impl.encoding.CDRInputStream_1_0.read_value(CDRInputStream_1_0.java:1097)
	at com.sun.corba.ee.impl.encoding.CDRInputStream_1_0.read_value(CDRInputStream_1_0.java:935)
	at com.sun.corba.ee.impl.encoding.CDRInputObject.read_value(CDRInputObject.java:525)
	at com.sun.corba.ee.impl.corba.TCUtility.unmarshalIn(TCUtility.java:289)
	at com.sun.corba.ee.impl.corba.AnyImpl.read_value(AnyImpl.java:605)
	at com.sun.corba.ee.impl.encoding.CDRInputStream_1_0.read_any(CDRInputStream_1_0.java:775)
	at com.sun.corba.ee.impl.encoding.CDRInputObject.read_any(CDRInputObject.java:482)
	at com.sun.corba.ee.impl.javax.rmi.CORBA.Util.readAny(Util.java:452)
	at com.sun.corba.ee.impl.io.ValueHandlerImpl.read_Array(ValueHandlerImpl.java:639)
	at com.sun.corba.ee.impl.io.ValueHandlerImpl.readValueInternal(ValueHandlerImpl.java:305)
	at com.sun.corba.ee.impl.io.ValueHandlerImpl.readValue(ValueHandlerImpl.java:274)
	at com.sun.corba.ee.impl.encoding.CDRInputStream_1_0.readRMIIIOPValueType(CDRInputStream_1_0.java:1015)
	... 87 more

</system-err>
  </testcase>
  <testcase time="0.003" classname="com.bac.accountserviceapp.data.mysql.MysqlAccountServiceAppSpringAuthenticationTest" name="testAuthentication_NoUserAccount">
    <error message="Error creating bean with name &apos;dataSource&apos;: Invocation of init method failed; nested exception is javax.naming.CommunicationException: Communication exception for SerialContext[myEnv={java.naming.factory.state=com.sun.corba.ee.impl.presentation.rmi.JNDIStateFactoryImpl, java.naming.factory.url.pkgs=com.sun.enterprise.naming, java.naming.factory.initial=com.sun.enterprise.naming.SerialInitContextFactory} [Root exception is java.rmi.MarshalException: CORBA MARSHAL 1330446347 Maybe; nested exception is: 
	org.omg.CORBA.MARSHAL: WARNING: IOP00810011: Exception from readValue on ValueHandler in CDRInputStream  vmcid: OMG  minor code: 11 completed: Maybe]" type="org.springframework.beans.factory.BeanCreationException">org.springframework.beans.factory.BeanCreationException: Error creating bean with name &apos;dataSource&apos;: Invocation of init method failed; nested exception is javax.naming.CommunicationException: Communication exception for SerialContext[myEnv={java.naming.factory.state=com.sun.corba.ee.impl.presentation.rmi.JNDIStateFactoryImpl, java.naming.factory.url.pkgs=com.sun.enterprise.naming, java.naming.factory.initial=com.sun.enterprise.naming.SerialInitContextFactory} [Root exception is java.rmi.MarshalException: CORBA MARSHAL 1330446347 Maybe; nested exception is: 
	org.omg.CORBA.MARSHAL: WARNING: IOP00810011: Exception from readValue on ValueHandler in CDRInputStream  vmcid: OMG  minor code: 11 completed: Maybe]
	at org.springframework.beans.factory.support.AbstractAutowireCapableBeanFactory.initializeBean(AbstractAutowireCapableBeanFactory.java:1482)
	at org.springframework.beans.factory.support.AbstractAutowireCapableBeanFactory.doCreateBean(AbstractAutowireCapableBeanFactory.java:521)
	at org.springframework.beans.factory.support.AbstractAutowireCapableBeanFactory.createBean(AbstractAutowireCapableBeanFactory.java:458)
	at org.springframework.beans.factory.support.AbstractBeanFactory$1.getObject(AbstractBeanFactory.java:295)
	at org.springframework.beans.factory.support.DefaultSingletonBeanRegistry.getSingleton(DefaultSingletonBeanRegistry.java:223)
	at org.springframework.beans.factory.support.AbstractBeanFactory.doGetBean(AbstractBeanFactory.java:292)
	at org.springframework.beans.factory.support.AbstractBeanFactory.getBean(AbstractBeanFactory.java:194)
	at org.springframework.beans.factory.support.DefaultListableBeanFactory.preInstantiateSingletons(DefaultListableBeanFactory.java:608)
	at org.springframework.context.support.AbstractApplicationContext.finishBeanFactoryInitialization(AbstractApplicationContext.java:932)
	at org.springframework.context.support.AbstractApplicationContext.refresh(AbstractApplicationContext.java:479)
	at org.springframework.context.support.ClassPathXmlApplicationContext.&lt;init&gt;(ClassPathXmlApplicationContext.java:139)
	at org.springframework.context.support.ClassPathXmlApplicationContext.&lt;init&gt;(ClassPathXmlApplicationContext.java:83)
	at com.bac.accountserviceapp.data.mysql.MysqlAccountServiceAppSpringAuthenticationTest.&lt;init&gt;(MysqlAccountServiceAppSpringAuthenticationTest.java:105)
	at sun.reflect.NativeConstructorAccessorImpl.newInstance0(Native Method)
	at sun.reflect.NativeConstructorAccessorImpl.newInstance(NativeConstructorAccessorImpl.java:57)
	at sun.reflect.DelegatingConstructorAccessorImpl.newInstance(DelegatingConstructorAccessorImpl.java:45)
	at java.lang.reflect.Constructor.newInstance(Constructor.java:526)
	at org.junit.runners.BlockJUnit4ClassRunner.createTest(BlockJUnit4ClassRunner.java:187)
	at org.junit.runners.BlockJUnit4ClassRunner$1.runReflectiveCall(BlockJUnit4ClassRunner.java:236)
	at org.junit.internal.runners.model.ReflectiveCallable.run(ReflectiveCallable.java:15)
	at org.junit.runners.BlockJUnit4ClassRunner.methodBlock(BlockJUnit4ClassRunner.java:233)
	at org.junit.runners.BlockJUnit4ClassRunner.runChild(BlockJUnit4ClassRunner.java:68)
	at org.junit.runners.BlockJUnit4ClassRunner.runChild(BlockJUnit4ClassRunner.java:47)
	at org.junit.runners.ParentRunner$3.run(ParentRunner.java:231)
	at org.junit.runners.ParentRunner$1.schedule(ParentRunner.java:60)
	at org.junit.runners.ParentRunner.runChildren(ParentRunner.java:229)
	at org.junit.runners.ParentRunner.access$000(ParentRunner.java:50)
	at org.junit.runners.ParentRunner$2.evaluate(ParentRunner.java:222)
	at org.junit.internal.runners.statements.RunBefores.evaluate(RunBefores.java:28)
	at org.junit.internal.runners.statements.RunAfters.evaluate(RunAfters.java:30)
	at org.junit.runners.ParentRunner.run(ParentRunner.java:300)
	at org.apache.maven.surefire.junit4.JUnit4TestSet.execute(JUnit4TestSet.java:53)
	at org.apache.maven.surefire.junit4.JUnit4Provider.executeTestSet(JUnit4Provider.java:123)
	at org.apache.maven.surefire.junit4.JUnit4Provider.invoke(JUnit4Provider.java:104)
	at sun.reflect.NativeMethodAccessorImpl.invoke0(Native Method)
	at sun.reflect.NativeMethodAccessorImpl.invoke(NativeMethodAccessorImpl.java:57)
	at sun.reflect.DelegatingMethodAccessorImpl.invoke(DelegatingMethodAccessorImpl.java:43)
	at java.lang.reflect.Method.invoke(Method.java:606)
	at org.apache.maven.surefire.util.ReflectionUtils.invokeMethodWithArray(ReflectionUtils.java:164)
	at org.apache.maven.surefire.booter.ProviderFactory$ProviderProxy.invoke(ProviderFactory.java:110)
	at org.apache.maven.surefire.booter.SurefireStarter.invokeProvider(SurefireStarter.java:175)
	at org.apache.maven.surefire.booter.SurefireStarter.runSuitesInProcessWhenForked(SurefireStarter.java:107)
	at org.apache.maven.surefire.booter.ForkedBooter.main(ForkedBooter.java:68)
Caused by: javax.naming.CommunicationException: Communication exception for SerialContext[myEnv={java.naming.factory.state=com.sun.corba.ee.impl.presentation.rmi.JNDIStateFactoryImpl, java.naming.factory.url.pkgs=com.sun.enterprise.naming, java.naming.factory.initial=com.sun.enterprise.naming.SerialInitContextFactory} [Root exception is java.rmi.MarshalException: CORBA MARSHAL 1330446347 Maybe; nested exception is: 
	org.omg.CORBA.MARSHAL: WARNING: IOP00810011: Exception from readValue on ValueHandler in CDRInputStream  vmcid: OMG  minor code: 11 completed: Maybe]
	at com.sun.enterprise.naming.impl.SerialContext.lookup(SerialContext.java:542)
	at com.sun.enterprise.naming.impl.SerialContext.lookup(SerialContext.java:455)
	at javax.naming.InitialContext.lookup(InitialContext.java:411)
	at org.springframework.jndi.JndiTemplate$1.doInContext(JndiTemplate.java:154)
	at org.springframework.jndi.JndiTemplate.execute(JndiTemplate.java:87)
	at org.springframework.jndi.JndiTemplate.lookup(JndiTemplate.java:152)
	at org.springframework.jndi.JndiTemplate.lookup(JndiTemplate.java:178)
	at org.springframework.jndi.JndiLocatorSupport.lookup(JndiLocatorSupport.java:104)
	at org.springframework.jndi.JndiObjectLocator.lookup(JndiObjectLocator.java:105)
	at org.springframework.jndi.JndiObjectFactoryBean.lookupWithFallback(JndiObjectFactoryBean.java:201)
	at org.springframework.jndi.JndiObjectFactoryBean.afterPropertiesSet(JndiObjectFactoryBean.java:187)
	at org.springframework.beans.factory.support.AbstractAutowireCapableBeanFactory.invokeInitMethods(AbstractAutowireCapableBeanFactory.java:1541)
	at org.springframework.beans.factory.support.AbstractAutowireCapableBeanFactory.initializeBean(AbstractAutowireCapableBeanFactory.java:1479)
	... 42 more
Caused by: java.rmi.MarshalException: CORBA MARSHAL 1330446347 Maybe; nested exception is: 
	org.omg.CORBA.MARSHAL: WARNING: IOP00810011: Exception from readValue on ValueHandler in CDRInputStream  vmcid: OMG  minor code: 11 completed: Maybe
	at com.sun.corba.ee.impl.javax.rmi.CORBA.Util.mapSystemException(Util.java:267)
	at com.sun.corba.ee.impl.presentation.rmi.StubInvocationHandlerImpl.privateInvoke(StubInvocationHandlerImpl.java:213)
	at com.sun.corba.ee.impl.presentation.rmi.StubInvocationHandlerImpl.invoke(StubInvocationHandlerImpl.java:152)
	at com.sun.corba.ee.impl.presentation.rmi.codegen.CodegenStubBase.invoke(CodegenStubBase.java:227)
	at com.sun.enterprise.naming.impl._SerialContextProvider_DynamicStub.lookup(com/sun/enterprise/naming/impl/_SerialContextProvider_DynamicStub.java)
	at com.sun.enterprise.naming.impl.SerialContext.lookup(SerialContext.java:505)
	... 54 more
Caused by: org.omg.CORBA.MARSHAL: WARNING: IOP00810011: Exception from readValue on ValueHandler in CDRInputStream  vmcid: OMG  minor code: 11 completed: Maybe
	at sun.reflect.NativeConstructorAccessorImpl.newInstance0(Native Method)
	at sun.reflect.NativeConstructorAccessorImpl.newInstance(NativeConstructorAccessorImpl.java:57)
	at sun.reflect.DelegatingConstructorAccessorImpl.newInstance(DelegatingConstructorAccessorImpl.java:45)
	at java.lang.reflect.Constructor.newInstance(Constructor.java:526)
	at com.sun.corba.ee.spi.orbutil.logex.corba.CorbaExtension.makeException(CorbaExtension.java:248)
	at com.sun.corba.ee.spi.orbutil.logex.corba.CorbaExtension.makeException(CorbaExtension.java:95)
	at com.sun.corba.ee.spi.orbutil.logex.WrapperGenerator.handleFullLogging(WrapperGenerator.java:387)
	at com.sun.corba.ee.spi.orbutil.logex.WrapperGenerator.access$400(WrapperGenerator.java:107)
	at com.sun.corba.ee.spi.orbutil.logex.WrapperGenerator$2.invoke(WrapperGenerator.java:511)
	at com.sun.corba.ee.spi.orbutil.proxy.CompositeInvocationHandlerImpl.invoke(CompositeInvocationHandlerImpl.java:99)
	at com.sun.proxy.$Proxy31.valuehandlerReadException(Unknown Source)
	at com.sun.corba.ee.impl.encoding.CDRInputStream_1_0.readRMIIIOPValueType(CDRInputStream_1_0.java:1022)
	at com.sun.corba.ee.impl.encoding.CDRInputStream_1_0.read_value(CDRInputStream_1_0.java:1123)
	at com.sun.corba.ee.impl.encoding.CDRInputObject.read_value(CDRInputObject.java:531)
	at com.sun.corba.ee.impl.io.IIOPInputStream.inputObjectField(IIOPInputStream.java:2162)
	at com.sun.corba.ee.impl.io.IIOPInputStream.inputClassFields(IIOPInputStream.java:2404)
	at com.sun.corba.ee.impl.io.IIOPInputStream.inputObject(IIOPInputStream.java:1224)
	at com.sun.corba.ee.impl.io.IIOPInputStream.simpleReadObject(IIOPInputStream.java:425)
	at com.sun.corba.ee.impl.io.ValueHandlerImpl.readValueInternal(ValueHandlerImpl.java:308)
	at com.sun.corba.ee.impl.io.ValueHandlerImpl.readValue(ValueHandlerImpl.java:274)
	at com.sun.corba.ee.impl.encoding.CDRInputStream_1_0.readRMIIIOPValueType(CDRInputStream_1_0.java:1015)
	at com.sun.corba.ee.impl.encoding.CDRInputStream_1_0.read_value(CDRInputStream_1_0.java:1123)
	at com.sun.corba.ee.impl.encoding.CDRInputObject.read_value(CDRInputObject.java:531)
	at com.sun.corba.ee.impl.io.IIOPInputStream.inputObjectField(IIOPInputStream.java:2162)
	at com.sun.corba.ee.impl.io.IIOPInputStream.inputClassFields(IIOPInputStream.java:2404)
	at com.sun.corba.ee.impl.io.IIOPInputStream.inputObject(IIOPInputStream.java:1224)
	at com.sun.corba.ee.impl.io.IIOPInputStream.simpleReadObject(IIOPInputStream.java:425)
	at com.sun.corba.ee.impl.io.ValueHandlerImpl.readValueInternal(ValueHandlerImpl.java:308)
	at com.sun.corba.ee.impl.io.ValueHandlerImpl.readValue(ValueHandlerImpl.java:274)
	at com.sun.corba.ee.impl.encoding.CDRInputStream_1_0.readRMIIIOPValueType(CDRInputStream_1_0.java:1015)
	at com.sun.corba.ee.impl.encoding.CDRInputStream_1_0.read_value(CDRInputStream_1_0.java:1123)
	at com.sun.corba.ee.impl.encoding.CDRInputStream_1_0.read_value(CDRInputStream_1_0.java:935)
	at com.sun.corba.ee.impl.encoding.CDRInputObject.read_value(CDRInputObject.java:525)
	at com.sun.corba.ee.impl.corba.TCUtility.unmarshalIn(TCUtility.java:289)
	at com.sun.corba.ee.impl.corba.AnyImpl.read_value(AnyImpl.java:605)
	at com.sun.corba.ee.impl.encoding.CDRInputStream_1_0.read_any(CDRInputStream_1_0.java:775)
	at com.sun.corba.ee.impl.encoding.CDRInputObject.read_any(CDRInputObject.java:482)
	at com.sun.corba.ee.impl.javax.rmi.CORBA.Util.readAny(Util.java:452)
	at com.sun.corba.ee.impl.presentation.rmi.DynamicMethodMarshallerImpl$10.read(DynamicMethodMarshallerImpl.java:299)
	at com.sun.corba.ee.impl.presentation.rmi.DynamicMethodMarshallerImpl.readResult(DynamicMethodMarshallerImpl.java:483)
	at com.sun.corba.ee.impl.presentation.rmi.StubInvocationHandlerImpl.privateInvoke(StubInvocationHandlerImpl.java:203)
	... 58 more
Caused by: java.lang.NullPointerException
	at com.sun.corba.ee.impl.orbutil.ClassInfoCache$ClassInfo.&lt;init&gt;(ClassInfoCache.java:156)
	at com.sun.corba.ee.impl.orbutil.ClassInfoCache.get(ClassInfoCache.java:281)
	at com.sun.corba.ee.impl.encoding.CDRInputStream_1_0.read_value(CDRInputStream_1_0.java:1097)
	at com.sun.corba.ee.impl.encoding.CDRInputStream_1_0.read_value(CDRInputStream_1_0.java:935)
	at com.sun.corba.ee.impl.encoding.CDRInputObject.read_value(CDRInputObject.java:525)
	at com.sun.corba.ee.impl.corba.TCUtility.unmarshalIn(TCUtility.java:289)
	at com.sun.corba.ee.impl.corba.AnyImpl.read_value(AnyImpl.java:605)
	at com.sun.corba.ee.impl.encoding.CDRInputStream_1_0.read_any(CDRInputStream_1_0.java:775)
	at com.sun.corba.ee.impl.encoding.CDRInputObject.read_any(CDRInputObject.java:482)
	at com.sun.corba.ee.impl.javax.rmi.CORBA.Util.readAny(Util.java:452)
	at com.sun.corba.ee.impl.io.ValueHandlerImpl.read_Array(ValueHandlerImpl.java:639)
	at com.sun.corba.ee.impl.io.ValueHandlerImpl.readValueInternal(ValueHandlerImpl.java:305)
	at com.sun.corba.ee.impl.io.ValueHandlerImpl.readValue(ValueHandlerImpl.java:274)
	at com.sun.corba.ee.impl.encoding.CDRInputStream_1_0.readRMIIIOPValueType(CDRInputStream_1_0.java:1015)
	... 87 more
</error>
    <system-err>Dec 30, 2014 11:07:49 AM com.sun.corba.ee.spi.orbutil.logex.WrapperGenerator handleFullLogging
WARNING: IOP00810011: Exception from readValue on ValueHandler in CDRInputStream
org.omg.CORBA.MARSHAL: WARNING: IOP00810011: Exception from readValue on ValueHandler in CDRInputStream  vmcid: OMG  minor code: 11 completed: Maybe
	at sun.reflect.NativeConstructorAccessorImpl.newInstance0(Native Method)
	at sun.reflect.NativeConstructorAccessorImpl.newInstance(NativeConstructorAccessorImpl.java:57)
	at sun.reflect.DelegatingConstructorAccessorImpl.newInstance(DelegatingConstructorAccessorImpl.java:45)
	at java.lang.reflect.Constructor.newInstance(Constructor.java:526)
	at com.sun.corba.ee.spi.orbutil.logex.corba.CorbaExtension.makeException(CorbaExtension.java:248)
	at com.sun.corba.ee.spi.orbutil.logex.corba.CorbaExtension.makeException(CorbaExtension.java:95)
	at com.sun.corba.ee.spi.orbutil.logex.WrapperGenerator.handleFullLogging(WrapperGenerator.java:387)
	at com.sun.corba.ee.spi.orbutil.logex.WrapperGenerator.access$400(WrapperGenerator.java:107)
	at com.sun.corba.ee.spi.orbutil.logex.WrapperGenerator$2.invoke(WrapperGenerator.java:511)
	at com.sun.corba.ee.spi.orbutil.proxy.CompositeInvocationHandlerImpl.invoke(CompositeInvocationHandlerImpl.java:99)
	at com.sun.proxy.$Proxy31.valuehandlerReadException(Unknown Source)
	at com.sun.corba.ee.impl.encoding.CDRInputStream_1_0.readRMIIIOPValueType(CDRInputStream_1_0.java:1022)
	at com.sun.corba.ee.impl.encoding.CDRInputStream_1_0.read_value(CDRInputStream_1_0.java:1123)
	at com.sun.corba.ee.impl.encoding.CDRInputObject.read_value(CDRInputObject.java:531)
	at com.sun.corba.ee.impl.io.IIOPInputStream.inputObjectField(IIOPInputStream.java:2162)
	at com.sun.corba.ee.impl.io.IIOPInputStream.inputClassFields(IIOPInputStream.java:2404)
	at com.sun.corba.ee.impl.io.IIOPInputStream.inputObject(IIOPInputStream.java:1224)
	at com.sun.corba.ee.impl.io.IIOPInputStream.simpleReadObject(IIOPInputStream.java:425)
	at com.sun.corba.ee.impl.io.ValueHandlerImpl.readValueInternal(ValueHandlerImpl.java:308)
	at com.sun.corba.ee.impl.io.ValueHandlerImpl.readValue(ValueHandlerImpl.java:274)
	at com.sun.corba.ee.impl.encoding.CDRInputStream_1_0.readRMIIIOPValueType(CDRInputStream_1_0.java:1015)
	at com.sun.corba.ee.impl.encoding.CDRInputStream_1_0.read_value(CDRInputStream_1_0.java:1123)
	at com.sun.corba.ee.impl.encoding.CDRInputObject.read_value(CDRInputObject.java:531)
	at com.sun.corba.ee.impl.io.IIOPInputStream.inputObjectField(IIOPInputStream.java:2162)
	at com.sun.corba.ee.impl.io.IIOPInputStream.inputClassFields(IIOPInputStream.java:2404)
	at com.sun.corba.ee.impl.io.IIOPInputStream.inputObject(IIOPInputStream.java:1224)
	at com.sun.corba.ee.impl.io.IIOPInputStream.simpleReadObject(IIOPInputStream.java:425)
	at com.sun.corba.ee.impl.io.ValueHandlerImpl.readValueInternal(ValueHandlerImpl.java:308)
	at com.sun.corba.ee.impl.io.ValueHandlerImpl.readValue(ValueHandlerImpl.java:274)
	at com.sun.corba.ee.impl.encoding.CDRInputStream_1_0.readRMIIIOPValueType(CDRInputStream_1_0.java:1015)
	at com.sun.corba.ee.impl.encoding.CDRInputStream_1_0.read_value(CDRInputStream_1_0.java:1123)
	at com.sun.corba.ee.impl.encoding.CDRInputStream_1_0.read_value(CDRInputStream_1_0.java:935)
	at com.sun.corba.ee.impl.encoding.CDRInputObject.read_value(CDRInputObject.java:525)
	at com.sun.corba.ee.impl.corba.TCUtility.unmarshalIn(TCUtility.java:289)
	at com.sun.corba.ee.impl.corba.AnyImpl.read_value(AnyImpl.java:605)
	at com.sun.corba.ee.impl.encoding.CDRInputStream_1_0.read_any(CDRInputStream_1_0.java:775)
	at com.sun.corba.ee.impl.encoding.CDRInputObject.read_any(CDRInputObject.java:482)
	at com.sun.corba.ee.impl.javax.rmi.CORBA.Util.readAny(Util.java:452)
	at com.sun.corba.ee.impl.presentation.rmi.DynamicMethodMarshallerImpl$10.read(DynamicMethodMarshallerImpl.java:299)
	at com.sun.corba.ee.impl.presentation.rmi.DynamicMethodMarshallerImpl.readResult(DynamicMethodMarshallerImpl.java:483)
	at com.sun.corba.ee.impl.presentation.rmi.StubInvocationHandlerImpl.privateInvoke(StubInvocationHandlerImpl.java:203)
	at com.sun.corba.ee.impl.presentation.rmi.StubInvocationHandlerImpl.invoke(StubInvocationHandlerImpl.java:152)
	at com.sun.corba.ee.impl.presentation.rmi.codegen.CodegenStubBase.invoke(CodegenStubBase.java:227)
	at com.sun.enterprise.naming.impl._SerialContextProvider_DynamicStub.lookup(com/sun/enterprise/naming/impl/_SerialContextProvider_DynamicStub.java)
	at com.sun.enterprise.naming.impl.SerialContext.lookup(SerialContext.java:505)
	at com.sun.enterprise.naming.impl.SerialContext.lookup(SerialContext.java:455)
	at javax.naming.InitialContext.lookup(InitialContext.java:411)
	at org.springframework.jndi.JndiTemplate$1.doInContext(JndiTemplate.java:154)
	at org.springframework.jndi.JndiTemplate.execute(JndiTemplate.java:87)
	at org.springframework.jndi.JndiTemplate.lookup(JndiTemplate.java:152)
	at org.springframework.jndi.JndiTemplate.lookup(JndiTemplate.java:178)
	at org.springframework.jndi.JndiLocatorSupport.lookup(JndiLocatorSupport.java:104)
	at org.springframework.jndi.JndiObjectLocator.lookup(JndiObjectLocator.java:105)
	at org.springframework.jndi.JndiObjectFactoryBean.lookupWithFallback(JndiObjectFactoryBean.java:201)
	at org.springframework.jndi.JndiObjectFactoryBean.afterPropertiesSet(JndiObjectFactoryBean.java:187)
	at org.springframework.beans.factory.support.AbstractAutowireCapableBeanFactory.invokeInitMethods(AbstractAutowireCapableBeanFactory.java:1541)
	at org.springframework.beans.factory.support.AbstractAutowireCapableBeanFactory.initializeBean(AbstractAutowireCapableBeanFactory.java:1479)
	at org.springframework.beans.factory.support.AbstractAutowireCapableBeanFactory.doCreateBean(AbstractAutowireCapableBeanFactory.java:521)
	at org.springframework.beans.factory.support.AbstractAutowireCapableBeanFactory.createBean(AbstractAutowireCapableBeanFactory.java:458)
	at org.springframework.beans.factory.support.AbstractBeanFactory$1.getObject(AbstractBeanFactory.java:295)
	at org.springframework.beans.factory.support.DefaultSingletonBeanRegistry.getSingleton(DefaultSingletonBeanRegistry.java:223)
	at org.springframework.beans.factory.support.AbstractBeanFactory.doGetBean(AbstractBeanFactory.java:292)
	at org.springframework.beans.factory.support.AbstractBeanFactory.getBean(AbstractBeanFactory.java:194)
	at org.springframework.beans.factory.support.DefaultListableBeanFactory.preInstantiateSingletons(DefaultListableBeanFactory.java:608)
	at org.springframework.context.support.AbstractApplicationContext.finishBeanFactoryInitialization(AbstractApplicationContext.java:932)
	at org.springframework.context.support.AbstractApplicationContext.refresh(AbstractApplicationContext.java:479)
	at org.springframework.context.support.ClassPathXmlApplicationContext.&lt;init&gt;(ClassPathXmlApplicationContext.java:139)
	at org.springframework.context.support.ClassPathXmlApplicationContext.&lt;init&gt;(ClassPathXmlApplicationContext.java:83)
	at com.bac.accountserviceapp.data.mysql.MysqlAccountServiceAppSpringAuthenticationTest.&lt;init&gt;(MysqlAccountServiceAppSpringAuthenticationTest.java:105)
	at sun.reflect.NativeConstructorAccessorImpl.newInstance0(Native Method)
	at sun.reflect.NativeConstructorAccessorImpl.newInstance(NativeConstructorAccessorImpl.java:57)
	at sun.reflect.DelegatingConstructorAccessorImpl.newInstance(DelegatingConstructorAccessorImpl.java:45)
	at java.lang.reflect.Constructor.newInstance(Constructor.java:526)
	at org.junit.runners.BlockJUnit4ClassRunner.createTest(BlockJUnit4ClassRunner.java:187)
	at org.junit.runners.BlockJUnit4ClassRunner$1.runReflectiveCall(BlockJUnit4ClassRunner.java:236)
	at org.junit.internal.runners.model.ReflectiveCallable.run(ReflectiveCallable.java:15)
	at org.junit.runners.BlockJUnit4ClassRunner.methodBlock(BlockJUnit4ClassRunner.java:233)
	at org.junit.runners.BlockJUnit4ClassRunner.runChild(BlockJUnit4ClassRunner.java:68)
	at org.junit.runners.BlockJUnit4ClassRunner.runChild(BlockJUnit4ClassRunner.java:47)
	at org.junit.runners.ParentRunner$3.run(ParentRunner.java:231)
	at org.junit.runners.ParentRunner$1.schedule(ParentRunner.java:60)
	at org.junit.runners.ParentRunner.runChildren(ParentRunner.java:229)
	at org.junit.runners.ParentRunner.access$000(ParentRunner.java:50)
	at org.junit.runners.ParentRunner$2.evaluate(ParentRunner.java:222)
	at org.junit.internal.runners.statements.RunBefores.evaluate(RunBefores.java:28)
	at org.junit.internal.runners.statements.RunAfters.evaluate(RunAfters.java:30)
	at org.junit.runners.ParentRunner.run(ParentRunner.java:300)
	at org.apache.maven.surefire.junit4.JUnit4TestSet.execute(JUnit4TestSet.java:53)
	at org.apache.maven.surefire.junit4.JUnit4Provider.executeTestSet(JUnit4Provider.java:123)
	at org.apache.maven.surefire.junit4.JUnit4Provider.invoke(JUnit4Provider.java:104)
	at sun.reflect.NativeMethodAccessorImpl.invoke0(Native Method)
	at sun.reflect.NativeMethodAccessorImpl.invoke(NativeMethodAccessorImpl.java:57)
	at sun.reflect.DelegatingMethodAccessorImpl.invoke(DelegatingMethodAccessorImpl.java:43)
	at java.lang.reflect.Method.invoke(Method.java:606)
	at org.apache.maven.surefire.util.ReflectionUtils.invokeMethodWithArray(ReflectionUtils.java:164)
	at org.apache.maven.surefire.booter.ProviderFactory$ProviderProxy.invoke(ProviderFactory.java:110)
	at org.apache.maven.surefire.booter.SurefireStarter.invokeProvider(SurefireStarter.java:175)
	at org.apache.maven.surefire.booter.SurefireStarter.runSuitesInProcessWhenForked(SurefireStarter.java:107)
	at org.apache.maven.surefire.booter.ForkedBooter.main(ForkedBooter.java:68)
Caused by: java.lang.NullPointerException
	at com.sun.corba.ee.impl.orbutil.ClassInfoCache$ClassInfo.&lt;init&gt;(ClassInfoCache.java:156)
	at com.sun.corba.ee.impl.orbutil.ClassInfoCache.get(ClassInfoCache.java:281)
	at com.sun.corba.ee.impl.encoding.CDRInputStream_1_0.read_value(CDRInputStream_1_0.java:1097)
	at com.sun.corba.ee.impl.encoding.CDRInputStream_1_0.read_value(CDRInputStream_1_0.java:935)
	at com.sun.corba.ee.impl.encoding.CDRInputObject.read_value(CDRInputObject.java:525)
	at com.sun.corba.ee.impl.corba.TCUtility.unmarshalIn(TCUtility.java:289)
	at com.sun.corba.ee.impl.corba.AnyImpl.read_value(AnyImpl.java:605)
	at com.sun.corba.ee.impl.encoding.CDRInputStream_1_0.read_any(CDRInputStream_1_0.java:775)
	at com.sun.corba.ee.impl.encoding.CDRInputObject.read_any(CDRInputObject.java:482)
	at com.sun.corba.ee.impl.javax.rmi.CORBA.Util.readAny(Util.java:452)
	at com.sun.corba.ee.impl.io.ValueHandlerImpl.read_Array(ValueHandlerImpl.java:639)
	at com.sun.corba.ee.impl.io.ValueHandlerImpl.readValueInternal(ValueHandlerImpl.java:305)
	at com.sun.corba.ee.impl.io.ValueHandlerImpl.readValue(ValueHandlerImpl.java:274)
	at com.sun.corba.ee.impl.encoding.CDRInputStream_1_0.readRMIIIOPValueType(CDRInputStream_1_0.java:1015)
	... 87 more

</system-err>
  </testcase>
  <testcase time="0.002" classname="com.bac.accountserviceapp.data.mysql.MysqlAccountServiceAppSpringAuthenticationTest" name="testAuthentication_InactiveUser">
    <error message="Error creating bean with name &apos;dataSource&apos;: Invocation of init method failed; nested exception is javax.naming.CommunicationException: Communication exception for SerialContext[myEnv={java.naming.factory.state=com.sun.corba.ee.impl.presentation.rmi.JNDIStateFactoryImpl, java.naming.factory.url.pkgs=com.sun.enterprise.naming, java.naming.factory.initial=com.sun.enterprise.naming.SerialInitContextFactory} [Root exception is java.rmi.MarshalException: CORBA MARSHAL 1330446347 Maybe; nested exception is: 
	org.omg.CORBA.MARSHAL: WARNING: IOP00810011: Exception from readValue on ValueHandler in CDRInputStream  vmcid: OMG  minor code: 11 completed: Maybe]" type="org.springframework.beans.factory.BeanCreationException">org.springframework.beans.factory.BeanCreationException: Error creating bean with name &apos;dataSource&apos;: Invocation of init method failed; nested exception is javax.naming.CommunicationException: Communication exception for SerialContext[myEnv={java.naming.factory.state=com.sun.corba.ee.impl.presentation.rmi.JNDIStateFactoryImpl, java.naming.factory.url.pkgs=com.sun.enterprise.naming, java.naming.factory.initial=com.sun.enterprise.naming.SerialInitContextFactory} [Root exception is java.rmi.MarshalException: CORBA MARSHAL 1330446347 Maybe; nested exception is: 
	org.omg.CORBA.MARSHAL: WARNING: IOP00810011: Exception from readValue on ValueHandler in CDRInputStream  vmcid: OMG  minor code: 11 completed: Maybe]
	at org.springframework.beans.factory.support.AbstractAutowireCapableBeanFactory.initializeBean(AbstractAutowireCapableBeanFactory.java:1482)
	at org.springframework.beans.factory.support.AbstractAutowireCapableBeanFactory.doCreateBean(AbstractAutowireCapableBeanFactory.java:521)
	at org.springframework.beans.factory.support.AbstractAutowireCapableBeanFactory.createBean(AbstractAutowireCapableBeanFactory.java:458)
	at org.springframework.beans.factory.support.AbstractBeanFactory$1.getObject(AbstractBeanFactory.java:295)
	at org.springframework.beans.factory.support.DefaultSingletonBeanRegistry.getSingleton(DefaultSingletonBeanRegistry.java:223)
	at org.springframework.beans.factory.support.AbstractBeanFactory.doGetBean(AbstractBeanFactory.java:292)
	at org.springframework.beans.factory.support.AbstractBeanFactory.getBean(AbstractBeanFactory.java:194)
	at org.springframework.beans.factory.support.DefaultListableBeanFactory.preInstantiateSingletons(DefaultListableBeanFactory.java:608)
	at org.springframework.context.support.AbstractApplicationContext.finishBeanFactoryInitialization(AbstractApplicationContext.java:932)
	at org.springframework.context.support.AbstractApplicationContext.refresh(AbstractApplicationContext.java:479)
	at org.springframework.context.support.ClassPathXmlApplicationContext.&lt;init&gt;(ClassPathXmlApplicationContext.java:139)
	at org.springframework.context.support.ClassPathXmlApplicationContext.&lt;init&gt;(ClassPathXmlApplicationContext.java:83)
	at com.bac.accountserviceapp.data.mysql.MysqlAccountServiceAppSpringAuthenticationTest.&lt;init&gt;(MysqlAccountServiceAppSpringAuthenticationTest.java:105)
	at sun.reflect.NativeConstructorAccessorImpl.newInstance0(Native Method)
	at sun.reflect.NativeConstructorAccessorImpl.newInstance(NativeConstructorAccessorImpl.java:57)
	at sun.reflect.DelegatingConstructorAccessorImpl.newInstance(DelegatingConstructorAccessorImpl.java:45)
	at java.lang.reflect.Constructor.newInstance(Constructor.java:526)
	at org.junit.runners.BlockJUnit4ClassRunner.createTest(BlockJUnit4ClassRunner.java:187)
	at org.junit.runners.BlockJUnit4ClassRunner$1.runReflectiveCall(BlockJUnit4ClassRunner.java:236)
	at org.junit.internal.runners.model.ReflectiveCallable.run(ReflectiveCallable.java:15)
	at org.junit.runners.BlockJUnit4ClassRunner.methodBlock(BlockJUnit4ClassRunner.java:233)
	at org.junit.runners.BlockJUnit4ClassRunner.runChild(BlockJUnit4ClassRunner.java:68)
	at org.junit.runners.BlockJUnit4ClassRunner.runChild(BlockJUnit4ClassRunner.java:47)
	at org.junit.runners.ParentRunner$3.run(ParentRunner.java:231)
	at org.junit.runners.ParentRunner$1.schedule(ParentRunner.java:60)
	at org.junit.runners.ParentRunner.runChildren(ParentRunner.java:229)
	at org.junit.runners.ParentRunner.access$000(ParentRunner.java:50)
	at org.junit.runners.ParentRunner$2.evaluate(ParentRunner.java:222)
	at org.junit.internal.runners.statements.RunBefores.evaluate(RunBefores.java:28)
	at org.junit.internal.runners.statements.RunAfters.evaluate(RunAfters.java:30)
	at org.junit.runners.ParentRunner.run(ParentRunner.java:300)
	at org.apache.maven.surefire.junit4.JUnit4TestSet.execute(JUnit4TestSet.java:53)
	at org.apache.maven.surefire.junit4.JUnit4Provider.executeTestSet(JUnit4Provider.java:123)
	at org.apache.maven.surefire.junit4.JUnit4Provider.invoke(JUnit4Provider.java:104)
	at sun.reflect.NativeMethodAccessorImpl.invoke0(Native Method)
	at sun.reflect.NativeMethodAccessorImpl.invoke(NativeMethodAccessorImpl.java:57)
	at sun.reflect.DelegatingMethodAccessorImpl.invoke(DelegatingMethodAccessorImpl.java:43)
	at java.lang.reflect.Method.invoke(Method.java:606)
	at org.apache.maven.surefire.util.ReflectionUtils.invokeMethodWithArray(ReflectionUtils.java:164)
	at org.apache.maven.surefire.booter.ProviderFactory$ProviderProxy.invoke(ProviderFactory.java:110)
	at org.apache.maven.surefire.booter.SurefireStarter.invokeProvider(SurefireStarter.java:175)
	at org.apache.maven.surefire.booter.SurefireStarter.runSuitesInProcessWhenForked(SurefireStarter.java:107)
	at org.apache.maven.surefire.booter.ForkedBooter.main(ForkedBooter.java:68)
Caused by: javax.naming.CommunicationException: Communication exception for SerialContext[myEnv={java.naming.factory.state=com.sun.corba.ee.impl.presentation.rmi.JNDIStateFactoryImpl, java.naming.factory.url.pkgs=com.sun.enterprise.naming, java.naming.factory.initial=com.sun.enterprise.naming.SerialInitContextFactory} [Root exception is java.rmi.MarshalException: CORBA MARSHAL 1330446347 Maybe; nested exception is: 
	org.omg.CORBA.MARSHAL: WARNING: IOP00810011: Exception from readValue on ValueHandler in CDRInputStream  vmcid: OMG  minor code: 11 completed: Maybe]
	at com.sun.enterprise.naming.impl.SerialContext.lookup(SerialContext.java:542)
	at com.sun.enterprise.naming.impl.SerialContext.lookup(SerialContext.java:455)
	at javax.naming.InitialContext.lookup(InitialContext.java:411)
	at org.springframework.jndi.JndiTemplate$1.doInContext(JndiTemplate.java:154)
	at org.springframework.jndi.JndiTemplate.execute(JndiTemplate.java:87)
	at org.springframework.jndi.JndiTemplate.lookup(JndiTemplate.java:152)
	at org.springframework.jndi.JndiTemplate.lookup(JndiTemplate.java:178)
	at org.springframework.jndi.JndiLocatorSupport.lookup(JndiLocatorSupport.java:104)
	at org.springframework.jndi.JndiObjectLocator.lookup(JndiObjectLocator.java:105)
	at org.springframework.jndi.JndiObjectFactoryBean.lookupWithFallback(JndiObjectFactoryBean.java:201)
	at org.springframework.jndi.JndiObjectFactoryBean.afterPropertiesSet(JndiObjectFactoryBean.java:187)
	at org.springframework.beans.factory.support.AbstractAutowireCapableBeanFactory.invokeInitMethods(AbstractAutowireCapableBeanFactory.java:1541)
	at org.springframework.beans.factory.support.AbstractAutowireCapableBeanFactory.initializeBean(AbstractAutowireCapableBeanFactory.java:1479)
	... 42 more
Caused by: java.rmi.MarshalException: CORBA MARSHAL 1330446347 Maybe; nested exception is: 
	org.omg.CORBA.MARSHAL: WARNING: IOP00810011: Exception from readValue on ValueHandler in CDRInputStream  vmcid: OMG  minor code: 11 completed: Maybe
	at com.sun.corba.ee.impl.javax.rmi.CORBA.Util.mapSystemException(Util.java:267)
	at com.sun.corba.ee.impl.presentation.rmi.StubInvocationHandlerImpl.privateInvoke(StubInvocationHandlerImpl.java:213)
	at com.sun.corba.ee.impl.presentation.rmi.StubInvocationHandlerImpl.invoke(StubInvocationHandlerImpl.java:152)
	at com.sun.corba.ee.impl.presentation.rmi.codegen.CodegenStubBase.invoke(CodegenStubBase.java:227)
	at com.sun.enterprise.naming.impl._SerialContextProvider_DynamicStub.lookup(com/sun/enterprise/naming/impl/_SerialContextProvider_DynamicStub.java)
	at com.sun.enterprise.naming.impl.SerialContext.lookup(SerialContext.java:505)
	... 54 more
Caused by: org.omg.CORBA.MARSHAL: WARNING: IOP00810011: Exception from readValue on ValueHandler in CDRInputStream  vmcid: OMG  minor code: 11 completed: Maybe
	at sun.reflect.NativeConstructorAccessorImpl.newInstance0(Native Method)
	at sun.reflect.NativeConstructorAccessorImpl.newInstance(NativeConstructorAccessorImpl.java:57)
	at sun.reflect.DelegatingConstructorAccessorImpl.newInstance(DelegatingConstructorAccessorImpl.java:45)
	at java.lang.reflect.Constructor.newInstance(Constructor.java:526)
	at com.sun.corba.ee.spi.orbutil.logex.corba.CorbaExtension.makeException(CorbaExtension.java:248)
	at com.sun.corba.ee.spi.orbutil.logex.corba.CorbaExtension.makeException(CorbaExtension.java:95)
	at com.sun.corba.ee.spi.orbutil.logex.WrapperGenerator.handleFullLogging(WrapperGenerator.java:387)
	at com.sun.corba.ee.spi.orbutil.logex.WrapperGenerator.access$400(WrapperGenerator.java:107)
	at com.sun.corba.ee.spi.orbutil.logex.WrapperGenerator$2.invoke(WrapperGenerator.java:511)
	at com.sun.corba.ee.spi.orbutil.proxy.CompositeInvocationHandlerImpl.invoke(CompositeInvocationHandlerImpl.java:99)
	at com.sun.proxy.$Proxy31.valuehandlerReadException(Unknown Source)
	at com.sun.corba.ee.impl.encoding.CDRInputStream_1_0.readRMIIIOPValueType(CDRInputStream_1_0.java:1022)
	at com.sun.corba.ee.impl.encoding.CDRInputStream_1_0.read_value(CDRInputStream_1_0.java:1123)
	at com.sun.corba.ee.impl.encoding.CDRInputObject.read_value(CDRInputObject.java:531)
	at com.sun.corba.ee.impl.io.IIOPInputStream.inputObjectField(IIOPInputStream.java:2162)
	at com.sun.corba.ee.impl.io.IIOPInputStream.inputClassFields(IIOPInputStream.java:2404)
	at com.sun.corba.ee.impl.io.IIOPInputStream.inputObject(IIOPInputStream.java:1224)
	at com.sun.corba.ee.impl.io.IIOPInputStream.simpleReadObject(IIOPInputStream.java:425)
	at com.sun.corba.ee.impl.io.ValueHandlerImpl.readValueInternal(ValueHandlerImpl.java:308)
	at com.sun.corba.ee.impl.io.ValueHandlerImpl.readValue(ValueHandlerImpl.java:274)
	at com.sun.corba.ee.impl.encoding.CDRInputStream_1_0.readRMIIIOPValueType(CDRInputStream_1_0.java:1015)
	at com.sun.corba.ee.impl.encoding.CDRInputStream_1_0.read_value(CDRInputStream_1_0.java:1123)
	at com.sun.corba.ee.impl.encoding.CDRInputObject.read_value(CDRInputObject.java:531)
	at com.sun.corba.ee.impl.io.IIOPInputStream.inputObjectField(IIOPInputStream.java:2162)
	at com.sun.corba.ee.impl.io.IIOPInputStream.inputClassFields(IIOPInputStream.java:2404)
	at com.sun.corba.ee.impl.io.IIOPInputStream.inputObject(IIOPInputStream.java:1224)
	at com.sun.corba.ee.impl.io.IIOPInputStream.simpleReadObject(IIOPInputStream.java:425)
	at com.sun.corba.ee.impl.io.ValueHandlerImpl.readValueInternal(ValueHandlerImpl.java:308)
	at com.sun.corba.ee.impl.io.ValueHandlerImpl.readValue(ValueHandlerImpl.java:274)
	at com.sun.corba.ee.impl.encoding.CDRInputStream_1_0.readRMIIIOPValueType(CDRInputStream_1_0.java:1015)
	at com.sun.corba.ee.impl.encoding.CDRInputStream_1_0.read_value(CDRInputStream_1_0.java:1123)
	at com.sun.corba.ee.impl.encoding.CDRInputStream_1_0.read_value(CDRInputStream_1_0.java:935)
	at com.sun.corba.ee.impl.encoding.CDRInputObject.read_value(CDRInputObject.java:525)
	at com.sun.corba.ee.impl.corba.TCUtility.unmarshalIn(TCUtility.java:289)
	at com.sun.corba.ee.impl.corba.AnyImpl.read_value(AnyImpl.java:605)
	at com.sun.corba.ee.impl.encoding.CDRInputStream_1_0.read_any(CDRInputStream_1_0.java:775)
	at com.sun.corba.ee.impl.encoding.CDRInputObject.read_any(CDRInputObject.java:482)
	at com.sun.corba.ee.impl.javax.rmi.CORBA.Util.readAny(Util.java:452)
	at com.sun.corba.ee.impl.presentation.rmi.DynamicMethodMarshallerImpl$10.read(DynamicMethodMarshallerImpl.java:299)
	at com.sun.corba.ee.impl.presentation.rmi.DynamicMethodMarshallerImpl.readResult(DynamicMethodMarshallerImpl.java:483)
	at com.sun.corba.ee.impl.presentation.rmi.StubInvocationHandlerImpl.privateInvoke(StubInvocationHandlerImpl.java:203)
	... 58 more
Caused by: java.lang.NullPointerException
	at com.sun.corba.ee.impl.orbutil.ClassInfoCache$ClassInfo.&lt;init&gt;(ClassInfoCache.java:156)
	at com.sun.corba.ee.impl.orbutil.ClassInfoCache.get(ClassInfoCache.java:281)
	at com.sun.corba.ee.impl.encoding.CDRInputStream_1_0.read_value(CDRInputStream_1_0.java:1097)
	at com.sun.corba.ee.impl.encoding.CDRInputStream_1_0.read_value(CDRInputStream_1_0.java:935)
	at com.sun.corba.ee.impl.encoding.CDRInputObject.read_value(CDRInputObject.java:525)
	at com.sun.corba.ee.impl.corba.TCUtility.unmarshalIn(TCUtility.java:289)
	at com.sun.corba.ee.impl.corba.AnyImpl.read_value(AnyImpl.java:605)
	at com.sun.corba.ee.impl.encoding.CDRInputStream_1_0.read_any(CDRInputStream_1_0.java:775)
	at com.sun.corba.ee.impl.encoding.CDRInputObject.read_any(CDRInputObject.java:482)
	at com.sun.corba.ee.impl.javax.rmi.CORBA.Util.readAny(Util.java:452)
	at com.sun.corba.ee.impl.io.ValueHandlerImpl.read_Array(ValueHandlerImpl.java:639)
	at com.sun.corba.ee.impl.io.ValueHandlerImpl.readValueInternal(ValueHandlerImpl.java:305)
	at com.sun.corba.ee.impl.io.ValueHandlerImpl.readValue(ValueHandlerImpl.java:274)
	at com.sun.corba.ee.impl.encoding.CDRInputStream_1_0.readRMIIIOPValueType(CDRInputStream_1_0.java:1015)
	... 87 more
</error>
    <system-err>Dec 30, 2014 11:07:49 AM com.sun.corba.ee.spi.orbutil.logex.WrapperGenerator handleFullLogging
WARNING: IOP00810011: Exception from readValue on ValueHandler in CDRInputStream
org.omg.CORBA.MARSHAL: WARNING: IOP00810011: Exception from readValue on ValueHandler in CDRInputStream  vmcid: OMG  minor code: 11 completed: Maybe
	at sun.reflect.NativeConstructorAccessorImpl.newInstance0(Native Method)
	at sun.reflect.NativeConstructorAccessorImpl.newInstance(NativeConstructorAccessorImpl.java:57)
	at sun.reflect.DelegatingConstructorAccessorImpl.newInstance(DelegatingConstructorAccessorImpl.java:45)
	at java.lang.reflect.Constructor.newInstance(Constructor.java:526)
	at com.sun.corba.ee.spi.orbutil.logex.corba.CorbaExtension.makeException(CorbaExtension.java:248)
	at com.sun.corba.ee.spi.orbutil.logex.corba.CorbaExtension.makeException(CorbaExtension.java:95)
	at com.sun.corba.ee.spi.orbutil.logex.WrapperGenerator.handleFullLogging(WrapperGenerator.java:387)
	at com.sun.corba.ee.spi.orbutil.logex.WrapperGenerator.access$400(WrapperGenerator.java:107)
	at com.sun.corba.ee.spi.orbutil.logex.WrapperGenerator$2.invoke(WrapperGenerator.java:511)
	at com.sun.corba.ee.spi.orbutil.proxy.CompositeInvocationHandlerImpl.invoke(CompositeInvocationHandlerImpl.java:99)
	at com.sun.proxy.$Proxy31.valuehandlerReadException(Unknown Source)
	at com.sun.corba.ee.impl.encoding.CDRInputStream_1_0.readRMIIIOPValueType(CDRInputStream_1_0.java:1022)
	at com.sun.corba.ee.impl.encoding.CDRInputStream_1_0.read_value(CDRInputStream_1_0.java:1123)
	at com.sun.corba.ee.impl.encoding.CDRInputObject.read_value(CDRInputObject.java:531)
	at com.sun.corba.ee.impl.io.IIOPInputStream.inputObjectField(IIOPInputStream.java:2162)
	at com.sun.corba.ee.impl.io.IIOPInputStream.inputClassFields(IIOPInputStream.java:2404)
	at com.sun.corba.ee.impl.io.IIOPInputStream.inputObject(IIOPInputStream.java:1224)
	at com.sun.corba.ee.impl.io.IIOPInputStream.simpleReadObject(IIOPInputStream.java:425)
	at com.sun.corba.ee.impl.io.ValueHandlerImpl.readValueInternal(ValueHandlerImpl.java:308)
	at com.sun.corba.ee.impl.io.ValueHandlerImpl.readValue(ValueHandlerImpl.java:274)
	at com.sun.corba.ee.impl.encoding.CDRInputStream_1_0.readRMIIIOPValueType(CDRInputStream_1_0.java:1015)
	at com.sun.corba.ee.impl.encoding.CDRInputStream_1_0.read_value(CDRInputStream_1_0.java:1123)
	at com.sun.corba.ee.impl.encoding.CDRInputObject.read_value(CDRInputObject.java:531)
	at com.sun.corba.ee.impl.io.IIOPInputStream.inputObjectField(IIOPInputStream.java:2162)
	at com.sun.corba.ee.impl.io.IIOPInputStream.inputClassFields(IIOPInputStream.java:2404)
	at com.sun.corba.ee.impl.io.IIOPInputStream.inputObject(IIOPInputStream.java:1224)
	at com.sun.corba.ee.impl.io.IIOPInputStream.simpleReadObject(IIOPInputStream.java:425)
	at com.sun.corba.ee.impl.io.ValueHandlerImpl.readValueInternal(ValueHandlerImpl.java:308)
	at com.sun.corba.ee.impl.io.ValueHandlerImpl.readValue(ValueHandlerImpl.java:274)
	at com.sun.corba.ee.impl.encoding.CDRInputStream_1_0.readRMIIIOPValueType(CDRInputStream_1_0.java:1015)
	at com.sun.corba.ee.impl.encoding.CDRInputStream_1_0.read_value(CDRInputStream_1_0.java:1123)
	at com.sun.corba.ee.impl.encoding.CDRInputStream_1_0.read_value(CDRInputStream_1_0.java:935)
	at com.sun.corba.ee.impl.encoding.CDRInputObject.read_value(CDRInputObject.java:525)
	at com.sun.corba.ee.impl.corba.TCUtility.unmarshalIn(TCUtility.java:289)
	at com.sun.corba.ee.impl.corba.AnyImpl.read_value(AnyImpl.java:605)
	at com.sun.corba.ee.impl.encoding.CDRInputStream_1_0.read_any(CDRInputStream_1_0.java:775)
	at com.sun.corba.ee.impl.encoding.CDRInputObject.read_any(CDRInputObject.java:482)
	at com.sun.corba.ee.impl.javax.rmi.CORBA.Util.readAny(Util.java:452)
	at com.sun.corba.ee.impl.presentation.rmi.DynamicMethodMarshallerImpl$10.read(DynamicMethodMarshallerImpl.java:299)
	at com.sun.corba.ee.impl.presentation.rmi.DynamicMethodMarshallerImpl.readResult(DynamicMethodMarshallerImpl.java:483)
	at com.sun.corba.ee.impl.presentation.rmi.StubInvocationHandlerImpl.privateInvoke(StubInvocationHandlerImpl.java:203)
	at com.sun.corba.ee.impl.presentation.rmi.StubInvocationHandlerImpl.invoke(StubInvocationHandlerImpl.java:152)
	at com.sun.corba.ee.impl.presentation.rmi.codegen.CodegenStubBase.invoke(CodegenStubBase.java:227)
	at com.sun.enterprise.naming.impl._SerialContextProvider_DynamicStub.lookup(com/sun/enterprise/naming/impl/_SerialContextProvider_DynamicStub.java)
	at com.sun.enterprise.naming.impl.SerialContext.lookup(SerialContext.java:505)
	at com.sun.enterprise.naming.impl.SerialContext.lookup(SerialContext.java:455)
	at javax.naming.InitialContext.lookup(InitialContext.java:411)
	at org.springframework.jndi.JndiTemplate$1.doInContext(JndiTemplate.java:154)
	at org.springframework.jndi.JndiTemplate.execute(JndiTemplate.java:87)
	at org.springframework.jndi.JndiTemplate.lookup(JndiTemplate.java:152)
	at org.springframework.jndi.JndiTemplate.lookup(JndiTemplate.java:178)
	at org.springframework.jndi.JndiLocatorSupport.lookup(JndiLocatorSupport.java:104)
	at org.springframework.jndi.JndiObjectLocator.lookup(JndiObjectLocator.java:105)
	at org.springframework.jndi.JndiObjectFactoryBean.lookupWithFallback(JndiObjectFactoryBean.java:201)
	at org.springframework.jndi.JndiObjectFactoryBean.afterPropertiesSet(JndiObjectFactoryBean.java:187)
	at org.springframework.beans.factory.support.AbstractAutowireCapableBeanFactory.invokeInitMethods(AbstractAutowireCapableBeanFactory.java:1541)
	at org.springframework.beans.factory.support.AbstractAutowireCapableBeanFactory.initializeBean(AbstractAutowireCapableBeanFactory.java:1479)
	at org.springframework.beans.factory.support.AbstractAutowireCapableBeanFactory.doCreateBean(AbstractAutowireCapableBeanFactory.java:521)
	at org.springframework.beans.factory.support.AbstractAutowireCapableBeanFactory.createBean(AbstractAutowireCapableBeanFactory.java:458)
	at org.springframework.beans.factory.support.AbstractBeanFactory$1.getObject(AbstractBeanFactory.java:295)
	at org.springframework.beans.factory.support.DefaultSingletonBeanRegistry.getSingleton(DefaultSingletonBeanRegistry.java:223)
	at org.springframework.beans.factory.support.AbstractBeanFactory.doGetBean(AbstractBeanFactory.java:292)
	at org.springframework.beans.factory.support.AbstractBeanFactory.getBean(AbstractBeanFactory.java:194)
	at org.springframework.beans.factory.support.DefaultListableBeanFactory.preInstantiateSingletons(DefaultListableBeanFactory.java:608)
	at org.springframework.context.support.AbstractApplicationContext.finishBeanFactoryInitialization(AbstractApplicationContext.java:932)
	at org.springframework.context.support.AbstractApplicationContext.refresh(AbstractApplicationContext.java:479)
	at org.springframework.context.support.ClassPathXmlApplicationContext.&lt;init&gt;(ClassPathXmlApplicationContext.java:139)
	at org.springframework.context.support.ClassPathXmlApplicationContext.&lt;init&gt;(ClassPathXmlApplicationContext.java:83)
	at com.bac.accountserviceapp.data.mysql.MysqlAccountServiceAppSpringAuthenticationTest.&lt;init&gt;(MysqlAccountServiceAppSpringAuthenticationTest.java:105)
	at sun.reflect.NativeConstructorAccessorImpl.newInstance0(Native Method)
	at sun.reflect.NativeConstructorAccessorImpl.newInstance(NativeConstructorAccessorImpl.java:57)
	at sun.reflect.DelegatingConstructorAccessorImpl.newInstance(DelegatingConstructorAccessorImpl.java:45)
	at java.lang.reflect.Constructor.newInstance(Constructor.java:526)
	at org.junit.runners.BlockJUnit4ClassRunner.createTest(BlockJUnit4ClassRunner.java:187)
	at org.junit.runners.BlockJUnit4ClassRunner$1.runReflectiveCall(BlockJUnit4ClassRunner.java:236)
	at org.junit.internal.runners.model.ReflectiveCallable.run(ReflectiveCallable.java:15)
	at org.junit.runners.BlockJUnit4ClassRunner.methodBlock(BlockJUnit4ClassRunner.java:233)
	at org.junit.runners.BlockJUnit4ClassRunner.runChild(BlockJUnit4ClassRunner.java:68)
	at org.junit.runners.BlockJUnit4ClassRunner.runChild(BlockJUnit4ClassRunner.java:47)
	at org.junit.runners.ParentRunner$3.run(ParentRunner.java:231)
	at org.junit.runners.ParentRunner$1.schedule(ParentRunner.java:60)
	at org.junit.runners.ParentRunner.runChildren(ParentRunner.java:229)
	at org.junit.runners.ParentRunner.access$000(ParentRunner.java:50)
	at org.junit.runners.ParentRunner$2.evaluate(ParentRunner.java:222)
	at org.junit.internal.runners.statements.RunBefores.evaluate(RunBefores.java:28)
	at org.junit.internal.runners.statements.RunAfters.evaluate(RunAfters.java:30)
	at org.junit.runners.ParentRunner.run(ParentRunner.java:300)
	at org.apache.maven.surefire.junit4.JUnit4TestSet.execute(JUnit4TestSet.java:53)
	at org.apache.maven.surefire.junit4.JUnit4Provider.executeTestSet(JUnit4Provider.java:123)
	at org.apache.maven.surefire.junit4.JUnit4Provider.invoke(JUnit4Provider.java:104)
	at sun.reflect.NativeMethodAccessorImpl.invoke0(Native Method)
	at sun.reflect.NativeMethodAccessorImpl.invoke(NativeMethodAccessorImpl.java:57)
	at sun.reflect.DelegatingMethodAccessorImpl.invoke(DelegatingMethodAccessorImpl.java:43)
	at java.lang.reflect.Method.invoke(Method.java:606)
	at org.apache.maven.surefire.util.ReflectionUtils.invokeMethodWithArray(ReflectionUtils.java:164)
	at org.apache.maven.surefire.booter.ProviderFactory$ProviderProxy.invoke(ProviderFactory.java:110)
	at org.apache.maven.surefire.booter.SurefireStarter.invokeProvider(SurefireStarter.java:175)
	at org.apache.maven.surefire.booter.SurefireStarter.runSuitesInProcessWhenForked(SurefireStarter.java:107)
	at org.apache.maven.surefire.booter.ForkedBooter.main(ForkedBooter.java:68)
Caused by: java.lang.NullPointerException
	at com.sun.corba.ee.impl.orbutil.ClassInfoCache$ClassInfo.&lt;init&gt;(ClassInfoCache.java:156)
	at com.sun.corba.ee.impl.orbutil.ClassInfoCache.get(ClassInfoCache.java:281)
	at com.sun.corba.ee.impl.encoding.CDRInputStream_1_0.read_value(CDRInputStream_1_0.java:1097)
	at com.sun.corba.ee.impl.encoding.CDRInputStream_1_0.read_value(CDRInputStream_1_0.java:935)
	at com.sun.corba.ee.impl.encoding.CDRInputObject.read_value(CDRInputObject.java:525)
	at com.sun.corba.ee.impl.corba.TCUtility.unmarshalIn(TCUtility.java:289)
	at com.sun.corba.ee.impl.corba.AnyImpl.read_value(AnyImpl.java:605)
	at com.sun.corba.ee.impl.encoding.CDRInputStream_1_0.read_any(CDRInputStream_1_0.java:775)
	at com.sun.corba.ee.impl.encoding.CDRInputObject.read_any(CDRInputObject.java:482)
	at com.sun.corba.ee.impl.javax.rmi.CORBA.Util.readAny(Util.java:452)
	at com.sun.corba.ee.impl.io.ValueHandlerImpl.read_Array(ValueHandlerImpl.java:639)
	at com.sun.corba.ee.impl.io.ValueHandlerImpl.readValueInternal(ValueHandlerImpl.java:305)
	at com.sun.corba.ee.impl.io.ValueHandlerImpl.readValue(ValueHandlerImpl.java:274)
	at com.sun.corba.ee.impl.encoding.CDRInputStream_1_0.readRMIIIOPValueType(CDRInputStream_1_0.java:1015)
	... 87 more

</system-err>
  </testcase>
  <testcase time="0.003" classname="com.bac.accountserviceapp.data.mysql.MysqlAccountServiceAppSpringAuthenticationTest" name="testAuthentication_InactiveAccount">
    <error message="Error creating bean with name &apos;dataSource&apos;: Invocation of init method failed; nested exception is javax.naming.CommunicationException: Communication exception for SerialContext[myEnv={java.naming.factory.state=com.sun.corba.ee.impl.presentation.rmi.JNDIStateFactoryImpl, java.naming.factory.url.pkgs=com.sun.enterprise.naming, java.naming.factory.initial=com.sun.enterprise.naming.SerialInitContextFactory} [Root exception is java.rmi.MarshalException: CORBA MARSHAL 1330446347 Maybe; nested exception is: 
	org.omg.CORBA.MARSHAL: WARNING: IOP00810011: Exception from readValue on ValueHandler in CDRInputStream  vmcid: OMG  minor code: 11 completed: Maybe]" type="org.springframework.beans.factory.BeanCreationException">org.springframework.beans.factory.BeanCreationException: Error creating bean with name &apos;dataSource&apos;: Invocation of init method failed; nested exception is javax.naming.CommunicationException: Communication exception for SerialContext[myEnv={java.naming.factory.state=com.sun.corba.ee.impl.presentation.rmi.JNDIStateFactoryImpl, java.naming.factory.url.pkgs=com.sun.enterprise.naming, java.naming.factory.initial=com.sun.enterprise.naming.SerialInitContextFactory} [Root exception is java.rmi.MarshalException: CORBA MARSHAL 1330446347 Maybe; nested exception is: 
	org.omg.CORBA.MARSHAL: WARNING: IOP00810011: Exception from readValue on ValueHandler in CDRInputStream  vmcid: OMG  minor code: 11 completed: Maybe]
	at org.springframework.beans.factory.support.AbstractAutowireCapableBeanFactory.initializeBean(AbstractAutowireCapableBeanFactory.java:1482)
	at org.springframework.beans.factory.support.AbstractAutowireCapableBeanFactory.doCreateBean(AbstractAutowireCapableBeanFactory.java:521)
	at org.springframework.beans.factory.support.AbstractAutowireCapableBeanFactory.createBean(AbstractAutowireCapableBeanFactory.java:458)
	at org.springframework.beans.factory.support.AbstractBeanFactory$1.getObject(AbstractBeanFactory.java:295)
	at org.springframework.beans.factory.support.DefaultSingletonBeanRegistry.getSingleton(DefaultSingletonBeanRegistry.java:223)
	at org.springframework.beans.factory.support.AbstractBeanFactory.doGetBean(AbstractBeanFactory.java:292)
	at org.springframework.beans.factory.support.AbstractBeanFactory.getBean(AbstractBeanFactory.java:194)
	at org.springframework.beans.factory.support.DefaultListableBeanFactory.preInstantiateSingletons(DefaultListableBeanFactory.java:608)
	at org.springframework.context.support.AbstractApplicationContext.finishBeanFactoryInitialization(AbstractApplicationContext.java:932)
	at org.springframework.context.support.AbstractApplicationContext.refresh(AbstractApplicationContext.java:479)
	at org.springframework.context.support.ClassPathXmlApplicationContext.&lt;init&gt;(ClassPathXmlApplicationContext.java:139)
	at org.springframework.context.support.ClassPathXmlApplicationContext.&lt;init&gt;(ClassPathXmlApplicationContext.java:83)
	at com.bac.accountserviceapp.data.mysql.MysqlAccountServiceAppSpringAuthenticationTest.&lt;init&gt;(MysqlAccountServiceAppSpringAuthenticationTest.java:105)
	at sun.reflect.NativeConstructorAccessorImpl.newInstance0(Native Method)
	at sun.reflect.NativeConstructorAccessorImpl.newInstance(NativeConstructorAccessorImpl.java:57)
	at sun.reflect.DelegatingConstructorAccessorImpl.newInstance(DelegatingConstructorAccessorImpl.java:45)
	at java.lang.reflect.Constructor.newInstance(Constructor.java:526)
	at org.junit.runners.BlockJUnit4ClassRunner.createTest(BlockJUnit4ClassRunner.java:187)
	at org.junit.runners.BlockJUnit4ClassRunner$1.runReflectiveCall(BlockJUnit4ClassRunner.java:236)
	at org.junit.internal.runners.model.ReflectiveCallable.run(ReflectiveCallable.java:15)
	at org.junit.runners.BlockJUnit4ClassRunner.methodBlock(BlockJUnit4ClassRunner.java:233)
	at org.junit.runners.BlockJUnit4ClassRunner.runChild(BlockJUnit4ClassRunner.java:68)
	at org.junit.runners.BlockJUnit4ClassRunner.runChild(BlockJUnit4ClassRunner.java:47)
	at org.junit.runners.ParentRunner$3.run(ParentRunner.java:231)
	at org.junit.runners.ParentRunner$1.schedule(ParentRunner.java:60)
	at org.junit.runners.ParentRunner.runChildren(ParentRunner.java:229)
	at org.junit.runners.ParentRunner.access$000(ParentRunner.java:50)
	at org.junit.runners.ParentRunner$2.evaluate(ParentRunner.java:222)
	at org.junit.internal.runners.statements.RunBefores.evaluate(RunBefores.java:28)
	at org.junit.internal.runners.statements.RunAfters.evaluate(RunAfters.java:30)
	at org.junit.runners.ParentRunner.run(ParentRunner.java:300)
	at org.apache.maven.surefire.junit4.JUnit4TestSet.execute(JUnit4TestSet.java:53)
	at org.apache.maven.surefire.junit4.JUnit4Provider.executeTestSet(JUnit4Provider.java:123)
	at org.apache.maven.surefire.junit4.JUnit4Provider.invoke(JUnit4Provider.java:104)
	at sun.reflect.NativeMethodAccessorImpl.invoke0(Native Method)
	at sun.reflect.NativeMethodAccessorImpl.invoke(NativeMethodAccessorImpl.java:57)
	at sun.reflect.DelegatingMethodAccessorImpl.invoke(DelegatingMethodAccessorImpl.java:43)
	at java.lang.reflect.Method.invoke(Method.java:606)
	at org.apache.maven.surefire.util.ReflectionUtils.invokeMethodWithArray(ReflectionUtils.java:164)
	at org.apache.maven.surefire.booter.ProviderFactory$ProviderProxy.invoke(ProviderFactory.java:110)
	at org.apache.maven.surefire.booter.SurefireStarter.invokeProvider(SurefireStarter.java:175)
	at org.apache.maven.surefire.booter.SurefireStarter.runSuitesInProcessWhenForked(SurefireStarter.java:107)
	at org.apache.maven.surefire.booter.ForkedBooter.main(ForkedBooter.java:68)
Caused by: javax.naming.CommunicationException: Communication exception for SerialContext[myEnv={java.naming.factory.state=com.sun.corba.ee.impl.presentation.rmi.JNDIStateFactoryImpl, java.naming.factory.url.pkgs=com.sun.enterprise.naming, java.naming.factory.initial=com.sun.enterprise.naming.SerialInitContextFactory} [Root exception is java.rmi.MarshalException: CORBA MARSHAL 1330446347 Maybe; nested exception is: 
	org.omg.CORBA.MARSHAL: WARNING: IOP00810011: Exception from readValue on ValueHandler in CDRInputStream  vmcid: OMG  minor code: 11 completed: Maybe]
	at com.sun.enterprise.naming.impl.SerialContext.lookup(SerialContext.java:542)
	at com.sun.enterprise.naming.impl.SerialContext.lookup(SerialContext.java:455)
	at javax.naming.InitialContext.lookup(InitialContext.java:411)
	at org.springframework.jndi.JndiTemplate$1.doInContext(JndiTemplate.java:154)
	at org.springframework.jndi.JndiTemplate.execute(JndiTemplate.java:87)
	at org.springframework.jndi.JndiTemplate.lookup(JndiTemplate.java:152)
	at org.springframework.jndi.JndiTemplate.lookup(JndiTemplate.java:178)
	at org.springframework.jndi.JndiLocatorSupport.lookup(JndiLocatorSupport.java:104)
	at org.springframework.jndi.JndiObjectLocator.lookup(JndiObjectLocator.java:105)
	at org.springframework.jndi.JndiObjectFactoryBean.lookupWithFallback(JndiObjectFactoryBean.java:201)
	at org.springframework.jndi.JndiObjectFactoryBean.afterPropertiesSet(JndiObjectFactoryBean.java:187)
	at org.springframework.beans.factory.support.AbstractAutowireCapableBeanFactory.invokeInitMethods(AbstractAutowireCapableBeanFactory.java:1541)
	at org.springframework.beans.factory.support.AbstractAutowireCapableBeanFactory.initializeBean(AbstractAutowireCapableBeanFactory.java:1479)
	... 42 more
Caused by: java.rmi.MarshalException: CORBA MARSHAL 1330446347 Maybe; nested exception is: 
	org.omg.CORBA.MARSHAL: WARNING: IOP00810011: Exception from readValue on ValueHandler in CDRInputStream  vmcid: OMG  minor code: 11 completed: Maybe
	at com.sun.corba.ee.impl.javax.rmi.CORBA.Util.mapSystemException(Util.java:267)
	at com.sun.corba.ee.impl.presentation.rmi.StubInvocationHandlerImpl.privateInvoke(StubInvocationHandlerImpl.java:213)
	at com.sun.corba.ee.impl.presentation.rmi.StubInvocationHandlerImpl.invoke(StubInvocationHandlerImpl.java:152)
	at com.sun.corba.ee.impl.presentation.rmi.codegen.CodegenStubBase.invoke(CodegenStubBase.java:227)
	at com.sun.enterprise.naming.impl._SerialContextProvider_DynamicStub.lookup(com/sun/enterprise/naming/impl/_SerialContextProvider_DynamicStub.java)
	at com.sun.enterprise.naming.impl.SerialContext.lookup(SerialContext.java:505)
	... 54 more
Caused by: org.omg.CORBA.MARSHAL: WARNING: IOP00810011: Exception from readValue on ValueHandler in CDRInputStream  vmcid: OMG  minor code: 11 completed: Maybe
	at sun.reflect.NativeConstructorAccessorImpl.newInstance0(Native Method)
	at sun.reflect.NativeConstructorAccessorImpl.newInstance(NativeConstructorAccessorImpl.java:57)
	at sun.reflect.DelegatingConstructorAccessorImpl.newInstance(DelegatingConstructorAccessorImpl.java:45)
	at java.lang.reflect.Constructor.newInstance(Constructor.java:526)
	at com.sun.corba.ee.spi.orbutil.logex.corba.CorbaExtension.makeException(CorbaExtension.java:248)
	at com.sun.corba.ee.spi.orbutil.logex.corba.CorbaExtension.makeException(CorbaExtension.java:95)
	at com.sun.corba.ee.spi.orbutil.logex.WrapperGenerator.handleFullLogging(WrapperGenerator.java:387)
	at com.sun.corba.ee.spi.orbutil.logex.WrapperGenerator.access$400(WrapperGenerator.java:107)
	at com.sun.corba.ee.spi.orbutil.logex.WrapperGenerator$2.invoke(WrapperGenerator.java:511)
	at com.sun.corba.ee.spi.orbutil.proxy.CompositeInvocationHandlerImpl.invoke(CompositeInvocationHandlerImpl.java:99)
	at com.sun.proxy.$Proxy31.valuehandlerReadException(Unknown Source)
	at com.sun.corba.ee.impl.encoding.CDRInputStream_1_0.readRMIIIOPValueType(CDRInputStream_1_0.java:1022)
	at com.sun.corba.ee.impl.encoding.CDRInputStream_1_0.read_value(CDRInputStream_1_0.java:1123)
	at com.sun.corba.ee.impl.encoding.CDRInputObject.read_value(CDRInputObject.java:531)
	at com.sun.corba.ee.impl.io.IIOPInputStream.inputObjectField(IIOPInputStream.java:2162)
	at com.sun.corba.ee.impl.io.IIOPInputStream.inputClassFields(IIOPInputStream.java:2404)
	at com.sun.corba.ee.impl.io.IIOPInputStream.inputObject(IIOPInputStream.java:1224)
	at com.sun.corba.ee.impl.io.IIOPInputStream.simpleReadObject(IIOPInputStream.java:425)
	at com.sun.corba.ee.impl.io.ValueHandlerImpl.readValueInternal(ValueHandlerImpl.java:308)
	at com.sun.corba.ee.impl.io.ValueHandlerImpl.readValue(ValueHandlerImpl.java:274)
	at com.sun.corba.ee.impl.encoding.CDRInputStream_1_0.readRMIIIOPValueType(CDRInputStream_1_0.java:1015)
	at com.sun.corba.ee.impl.encoding.CDRInputStream_1_0.read_value(CDRInputStream_1_0.java:1123)
	at com.sun.corba.ee.impl.encoding.CDRInputObject.read_value(CDRInputObject.java:531)
	at com.sun.corba.ee.impl.io.IIOPInputStream.inputObjectField(IIOPInputStream.java:2162)
	at com.sun.corba.ee.impl.io.IIOPInputStream.inputClassFields(IIOPInputStream.java:2404)
	at com.sun.corba.ee.impl.io.IIOPInputStream.inputObject(IIOPInputStream.java:1224)
	at com.sun.corba.ee.impl.io.IIOPInputStream.simpleReadObject(IIOPInputStream.java:425)
	at com.sun.corba.ee.impl.io.ValueHandlerImpl.readValueInternal(ValueHandlerImpl.java:308)
	at com.sun.corba.ee.impl.io.ValueHandlerImpl.readValue(ValueHandlerImpl.java:274)
	at com.sun.corba.ee.impl.encoding.CDRInputStream_1_0.readRMIIIOPValueType(CDRInputStream_1_0.java:1015)
	at com.sun.corba.ee.impl.encoding.CDRInputStream_1_0.read_value(CDRInputStream_1_0.java:1123)
	at com.sun.corba.ee.impl.encoding.CDRInputStream_1_0.read_value(CDRInputStream_1_0.java:935)
	at com.sun.corba.ee.impl.encoding.CDRInputObject.read_value(CDRInputObject.java:525)
	at com.sun.corba.ee.impl.corba.TCUtility.unmarshalIn(TCUtility.java:289)
	at com.sun.corba.ee.impl.corba.AnyImpl.read_value(AnyImpl.java:605)
	at com.sun.corba.ee.impl.encoding.CDRInputStream_1_0.read_any(CDRInputStream_1_0.java:775)
	at com.sun.corba.ee.impl.encoding.CDRInputObject.read_any(CDRInputObject.java:482)
	at com.sun.corba.ee.impl.javax.rmi.CORBA.Util.readAny(Util.java:452)
	at com.sun.corba.ee.impl.presentation.rmi.DynamicMethodMarshallerImpl$10.read(DynamicMethodMarshallerImpl.java:299)
	at com.sun.corba.ee.impl.presentation.rmi.DynamicMethodMarshallerImpl.readResult(DynamicMethodMarshallerImpl.java:483)
	at com.sun.corba.ee.impl.presentation.rmi.StubInvocationHandlerImpl.privateInvoke(StubInvocationHandlerImpl.java:203)
	... 58 more
Caused by: java.lang.NullPointerException
	at com.sun.corba.ee.impl.orbutil.ClassInfoCache$ClassInfo.&lt;init&gt;(ClassInfoCache.java:156)
	at com.sun.corba.ee.impl.orbutil.ClassInfoCache.get(ClassInfoCache.java:281)
	at com.sun.corba.ee.impl.encoding.CDRInputStream_1_0.read_value(CDRInputStream_1_0.java:1097)
	at com.sun.corba.ee.impl.encoding.CDRInputStream_1_0.read_value(CDRInputStream_1_0.java:935)
	at com.sun.corba.ee.impl.encoding.CDRInputObject.read_value(CDRInputObject.java:525)
	at com.sun.corba.ee.impl.corba.TCUtility.unmarshalIn(TCUtility.java:289)
	at com.sun.corba.ee.impl.corba.AnyImpl.read_value(AnyImpl.java:605)
	at com.sun.corba.ee.impl.encoding.CDRInputStream_1_0.read_any(CDRInputStream_1_0.java:775)
	at com.sun.corba.ee.impl.encoding.CDRInputObject.read_any(CDRInputObject.java:482)
	at com.sun.corba.ee.impl.javax.rmi.CORBA.Util.readAny(Util.java:452)
	at com.sun.corba.ee.impl.io.ValueHandlerImpl.read_Array(ValueHandlerImpl.java:639)
	at com.sun.corba.ee.impl.io.ValueHandlerImpl.readValueInternal(ValueHandlerImpl.java:305)
	at com.sun.corba.ee.impl.io.ValueHandlerImpl.readValue(ValueHandlerImpl.java:274)
	at com.sun.corba.ee.impl.encoding.CDRInputStream_1_0.readRMIIIOPValueType(CDRInputStream_1_0.java:1015)
	... 87 more
</error>
    <system-err>Dec 30, 2014 11:07:49 AM com.sun.corba.ee.spi.orbutil.logex.WrapperGenerator handleFullLogging
WARNING: IOP00810011: Exception from readValue on ValueHandler in CDRInputStream
org.omg.CORBA.MARSHAL: WARNING: IOP00810011: Exception from readValue on ValueHandler in CDRInputStream  vmcid: OMG  minor code: 11 completed: Maybe
	at sun.reflect.NativeConstructorAccessorImpl.newInstance0(Native Method)
	at sun.reflect.NativeConstructorAccessorImpl.newInstance(NativeConstructorAccessorImpl.java:57)
	at sun.reflect.DelegatingConstructorAccessorImpl.newInstance(DelegatingConstructorAccessorImpl.java:45)
	at java.lang.reflect.Constructor.newInstance(Constructor.java:526)
	at com.sun.corba.ee.spi.orbutil.logex.corba.CorbaExtension.makeException(CorbaExtension.java:248)
	at com.sun.corba.ee.spi.orbutil.logex.corba.CorbaExtension.makeException(CorbaExtension.java:95)
	at com.sun.corba.ee.spi.orbutil.logex.WrapperGenerator.handleFullLogging(WrapperGenerator.java:387)
	at com.sun.corba.ee.spi.orbutil.logex.WrapperGenerator.access$400(WrapperGenerator.java:107)
	at com.sun.corba.ee.spi.orbutil.logex.WrapperGenerator$2.invoke(WrapperGenerator.java:511)
	at com.sun.corba.ee.spi.orbutil.proxy.CompositeInvocationHandlerImpl.invoke(CompositeInvocationHandlerImpl.java:99)
	at com.sun.proxy.$Proxy31.valuehandlerReadException(Unknown Source)
	at com.sun.corba.ee.impl.encoding.CDRInputStream_1_0.readRMIIIOPValueType(CDRInputStream_1_0.java:1022)
	at com.sun.corba.ee.impl.encoding.CDRInputStream_1_0.read_value(CDRInputStream_1_0.java:1123)
	at com.sun.corba.ee.impl.encoding.CDRInputObject.read_value(CDRInputObject.java:531)
	at com.sun.corba.ee.impl.io.IIOPInputStream.inputObjectField(IIOPInputStream.java:2162)
	at com.sun.corba.ee.impl.io.IIOPInputStream.inputClassFields(IIOPInputStream.java:2404)
	at com.sun.corba.ee.impl.io.IIOPInputStream.inputObject(IIOPInputStream.java:1224)
	at com.sun.corba.ee.impl.io.IIOPInputStream.simpleReadObject(IIOPInputStream.java:425)
	at com.sun.corba.ee.impl.io.ValueHandlerImpl.readValueInternal(ValueHandlerImpl.java:308)
	at com.sun.corba.ee.impl.io.ValueHandlerImpl.readValue(ValueHandlerImpl.java:274)
	at com.sun.corba.ee.impl.encoding.CDRInputStream_1_0.readRMIIIOPValueType(CDRInputStream_1_0.java:1015)
	at com.sun.corba.ee.impl.encoding.CDRInputStream_1_0.read_value(CDRInputStream_1_0.java:1123)
	at com.sun.corba.ee.impl.encoding.CDRInputObject.read_value(CDRInputObject.java:531)
	at com.sun.corba.ee.impl.io.IIOPInputStream.inputObjectField(IIOPInputStream.java:2162)
	at com.sun.corba.ee.impl.io.IIOPInputStream.inputClassFields(IIOPInputStream.java:2404)
	at com.sun.corba.ee.impl.io.IIOPInputStream.inputObject(IIOPInputStream.java:1224)
	at com.sun.corba.ee.impl.io.IIOPInputStream.simpleReadObject(IIOPInputStream.java:425)
	at com.sun.corba.ee.impl.io.ValueHandlerImpl.readValueInternal(ValueHandlerImpl.java:308)
	at com.sun.corba.ee.impl.io.ValueHandlerImpl.readValue(ValueHandlerImpl.java:274)
	at com.sun.corba.ee.impl.encoding.CDRInputStream_1_0.readRMIIIOPValueType(CDRInputStream_1_0.java:1015)
	at com.sun.corba.ee.impl.encoding.CDRInputStream_1_0.read_value(CDRInputStream_1_0.java:1123)
	at com.sun.corba.ee.impl.encoding.CDRInputStream_1_0.read_value(CDRInputStream_1_0.java:935)
	at com.sun.corba.ee.impl.encoding.CDRInputObject.read_value(CDRInputObject.java:525)
	at com.sun.corba.ee.impl.corba.TCUtility.unmarshalIn(TCUtility.java:289)
	at com.sun.corba.ee.impl.corba.AnyImpl.read_value(AnyImpl.java:605)
	at com.sun.corba.ee.impl.encoding.CDRInputStream_1_0.read_any(CDRInputStream_1_0.java:775)
	at com.sun.corba.ee.impl.encoding.CDRInputObject.read_any(CDRInputObject.java:482)
	at com.sun.corba.ee.impl.javax.rmi.CORBA.Util.readAny(Util.java:452)
	at com.sun.corba.ee.impl.presentation.rmi.DynamicMethodMarshallerImpl$10.read(DynamicMethodMarshallerImpl.java:299)
	at com.sun.corba.ee.impl.presentation.rmi.DynamicMethodMarshallerImpl.readResult(DynamicMethodMarshallerImpl.java:483)
	at com.sun.corba.ee.impl.presentation.rmi.StubInvocationHandlerImpl.privateInvoke(StubInvocationHandlerImpl.java:203)
	at com.sun.corba.ee.impl.presentation.rmi.StubInvocationHandlerImpl.invoke(StubInvocationHandlerImpl.java:152)
	at com.sun.corba.ee.impl.presentation.rmi.codegen.CodegenStubBase.invoke(CodegenStubBase.java:227)
	at com.sun.enterprise.naming.impl._SerialContextProvider_DynamicStub.lookup(com/sun/enterprise/naming/impl/_SerialContextProvider_DynamicStub.java)
	at com.sun.enterprise.naming.impl.SerialContext.lookup(SerialContext.java:505)
	at com.sun.enterprise.naming.impl.SerialContext.lookup(SerialContext.java:455)
	at javax.naming.InitialContext.lookup(InitialContext.java:411)
	at org.springframework.jndi.JndiTemplate$1.doInContext(JndiTemplate.java:154)
	at org.springframework.jndi.JndiTemplate.execute(JndiTemplate.java:87)
	at org.springframework.jndi.JndiTemplate.lookup(JndiTemplate.java:152)
	at org.springframework.jndi.JndiTemplate.lookup(JndiTemplate.java:178)
	at org.springframework.jndi.JndiLocatorSupport.lookup(JndiLocatorSupport.java:104)
	at org.springframework.jndi.JndiObjectLocator.lookup(JndiObjectLocator.java:105)
	at org.springframework.jndi.JndiObjectFactoryBean.lookupWithFallback(JndiObjectFactoryBean.java:201)
	at org.springframework.jndi.JndiObjectFactoryBean.afterPropertiesSet(JndiObjectFactoryBean.java:187)
	at org.springframework.beans.factory.support.AbstractAutowireCapableBeanFactory.invokeInitMethods(AbstractAutowireCapableBeanFactory.java:1541)
	at org.springframework.beans.factory.support.AbstractAutowireCapableBeanFactory.initializeBean(AbstractAutowireCapableBeanFactory.java:1479)
	at org.springframework.beans.factory.support.AbstractAutowireCapableBeanFactory.doCreateBean(AbstractAutowireCapableBeanFactory.java:521)
	at org.springframework.beans.factory.support.AbstractAutowireCapableBeanFactory.createBean(AbstractAutowireCapableBeanFactory.java:458)
	at org.springframework.beans.factory.support.AbstractBeanFactory$1.getObject(AbstractBeanFactory.java:295)
	at org.springframework.beans.factory.support.DefaultSingletonBeanRegistry.getSingleton(DefaultSingletonBeanRegistry.java:223)
	at org.springframework.beans.factory.support.AbstractBeanFactory.doGetBean(AbstractBeanFactory.java:292)
	at org.springframework.beans.factory.support.AbstractBeanFactory.getBean(AbstractBeanFactory.java:194)
	at org.springframework.beans.factory.support.DefaultListableBeanFactory.preInstantiateSingletons(DefaultListableBeanFactory.java:608)
	at org.springframework.context.support.AbstractApplicationContext.finishBeanFactoryInitialization(AbstractApplicationContext.java:932)
	at org.springframework.context.support.AbstractApplicationContext.refresh(AbstractApplicationContext.java:479)
	at org.springframework.context.support.ClassPathXmlApplicationContext.&lt;init&gt;(ClassPathXmlApplicationContext.java:139)
	at org.springframework.context.support.ClassPathXmlApplicationContext.&lt;init&gt;(ClassPathXmlApplicationContext.java:83)
	at com.bac.accountserviceapp.data.mysql.MysqlAccountServiceAppSpringAuthenticationTest.&lt;init&gt;(MysqlAccountServiceAppSpringAuthenticationTest.java:105)
	at sun.reflect.NativeConstructorAccessorImpl.newInstance0(Native Method)
	at sun.reflect.NativeConstructorAccessorImpl.newInstance(NativeConstructorAccessorImpl.java:57)
	at sun.reflect.DelegatingConstructorAccessorImpl.newInstance(DelegatingConstructorAccessorImpl.java:45)
	at java.lang.reflect.Constructor.newInstance(Constructor.java:526)
	at org.junit.runners.BlockJUnit4ClassRunner.createTest(BlockJUnit4ClassRunner.java:187)
	at org.junit.runners.BlockJUnit4ClassRunner$1.runReflectiveCall(BlockJUnit4ClassRunner.java:236)
	at org.junit.internal.runners.model.ReflectiveCallable.run(ReflectiveCallable.java:15)
	at org.junit.runners.BlockJUnit4ClassRunner.methodBlock(BlockJUnit4ClassRunner.java:233)
	at org.junit.runners.BlockJUnit4ClassRunner.runChild(BlockJUnit4ClassRunner.java:68)
	at org.junit.runners.BlockJUnit4ClassRunner.runChild(BlockJUnit4ClassRunner.java:47)
	at org.junit.runners.ParentRunner$3.run(ParentRunner.java:231)
	at org.junit.runners.ParentRunner$1.schedule(ParentRunner.java:60)
	at org.junit.runners.ParentRunner.runChildren(ParentRunner.java:229)
	at org.junit.runners.ParentRunner.access$000(ParentRunner.java:50)
	at org.junit.runners.ParentRunner$2.evaluate(ParentRunner.java:222)
	at org.junit.internal.runners.statements.RunBefores.evaluate(RunBefores.java:28)
	at org.junit.internal.runners.statements.RunAfters.evaluate(RunAfters.java:30)
	at org.junit.runners.ParentRunner.run(ParentRunner.java:300)
	at org.apache.maven.surefire.junit4.JUnit4TestSet.execute(JUnit4TestSet.java:53)
	at org.apache.maven.surefire.junit4.JUnit4Provider.executeTestSet(JUnit4Provider.java:123)
	at org.apache.maven.surefire.junit4.JUnit4Provider.invoke(JUnit4Provider.java:104)
	at sun.reflect.NativeMethodAccessorImpl.invoke0(Native Method)
	at sun.reflect.NativeMethodAccessorImpl.invoke(NativeMethodAccessorImpl.java:57)
	at sun.reflect.DelegatingMethodAccessorImpl.invoke(DelegatingMethodAccessorImpl.java:43)
	at java.lang.reflect.Method.invoke(Method.java:606)
	at org.apache.maven.surefire.util.ReflectionUtils.invokeMethodWithArray(ReflectionUtils.java:164)
	at org.apache.maven.surefire.booter.ProviderFactory$ProviderProxy.invoke(ProviderFactory.java:110)
	at org.apache.maven.surefire.booter.SurefireStarter.invokeProvider(SurefireStarter.java:175)
	at org.apache.maven.surefire.booter.SurefireStarter.runSuitesInProcessWhenForked(SurefireStarter.java:107)
	at org.apache.maven.surefire.booter.ForkedBooter.main(ForkedBooter.java:68)
Caused by: java.lang.NullPointerException
	at com.sun.corba.ee.impl.orbutil.ClassInfoCache$ClassInfo.&lt;init&gt;(ClassInfoCache.java:156)
	at com.sun.corba.ee.impl.orbutil.ClassInfoCache.get(ClassInfoCache.java:281)
	at com.sun.corba.ee.impl.encoding.CDRInputStream_1_0.read_value(CDRInputStream_1_0.java:1097)
	at com.sun.corba.ee.impl.encoding.CDRInputStream_1_0.read_value(CDRInputStream_1_0.java:935)
	at com.sun.corba.ee.impl.encoding.CDRInputObject.read_value(CDRInputObject.java:525)
	at com.sun.corba.ee.impl.corba.TCUtility.unmarshalIn(TCUtility.java:289)
	at com.sun.corba.ee.impl.corba.AnyImpl.read_value(AnyImpl.java:605)
	at com.sun.corba.ee.impl.encoding.CDRInputStream_1_0.read_any(CDRInputStream_1_0.java:775)
	at com.sun.corba.ee.impl.encoding.CDRInputObject.read_any(CDRInputObject.java:482)
	at com.sun.corba.ee.impl.javax.rmi.CORBA.Util.readAny(Util.java:452)
	at com.sun.corba.ee.impl.io.ValueHandlerImpl.read_Array(ValueHandlerImpl.java:639)
	at com.sun.corba.ee.impl.io.ValueHandlerImpl.readValueInternal(ValueHandlerImpl.java:305)
	at com.sun.corba.ee.impl.io.ValueHandlerImpl.readValue(ValueHandlerImpl.java:274)
	at com.sun.corba.ee.impl.encoding.CDRInputStream_1_0.readRMIIIOPValueType(CDRInputStream_1_0.java:1015)
	... 87 more

</system-err>
  </testcase>
  <testcase time="0.001" classname="com.bac.accountserviceapp.data.mysql.MysqlAccountServiceAppSpringAuthenticationTest" name="testAuthentication_InactiveApplication">
    <error message="Error creating bean with name &apos;dataSource&apos;: Invocation of init method failed; nested exception is javax.naming.CommunicationException: Communication exception for SerialContext[myEnv={java.naming.factory.state=com.sun.corba.ee.impl.presentation.rmi.JNDIStateFactoryImpl, java.naming.factory.url.pkgs=com.sun.enterprise.naming, java.naming.factory.initial=com.sun.enterprise.naming.SerialInitContextFactory} [Root exception is java.rmi.MarshalException: CORBA MARSHAL 1330446347 Maybe; nested exception is: 
	org.omg.CORBA.MARSHAL: WARNING: IOP00810011: Exception from readValue on ValueHandler in CDRInputStream  vmcid: OMG  minor code: 11 completed: Maybe]" type="org.springframework.beans.factory.BeanCreationException">org.springframework.beans.factory.BeanCreationException: Error creating bean with name &apos;dataSource&apos;: Invocation of init method failed; nested exception is javax.naming.CommunicationException: Communication exception for SerialContext[myEnv={java.naming.factory.state=com.sun.corba.ee.impl.presentation.rmi.JNDIStateFactoryImpl, java.naming.factory.url.pkgs=com.sun.enterprise.naming, java.naming.factory.initial=com.sun.enterprise.naming.SerialInitContextFactory} [Root exception is java.rmi.MarshalException: CORBA MARSHAL 1330446347 Maybe; nested exception is: 
	org.omg.CORBA.MARSHAL: WARNING: IOP00810011: Exception from readValue on ValueHandler in CDRInputStream  vmcid: OMG  minor code: 11 completed: Maybe]
	at org.springframework.beans.factory.support.AbstractAutowireCapableBeanFactory.initializeBean(AbstractAutowireCapableBeanFactory.java:1482)
	at org.springframework.beans.factory.support.AbstractAutowireCapableBeanFactory.doCreateBean(AbstractAutowireCapableBeanFactory.java:521)
	at org.springframework.beans.factory.support.AbstractAutowireCapableBeanFactory.createBean(AbstractAutowireCapableBeanFactory.java:458)
	at org.springframework.beans.factory.support.AbstractBeanFactory$1.getObject(AbstractBeanFactory.java:295)
	at org.springframework.beans.factory.support.DefaultSingletonBeanRegistry.getSingleton(DefaultSingletonBeanRegistry.java:223)
	at org.springframework.beans.factory.support.AbstractBeanFactory.doGetBean(AbstractBeanFactory.java:292)
	at org.springframework.beans.factory.support.AbstractBeanFactory.getBean(AbstractBeanFactory.java:194)
	at org.springframework.beans.factory.support.DefaultListableBeanFactory.preInstantiateSingletons(DefaultListableBeanFactory.java:608)
	at org.springframework.context.support.AbstractApplicationContext.finishBeanFactoryInitialization(AbstractApplicationContext.java:932)
	at org.springframework.context.support.AbstractApplicationContext.refresh(AbstractApplicationContext.java:479)
	at org.springframework.context.support.ClassPathXmlApplicationContext.&lt;init&gt;(ClassPathXmlApplicationContext.java:139)
	at org.springframework.context.support.ClassPathXmlApplicationContext.&lt;init&gt;(ClassPathXmlApplicationContext.java:83)
	at com.bac.accountserviceapp.data.mysql.MysqlAccountServiceAppSpringAuthenticationTest.&lt;init&gt;(MysqlAccountServiceAppSpringAuthenticationTest.java:105)
	at sun.reflect.NativeConstructorAccessorImpl.newInstance0(Native Method)
	at sun.reflect.NativeConstructorAccessorImpl.newInstance(NativeConstructorAccessorImpl.java:57)
	at sun.reflect.DelegatingConstructorAccessorImpl.newInstance(DelegatingConstructorAccessorImpl.java:45)
	at java.lang.reflect.Constructor.newInstance(Constructor.java:526)
	at org.junit.runners.BlockJUnit4ClassRunner.createTest(BlockJUnit4ClassRunner.java:187)
	at org.junit.runners.BlockJUnit4ClassRunner$1.runReflectiveCall(BlockJUnit4ClassRunner.java:236)
	at org.junit.internal.runners.model.ReflectiveCallable.run(ReflectiveCallable.java:15)
	at org.junit.runners.BlockJUnit4ClassRunner.methodBlock(BlockJUnit4ClassRunner.java:233)
	at org.junit.runners.BlockJUnit4ClassRunner.runChild(BlockJUnit4ClassRunner.java:68)
	at org.junit.runners.BlockJUnit4ClassRunner.runChild(BlockJUnit4ClassRunner.java:47)
	at org.junit.runners.ParentRunner$3.run(ParentRunner.java:231)
	at org.junit.runners.ParentRunner$1.schedule(ParentRunner.java:60)
	at org.junit.runners.ParentRunner.runChildren(ParentRunner.java:229)
	at org.junit.runners.ParentRunner.access$000(ParentRunner.java:50)
	at org.junit.runners.ParentRunner$2.evaluate(ParentRunner.java:222)
	at org.junit.internal.runners.statements.RunBefores.evaluate(RunBefores.java:28)
	at org.junit.internal.runners.statements.RunAfters.evaluate(RunAfters.java:30)
	at org.junit.runners.ParentRunner.run(ParentRunner.java:300)
	at org.apache.maven.surefire.junit4.JUnit4TestSet.execute(JUnit4TestSet.java:53)
	at org.apache.maven.surefire.junit4.JUnit4Provider.executeTestSet(JUnit4Provider.java:123)
	at org.apache.maven.surefire.junit4.JUnit4Provider.invoke(JUnit4Provider.java:104)
	at sun.reflect.NativeMethodAccessorImpl.invoke0(Native Method)
	at sun.reflect.NativeMethodAccessorImpl.invoke(NativeMethodAccessorImpl.java:57)
	at sun.reflect.DelegatingMethodAccessorImpl.invoke(DelegatingMethodAccessorImpl.java:43)
	at java.lang.reflect.Method.invoke(Method.java:606)
	at org.apache.maven.surefire.util.ReflectionUtils.invokeMethodWithArray(ReflectionUtils.java:164)
	at org.apache.maven.surefire.booter.ProviderFactory$ProviderProxy.invoke(ProviderFactory.java:110)
	at org.apache.maven.surefire.booter.SurefireStarter.invokeProvider(SurefireStarter.java:175)
	at org.apache.maven.surefire.booter.SurefireStarter.runSuitesInProcessWhenForked(SurefireStarter.java:107)
	at org.apache.maven.surefire.booter.ForkedBooter.main(ForkedBooter.java:68)
Caused by: javax.naming.CommunicationException: Communication exception for SerialContext[myEnv={java.naming.factory.state=com.sun.corba.ee.impl.presentation.rmi.JNDIStateFactoryImpl, java.naming.factory.url.pkgs=com.sun.enterprise.naming, java.naming.factory.initial=com.sun.enterprise.naming.SerialInitContextFactory} [Root exception is java.rmi.MarshalException: CORBA MARSHAL 1330446347 Maybe; nested exception is: 
	org.omg.CORBA.MARSHAL: WARNING: IOP00810011: Exception from readValue on ValueHandler in CDRInputStream  vmcid: OMG  minor code: 11 completed: Maybe]
	at com.sun.enterprise.naming.impl.SerialContext.lookup(SerialContext.java:542)
	at com.sun.enterprise.naming.impl.SerialContext.lookup(SerialContext.java:455)
	at javax.naming.InitialContext.lookup(InitialContext.java:411)
	at org.springframework.jndi.JndiTemplate$1.doInContext(JndiTemplate.java:154)
	at org.springframework.jndi.JndiTemplate.execute(JndiTemplate.java:87)
	at org.springframework.jndi.JndiTemplate.lookup(JndiTemplate.java:152)
	at org.springframework.jndi.JndiTemplate.lookup(JndiTemplate.java:178)
	at org.springframework.jndi.JndiLocatorSupport.lookup(JndiLocatorSupport.java:104)
	at org.springframework.jndi.JndiObjectLocator.lookup(JndiObjectLocator.java:105)
	at org.springframework.jndi.JndiObjectFactoryBean.lookupWithFallback(JndiObjectFactoryBean.java:201)
	at org.springframework.jndi.JndiObjectFactoryBean.afterPropertiesSet(JndiObjectFactoryBean.java:187)
	at org.springframework.beans.factory.support.AbstractAutowireCapableBeanFactory.invokeInitMethods(AbstractAutowireCapableBeanFactory.java:1541)
	at org.springframework.beans.factory.support.AbstractAutowireCapableBeanFactory.initializeBean(AbstractAutowireCapableBeanFactory.java:1479)
	... 42 more
Caused by: java.rmi.MarshalException: CORBA MARSHAL 1330446347 Maybe; nested exception is: 
	org.omg.CORBA.MARSHAL: WARNING: IOP00810011: Exception from readValue on ValueHandler in CDRInputStream  vmcid: OMG  minor code: 11 completed: Maybe
	at com.sun.corba.ee.impl.javax.rmi.CORBA.Util.mapSystemException(Util.java:267)
	at com.sun.corba.ee.impl.presentation.rmi.StubInvocationHandlerImpl.privateInvoke(StubInvocationHandlerImpl.java:213)
	at com.sun.corba.ee.impl.presentation.rmi.StubInvocationHandlerImpl.invoke(StubInvocationHandlerImpl.java:152)
	at com.sun.corba.ee.impl.presentation.rmi.codegen.CodegenStubBase.invoke(CodegenStubBase.java:227)
	at com.sun.enterprise.naming.impl._SerialContextProvider_DynamicStub.lookup(com/sun/enterprise/naming/impl/_SerialContextProvider_DynamicStub.java)
	at com.sun.enterprise.naming.impl.SerialContext.lookup(SerialContext.java:505)
	... 54 more
Caused by: org.omg.CORBA.MARSHAL: WARNING: IOP00810011: Exception from readValue on ValueHandler in CDRInputStream  vmcid: OMG  minor code: 11 completed: Maybe
	at sun.reflect.NativeConstructorAccessorImpl.newInstance0(Native Method)
	at sun.reflect.NativeConstructorAccessorImpl.newInstance(NativeConstructorAccessorImpl.java:57)
	at sun.reflect.DelegatingConstructorAccessorImpl.newInstance(DelegatingConstructorAccessorImpl.java:45)
	at java.lang.reflect.Constructor.newInstance(Constructor.java:526)
	at com.sun.corba.ee.spi.orbutil.logex.corba.CorbaExtension.makeException(CorbaExtension.java:248)
	at com.sun.corba.ee.spi.orbutil.logex.corba.CorbaExtension.makeException(CorbaExtension.java:95)
	at com.sun.corba.ee.spi.orbutil.logex.WrapperGenerator.handleFullLogging(WrapperGenerator.java:387)
	at com.sun.corba.ee.spi.orbutil.logex.WrapperGenerator.access$400(WrapperGenerator.java:107)
	at com.sun.corba.ee.spi.orbutil.logex.WrapperGenerator$2.invoke(WrapperGenerator.java:511)
	at com.sun.corba.ee.spi.orbutil.proxy.CompositeInvocationHandlerImpl.invoke(CompositeInvocationHandlerImpl.java:99)
	at com.sun.proxy.$Proxy31.valuehandlerReadException(Unknown Source)
	at com.sun.corba.ee.impl.encoding.CDRInputStream_1_0.readRMIIIOPValueType(CDRInputStream_1_0.java:1022)
	at com.sun.corba.ee.impl.encoding.CDRInputStream_1_0.read_value(CDRInputStream_1_0.java:1123)
	at com.sun.corba.ee.impl.encoding.CDRInputObject.read_value(CDRInputObject.java:531)
	at com.sun.corba.ee.impl.io.IIOPInputStream.inputObjectField(IIOPInputStream.java:2162)
	at com.sun.corba.ee.impl.io.IIOPInputStream.inputClassFields(IIOPInputStream.java:2404)
	at com.sun.corba.ee.impl.io.IIOPInputStream.inputObject(IIOPInputStream.java:1224)
	at com.sun.corba.ee.impl.io.IIOPInputStream.simpleReadObject(IIOPInputStream.java:425)
	at com.sun.corba.ee.impl.io.ValueHandlerImpl.readValueInternal(ValueHandlerImpl.java:308)
	at com.sun.corba.ee.impl.io.ValueHandlerImpl.readValue(ValueHandlerImpl.java:274)
	at com.sun.corba.ee.impl.encoding.CDRInputStream_1_0.readRMIIIOPValueType(CDRInputStream_1_0.java:1015)
	at com.sun.corba.ee.impl.encoding.CDRInputStream_1_0.read_value(CDRInputStream_1_0.java:1123)
	at com.sun.corba.ee.impl.encoding.CDRInputObject.read_value(CDRInputObject.java:531)
	at com.sun.corba.ee.impl.io.IIOPInputStream.inputObjectField(IIOPInputStream.java:2162)
	at com.sun.corba.ee.impl.io.IIOPInputStream.inputClassFields(IIOPInputStream.java:2404)
	at com.sun.corba.ee.impl.io.IIOPInputStream.inputObject(IIOPInputStream.java:1224)
	at com.sun.corba.ee.impl.io.IIOPInputStream.simpleReadObject(IIOPInputStream.java:425)
	at com.sun.corba.ee.impl.io.ValueHandlerImpl.readValueInternal(ValueHandlerImpl.java:308)
	at com.sun.corba.ee.impl.io.ValueHandlerImpl.readValue(ValueHandlerImpl.java:274)
	at com.sun.corba.ee.impl.encoding.CDRInputStream_1_0.readRMIIIOPValueType(CDRInputStream_1_0.java:1015)
	at com.sun.corba.ee.impl.encoding.CDRInputStream_1_0.read_value(CDRInputStream_1_0.java:1123)
	at com.sun.corba.ee.impl.encoding.CDRInputStream_1_0.read_value(CDRInputStream_1_0.java:935)
	at com.sun.corba.ee.impl.encoding.CDRInputObject.read_value(CDRInputObject.java:525)
	at com.sun.corba.ee.impl.corba.TCUtility.unmarshalIn(TCUtility.java:289)
	at com.sun.corba.ee.impl.corba.AnyImpl.read_value(AnyImpl.java:605)
	at com.sun.corba.ee.impl.encoding.CDRInputStream_1_0.read_any(CDRInputStream_1_0.java:775)
	at com.sun.corba.ee.impl.encoding.CDRInputObject.read_any(CDRInputObject.java:482)
	at com.sun.corba.ee.impl.javax.rmi.CORBA.Util.readAny(Util.java:452)
	at com.sun.corba.ee.impl.presentation.rmi.DynamicMethodMarshallerImpl$10.read(DynamicMethodMarshallerImpl.java:299)
	at com.sun.corba.ee.impl.presentation.rmi.DynamicMethodMarshallerImpl.readResult(DynamicMethodMarshallerImpl.java:483)
	at com.sun.corba.ee.impl.presentation.rmi.StubInvocationHandlerImpl.privateInvoke(StubInvocationHandlerImpl.java:203)
	... 58 more
Caused by: java.lang.NullPointerException
	at com.sun.corba.ee.impl.orbutil.ClassInfoCache$ClassInfo.&lt;init&gt;(ClassInfoCache.java:156)
	at com.sun.corba.ee.impl.orbutil.ClassInfoCache.get(ClassInfoCache.java:281)
	at com.sun.corba.ee.impl.encoding.CDRInputStream_1_0.read_value(CDRInputStream_1_0.java:1097)
	at com.sun.corba.ee.impl.encoding.CDRInputStream_1_0.read_value(CDRInputStream_1_0.java:935)
	at com.sun.corba.ee.impl.encoding.CDRInputObject.read_value(CDRInputObject.java:525)
	at com.sun.corba.ee.impl.corba.TCUtility.unmarshalIn(TCUtility.java:289)
	at com.sun.corba.ee.impl.corba.AnyImpl.read_value(AnyImpl.java:605)
	at com.sun.corba.ee.impl.encoding.CDRInputStream_1_0.read_any(CDRInputStream_1_0.java:775)
	at com.sun.corba.ee.impl.encoding.CDRInputObject.read_any(CDRInputObject.java:482)
	at com.sun.corba.ee.impl.javax.rmi.CORBA.Util.readAny(Util.java:452)
	at com.sun.corba.ee.impl.io.ValueHandlerImpl.read_Array(ValueHandlerImpl.java:639)
	at com.sun.corba.ee.impl.io.ValueHandlerImpl.readValueInternal(ValueHandlerImpl.java:305)
	at com.sun.corba.ee.impl.io.ValueHandlerImpl.readValue(ValueHandlerImpl.java:274)
	at com.sun.corba.ee.impl.encoding.CDRInputStream_1_0.readRMIIIOPValueType(CDRInputStream_1_0.java:1015)
	... 87 more
</error>
    <system-err>Dec 30, 2014 11:07:49 AM com.sun.corba.ee.spi.orbutil.logex.WrapperGenerator handleFullLogging
WARNING: IOP00810011: Exception from readValue on ValueHandler in CDRInputStream
org.omg.CORBA.MARSHAL: WARNING: IOP00810011: Exception from readValue on ValueHandler in CDRInputStream  vmcid: OMG  minor code: 11 completed: Maybe
	at sun.reflect.NativeConstructorAccessorImpl.newInstance0(Native Method)
	at sun.reflect.NativeConstructorAccessorImpl.newInstance(NativeConstructorAccessorImpl.java:57)
	at sun.reflect.DelegatingConstructorAccessorImpl.newInstance(DelegatingConstructorAccessorImpl.java:45)
	at java.lang.reflect.Constructor.newInstance(Constructor.java:526)
	at com.sun.corba.ee.spi.orbutil.logex.corba.CorbaExtension.makeException(CorbaExtension.java:248)
	at com.sun.corba.ee.spi.orbutil.logex.corba.CorbaExtension.makeException(CorbaExtension.java:95)
	at com.sun.corba.ee.spi.orbutil.logex.WrapperGenerator.handleFullLogging(WrapperGenerator.java:387)
	at com.sun.corba.ee.spi.orbutil.logex.WrapperGenerator.access$400(WrapperGenerator.java:107)
	at com.sun.corba.ee.spi.orbutil.logex.WrapperGenerator$2.invoke(WrapperGenerator.java:511)
	at com.sun.corba.ee.spi.orbutil.proxy.CompositeInvocationHandlerImpl.invoke(CompositeInvocationHandlerImpl.java:99)
	at com.sun.proxy.$Proxy31.valuehandlerReadException(Unknown Source)
	at com.sun.corba.ee.impl.encoding.CDRInputStream_1_0.readRMIIIOPValueType(CDRInputStream_1_0.java:1022)
	at com.sun.corba.ee.impl.encoding.CDRInputStream_1_0.read_value(CDRInputStream_1_0.java:1123)
	at com.sun.corba.ee.impl.encoding.CDRInputObject.read_value(CDRInputObject.java:531)
	at com.sun.corba.ee.impl.io.IIOPInputStream.inputObjectField(IIOPInputStream.java:2162)
	at com.sun.corba.ee.impl.io.IIOPInputStream.inputClassFields(IIOPInputStream.java:2404)
	at com.sun.corba.ee.impl.io.IIOPInputStream.inputObject(IIOPInputStream.java:1224)
	at com.sun.corba.ee.impl.io.IIOPInputStream.simpleReadObject(IIOPInputStream.java:425)
	at com.sun.corba.ee.impl.io.ValueHandlerImpl.readValueInternal(ValueHandlerImpl.java:308)
	at com.sun.corba.ee.impl.io.ValueHandlerImpl.readValue(ValueHandlerImpl.java:274)
	at com.sun.corba.ee.impl.encoding.CDRInputStream_1_0.readRMIIIOPValueType(CDRInputStream_1_0.java:1015)
	at com.sun.corba.ee.impl.encoding.CDRInputStream_1_0.read_value(CDRInputStream_1_0.java:1123)
	at com.sun.corba.ee.impl.encoding.CDRInputObject.read_value(CDRInputObject.java:531)
	at com.sun.corba.ee.impl.io.IIOPInputStream.inputObjectField(IIOPInputStream.java:2162)
	at com.sun.corba.ee.impl.io.IIOPInputStream.inputClassFields(IIOPInputStream.java:2404)
	at com.sun.corba.ee.impl.io.IIOPInputStream.inputObject(IIOPInputStream.java:1224)
	at com.sun.corba.ee.impl.io.IIOPInputStream.simpleReadObject(IIOPInputStream.java:425)
	at com.sun.corba.ee.impl.io.ValueHandlerImpl.readValueInternal(ValueHandlerImpl.java:308)
	at com.sun.corba.ee.impl.io.ValueHandlerImpl.readValue(ValueHandlerImpl.java:274)
	at com.sun.corba.ee.impl.encoding.CDRInputStream_1_0.readRMIIIOPValueType(CDRInputStream_1_0.java:1015)
	at com.sun.corba.ee.impl.encoding.CDRInputStream_1_0.read_value(CDRInputStream_1_0.java:1123)
	at com.sun.corba.ee.impl.encoding.CDRInputStream_1_0.read_value(CDRInputStream_1_0.java:935)
	at com.sun.corba.ee.impl.encoding.CDRInputObject.read_value(CDRInputObject.java:525)
	at com.sun.corba.ee.impl.corba.TCUtility.unmarshalIn(TCUtility.java:289)
	at com.sun.corba.ee.impl.corba.AnyImpl.read_value(AnyImpl.java:605)
	at com.sun.corba.ee.impl.encoding.CDRInputStream_1_0.read_any(CDRInputStream_1_0.java:775)
	at com.sun.corba.ee.impl.encoding.CDRInputObject.read_any(CDRInputObject.java:482)
	at com.sun.corba.ee.impl.javax.rmi.CORBA.Util.readAny(Util.java:452)
	at com.sun.corba.ee.impl.presentation.rmi.DynamicMethodMarshallerImpl$10.read(DynamicMethodMarshallerImpl.java:299)
	at com.sun.corba.ee.impl.presentation.rmi.DynamicMethodMarshallerImpl.readResult(DynamicMethodMarshallerImpl.java:483)
	at com.sun.corba.ee.impl.presentation.rmi.StubInvocationHandlerImpl.privateInvoke(StubInvocationHandlerImpl.java:203)
	at com.sun.corba.ee.impl.presentation.rmi.StubInvocationHandlerImpl.invoke(StubInvocationHandlerImpl.java:152)
	at com.sun.corba.ee.impl.presentation.rmi.codegen.CodegenStubBase.invoke(CodegenStubBase.java:227)
	at com.sun.enterprise.naming.impl._SerialContextProvider_DynamicStub.lookup(com/sun/enterprise/naming/impl/_SerialContextProvider_DynamicStub.java)
	at com.sun.enterprise.naming.impl.SerialContext.lookup(SerialContext.java:505)
	at com.sun.enterprise.naming.impl.SerialContext.lookup(SerialContext.java:455)
	at javax.naming.InitialContext.lookup(InitialContext.java:411)
	at org.springframework.jndi.JndiTemplate$1.doInContext(JndiTemplate.java:154)
	at org.springframework.jndi.JndiTemplate.execute(JndiTemplate.java:87)
	at org.springframework.jndi.JndiTemplate.lookup(JndiTemplate.java:152)
	at org.springframework.jndi.JndiTemplate.lookup(JndiTemplate.java:178)
	at org.springframework.jndi.JndiLocatorSupport.lookup(JndiLocatorSupport.java:104)
	at org.springframework.jndi.JndiObjectLocator.lookup(JndiObjectLocator.java:105)
	at org.springframework.jndi.JndiObjectFactoryBean.lookupWithFallback(JndiObjectFactoryBean.java:201)
	at org.springframework.jndi.JndiObjectFactoryBean.afterPropertiesSet(JndiObjectFactoryBean.java:187)
	at org.springframework.beans.factory.support.AbstractAutowireCapableBeanFactory.invokeInitMethods(AbstractAutowireCapableBeanFactory.java:1541)
	at org.springframework.beans.factory.support.AbstractAutowireCapableBeanFactory.initializeBean(AbstractAutowireCapableBeanFactory.java:1479)
	at org.springframework.beans.factory.support.AbstractAutowireCapableBeanFactory.doCreateBean(AbstractAutowireCapableBeanFactory.java:521)
	at org.springframework.beans.factory.support.AbstractAutowireCapableBeanFactory.createBean(AbstractAutowireCapableBeanFactory.java:458)
	at org.springframework.beans.factory.support.AbstractBeanFactory$1.getObject(AbstractBeanFactory.java:295)
	at org.springframework.beans.factory.support.DefaultSingletonBeanRegistry.getSingleton(DefaultSingletonBeanRegistry.java:223)
	at org.springframework.beans.factory.support.AbstractBeanFactory.doGetBean(AbstractBeanFactory.java:292)
	at org.springframework.beans.factory.support.AbstractBeanFactory.getBean(AbstractBeanFactory.java:194)
	at org.springframework.beans.factory.support.DefaultListableBeanFactory.preInstantiateSingletons(DefaultListableBeanFactory.java:608)
	at org.springframework.context.support.AbstractApplicationContext.finishBeanFactoryInitialization(AbstractApplicationContext.java:932)
	at org.springframework.context.support.AbstractApplicationContext.refresh(AbstractApplicationContext.java:479)
	at org.springframework.context.support.ClassPathXmlApplicationContext.&lt;init&gt;(ClassPathXmlApplicationContext.java:139)
	at org.springframework.context.support.ClassPathXmlApplicationContext.&lt;init&gt;(ClassPathXmlApplicationContext.java:83)
	at com.bac.accountserviceapp.data.mysql.MysqlAccountServiceAppSpringAuthenticationTest.&lt;init&gt;(MysqlAccountServiceAppSpringAuthenticationTest.java:105)
	at sun.reflect.NativeConstructorAccessorImpl.newInstance0(Native Method)
	at sun.reflect.NativeConstructorAccessorImpl.newInstance(NativeConstructorAccessorImpl.java:57)
	at sun.reflect.DelegatingConstructorAccessorImpl.newInstance(DelegatingConstructorAccessorImpl.java:45)
	at java.lang.reflect.Constructor.newInstance(Constructor.java:526)
	at org.junit.runners.BlockJUnit4ClassRunner.createTest(BlockJUnit4ClassRunner.java:187)
	at org.junit.runners.BlockJUnit4ClassRunner$1.runReflectiveCall(BlockJUnit4ClassRunner.java:236)
	at org.junit.internal.runners.model.ReflectiveCallable.run(ReflectiveCallable.java:15)
	at org.junit.runners.BlockJUnit4ClassRunner.methodBlock(BlockJUnit4ClassRunner.java:233)
	at org.junit.runners.BlockJUnit4ClassRunner.runChild(BlockJUnit4ClassRunner.java:68)
	at org.junit.runners.BlockJUnit4ClassRunner.runChild(BlockJUnit4ClassRunner.java:47)
	at org.junit.runners.ParentRunner$3.run(ParentRunner.java:231)
	at org.junit.runners.ParentRunner$1.schedule(ParentRunner.java:60)
	at org.junit.runners.ParentRunner.runChildren(ParentRunner.java:229)
	at org.junit.runners.ParentRunner.access$000(ParentRunner.java:50)
	at org.junit.runners.ParentRunner$2.evaluate(ParentRunner.java:222)
	at org.junit.internal.runners.statements.RunBefores.evaluate(RunBefores.java:28)
	at org.junit.internal.runners.statements.RunAfters.evaluate(RunAfters.java:30)
	at org.junit.runners.ParentRunner.run(ParentRunner.java:300)
	at org.apache.maven.surefire.junit4.JUnit4TestSet.execute(JUnit4TestSet.java:53)
	at org.apache.maven.surefire.junit4.JUnit4Provider.executeTestSet(JUnit4Provider.java:123)
	at org.apache.maven.surefire.junit4.JUnit4Provider.invoke(JUnit4Provider.java:104)
	at sun.reflect.NativeMethodAccessorImpl.invoke0(Native Method)
	at sun.reflect.NativeMethodAccessorImpl.invoke(NativeMethodAccessorImpl.java:57)
	at sun.reflect.DelegatingMethodAccessorImpl.invoke(DelegatingMethodAccessorImpl.java:43)
	at java.lang.reflect.Method.invoke(Method.java:606)
	at org.apache.maven.surefire.util.ReflectionUtils.invokeMethodWithArray(ReflectionUtils.java:164)
	at org.apache.maven.surefire.booter.ProviderFactory$ProviderProxy.invoke(ProviderFactory.java:110)
	at org.apache.maven.surefire.booter.SurefireStarter.invokeProvider(SurefireStarter.java:175)
	at org.apache.maven.surefire.booter.SurefireStarter.runSuitesInProcessWhenForked(SurefireStarter.java:107)
	at org.apache.maven.surefire.booter.ForkedBooter.main(ForkedBooter.java:68)
Caused by: java.lang.NullPointerException
	at com.sun.corba.ee.impl.orbutil.ClassInfoCache$ClassInfo.&lt;init&gt;(ClassInfoCache.java:156)
	at com.sun.corba.ee.impl.orbutil.ClassInfoCache.get(ClassInfoCache.java:281)
	at com.sun.corba.ee.impl.encoding.CDRInputStream_1_0.read_value(CDRInputStream_1_0.java:1097)
	at com.sun.corba.ee.impl.encoding.CDRInputStream_1_0.read_value(CDRInputStream_1_0.java:935)
	at com.sun.corba.ee.impl.encoding.CDRInputObject.read_value(CDRInputObject.java:525)
	at com.sun.corba.ee.impl.corba.TCUtility.unmarshalIn(TCUtility.java:289)
	at com.sun.corba.ee.impl.corba.AnyImpl.read_value(AnyImpl.java:605)
	at com.sun.corba.ee.impl.encoding.CDRInputStream_1_0.read_any(CDRInputStream_1_0.java:775)
	at com.sun.corba.ee.impl.encoding.CDRInputObject.read_any(CDRInputObject.java:482)
	at com.sun.corba.ee.impl.javax.rmi.CORBA.Util.readAny(Util.java:452)
	at com.sun.corba.ee.impl.io.ValueHandlerImpl.read_Array(ValueHandlerImpl.java:639)
	at com.sun.corba.ee.impl.io.ValueHandlerImpl.readValueInternal(ValueHandlerImpl.java:305)
	at com.sun.corba.ee.impl.io.ValueHandlerImpl.readValue(ValueHandlerImpl.java:274)
	at com.sun.corba.ee.impl.encoding.CDRInputStream_1_0.readRMIIIOPValueType(CDRInputStream_1_0.java:1015)
	... 87 more

</system-err>
  </testcase>
  <testcase time="0.007" classname="com.bac.accountserviceapp.data.mysql.MysqlAccountServiceAppSpringAuthenticationTest" name="testAuthentication_InactiveAccountUser">
    <error message="Error creating bean with name &apos;dataSource&apos;: Invocation of init method failed; nested exception is javax.naming.CommunicationException: Communication exception for SerialContext[myEnv={java.naming.factory.state=com.sun.corba.ee.impl.presentation.rmi.JNDIStateFactoryImpl, java.naming.factory.url.pkgs=com.sun.enterprise.naming, java.naming.factory.initial=com.sun.enterprise.naming.SerialInitContextFactory} [Root exception is java.rmi.MarshalException: CORBA MARSHAL 1330446347 Maybe; nested exception is: 
	org.omg.CORBA.MARSHAL: WARNING: IOP00810011: Exception from readValue on ValueHandler in CDRInputStream  vmcid: OMG  minor code: 11 completed: Maybe]" type="org.springframework.beans.factory.BeanCreationException">org.springframework.beans.factory.BeanCreationException: Error creating bean with name &apos;dataSource&apos;: Invocation of init method failed; nested exception is javax.naming.CommunicationException: Communication exception for SerialContext[myEnv={java.naming.factory.state=com.sun.corba.ee.impl.presentation.rmi.JNDIStateFactoryImpl, java.naming.factory.url.pkgs=com.sun.enterprise.naming, java.naming.factory.initial=com.sun.enterprise.naming.SerialInitContextFactory} [Root exception is java.rmi.MarshalException: CORBA MARSHAL 1330446347 Maybe; nested exception is: 
	org.omg.CORBA.MARSHAL: WARNING: IOP00810011: Exception from readValue on ValueHandler in CDRInputStream  vmcid: OMG  minor code: 11 completed: Maybe]
	at org.springframework.beans.factory.support.AbstractAutowireCapableBeanFactory.initializeBean(AbstractAutowireCapableBeanFactory.java:1482)
	at org.springframework.beans.factory.support.AbstractAutowireCapableBeanFactory.doCreateBean(AbstractAutowireCapableBeanFactory.java:521)
	at org.springframework.beans.factory.support.AbstractAutowireCapableBeanFactory.createBean(AbstractAutowireCapableBeanFactory.java:458)
	at org.springframework.beans.factory.support.AbstractBeanFactory$1.getObject(AbstractBeanFactory.java:295)
	at org.springframework.beans.factory.support.DefaultSingletonBeanRegistry.getSingleton(DefaultSingletonBeanRegistry.java:223)
	at org.springframework.beans.factory.support.AbstractBeanFactory.doGetBean(AbstractBeanFactory.java:292)
	at org.springframework.beans.factory.support.AbstractBeanFactory.getBean(AbstractBeanFactory.java:194)
	at org.springframework.beans.factory.support.DefaultListableBeanFactory.preInstantiateSingletons(DefaultListableBeanFactory.java:608)
	at org.springframework.context.support.AbstractApplicationContext.finishBeanFactoryInitialization(AbstractApplicationContext.java:932)
	at org.springframework.context.support.AbstractApplicationContext.refresh(AbstractApplicationContext.java:479)
	at org.springframework.context.support.ClassPathXmlApplicationContext.&lt;init&gt;(ClassPathXmlApplicationContext.java:139)
	at org.springframework.context.support.ClassPathXmlApplicationContext.&lt;init&gt;(ClassPathXmlApplicationContext.java:83)
	at com.bac.accountserviceapp.data.mysql.MysqlAccountServiceAppSpringAuthenticationTest.&lt;init&gt;(MysqlAccountServiceAppSpringAuthenticationTest.java:105)
	at sun.reflect.NativeConstructorAccessorImpl.newInstance0(Native Method)
	at sun.reflect.NativeConstructorAccessorImpl.newInstance(NativeConstructorAccessorImpl.java:57)
	at sun.reflect.DelegatingConstructorAccessorImpl.newInstance(DelegatingConstructorAccessorImpl.java:45)
	at java.lang.reflect.Constructor.newInstance(Constructor.java:526)
	at org.junit.runners.BlockJUnit4ClassRunner.createTest(BlockJUnit4ClassRunner.java:187)
	at org.junit.runners.BlockJUnit4ClassRunner$1.runReflectiveCall(BlockJUnit4ClassRunner.java:236)
	at org.junit.internal.runners.model.ReflectiveCallable.run(ReflectiveCallable.java:15)
	at org.junit.runners.BlockJUnit4ClassRunner.methodBlock(BlockJUnit4ClassRunner.java:233)
	at org.junit.runners.BlockJUnit4ClassRunner.runChild(BlockJUnit4ClassRunner.java:68)
	at org.junit.runners.BlockJUnit4ClassRunner.runChild(BlockJUnit4ClassRunner.java:47)
	at org.junit.runners.ParentRunner$3.run(ParentRunner.java:231)
	at org.junit.runners.ParentRunner$1.schedule(ParentRunner.java:60)
	at org.junit.runners.ParentRunner.runChildren(ParentRunner.java:229)
	at org.junit.runners.ParentRunner.access$000(ParentRunner.java:50)
	at org.junit.runners.ParentRunner$2.evaluate(ParentRunner.java:222)
	at org.junit.internal.runners.statements.RunBefores.evaluate(RunBefores.java:28)
	at org.junit.internal.runners.statements.RunAfters.evaluate(RunAfters.java:30)
	at org.junit.runners.ParentRunner.run(ParentRunner.java:300)
	at org.apache.maven.surefire.junit4.JUnit4TestSet.execute(JUnit4TestSet.java:53)
	at org.apache.maven.surefire.junit4.JUnit4Provider.executeTestSet(JUnit4Provider.java:123)
	at org.apache.maven.surefire.junit4.JUnit4Provider.invoke(JUnit4Provider.java:104)
	at sun.reflect.NativeMethodAccessorImpl.invoke0(Native Method)
	at sun.reflect.NativeMethodAccessorImpl.invoke(NativeMethodAccessorImpl.java:57)
	at sun.reflect.DelegatingMethodAccessorImpl.invoke(DelegatingMethodAccessorImpl.java:43)
	at java.lang.reflect.Method.invoke(Method.java:606)
	at org.apache.maven.surefire.util.ReflectionUtils.invokeMethodWithArray(ReflectionUtils.java:164)
	at org.apache.maven.surefire.booter.ProviderFactory$ProviderProxy.invoke(ProviderFactory.java:110)
	at org.apache.maven.surefire.booter.SurefireStarter.invokeProvider(SurefireStarter.java:175)
	at org.apache.maven.surefire.booter.SurefireStarter.runSuitesInProcessWhenForked(SurefireStarter.java:107)
	at org.apache.maven.surefire.booter.ForkedBooter.main(ForkedBooter.java:68)
Caused by: javax.naming.CommunicationException: Communication exception for SerialContext[myEnv={java.naming.factory.state=com.sun.corba.ee.impl.presentation.rmi.JNDIStateFactoryImpl, java.naming.factory.url.pkgs=com.sun.enterprise.naming, java.naming.factory.initial=com.sun.enterprise.naming.SerialInitContextFactory} [Root exception is java.rmi.MarshalException: CORBA MARSHAL 1330446347 Maybe; nested exception is: 
	org.omg.CORBA.MARSHAL: WARNING: IOP00810011: Exception from readValue on ValueHandler in CDRInputStream  vmcid: OMG  minor code: 11 completed: Maybe]
	at com.sun.enterprise.naming.impl.SerialContext.lookup(SerialContext.java:542)
	at com.sun.enterprise.naming.impl.SerialContext.lookup(SerialContext.java:455)
	at javax.naming.InitialContext.lookup(InitialContext.java:411)
	at org.springframework.jndi.JndiTemplate$1.doInContext(JndiTemplate.java:154)
	at org.springframework.jndi.JndiTemplate.execute(JndiTemplate.java:87)
	at org.springframework.jndi.JndiTemplate.lookup(JndiTemplate.java:152)
	at org.springframework.jndi.JndiTemplate.lookup(JndiTemplate.java:178)
	at org.springframework.jndi.JndiLocatorSupport.lookup(JndiLocatorSupport.java:104)
	at org.springframework.jndi.JndiObjectLocator.lookup(JndiObjectLocator.java:105)
	at org.springframework.jndi.JndiObjectFactoryBean.lookupWithFallback(JndiObjectFactoryBean.java:201)
	at org.springframework.jndi.JndiObjectFactoryBean.afterPropertiesSet(JndiObjectFactoryBean.java:187)
	at org.springframework.beans.factory.support.AbstractAutowireCapableBeanFactory.invokeInitMethods(AbstractAutowireCapableBeanFactory.java:1541)
	at org.springframework.beans.factory.support.AbstractAutowireCapableBeanFactory.initializeBean(AbstractAutowireCapableBeanFactory.java:1479)
	... 42 more
Caused by: java.rmi.MarshalException: CORBA MARSHAL 1330446347 Maybe; nested exception is: 
	org.omg.CORBA.MARSHAL: WARNING: IOP00810011: Exception from readValue on ValueHandler in CDRInputStream  vmcid: OMG  minor code: 11 completed: Maybe
	at com.sun.corba.ee.impl.javax.rmi.CORBA.Util.mapSystemException(Util.java:267)
	at com.sun.corba.ee.impl.presentation.rmi.StubInvocationHandlerImpl.privateInvoke(StubInvocationHandlerImpl.java:213)
	at com.sun.corba.ee.impl.presentation.rmi.StubInvocationHandlerImpl.invoke(StubInvocationHandlerImpl.java:152)
	at com.sun.corba.ee.impl.presentation.rmi.codegen.CodegenStubBase.invoke(CodegenStubBase.java:227)
	at com.sun.enterprise.naming.impl._SerialContextProvider_DynamicStub.lookup(com/sun/enterprise/naming/impl/_SerialContextProvider_DynamicStub.java)
	at com.sun.enterprise.naming.impl.SerialContext.lookup(SerialContext.java:505)
	... 54 more
Caused by: org.omg.CORBA.MARSHAL: WARNING: IOP00810011: Exception from readValue on ValueHandler in CDRInputStream  vmcid: OMG  minor code: 11 completed: Maybe
	at sun.reflect.NativeConstructorAccessorImpl.newInstance0(Native Method)
	at sun.reflect.NativeConstructorAccessorImpl.newInstance(NativeConstructorAccessorImpl.java:57)
	at sun.reflect.DelegatingConstructorAccessorImpl.newInstance(DelegatingConstructorAccessorImpl.java:45)
	at java.lang.reflect.Constructor.newInstance(Constructor.java:526)
	at com.sun.corba.ee.spi.orbutil.logex.corba.CorbaExtension.makeException(CorbaExtension.java:248)
	at com.sun.corba.ee.spi.orbutil.logex.corba.CorbaExtension.makeException(CorbaExtension.java:95)
	at com.sun.corba.ee.spi.orbutil.logex.WrapperGenerator.handleFullLogging(WrapperGenerator.java:387)
	at com.sun.corba.ee.spi.orbutil.logex.WrapperGenerator.access$400(WrapperGenerator.java:107)
	at com.sun.corba.ee.spi.orbutil.logex.WrapperGenerator$2.invoke(WrapperGenerator.java:511)
	at com.sun.corba.ee.spi.orbutil.proxy.CompositeInvocationHandlerImpl.invoke(CompositeInvocationHandlerImpl.java:99)
	at com.sun.proxy.$Proxy31.valuehandlerReadException(Unknown Source)
	at com.sun.corba.ee.impl.encoding.CDRInputStream_1_0.readRMIIIOPValueType(CDRInputStream_1_0.java:1022)
	at com.sun.corba.ee.impl.encoding.CDRInputStream_1_0.read_value(CDRInputStream_1_0.java:1123)
	at com.sun.corba.ee.impl.encoding.CDRInputObject.read_value(CDRInputObject.java:531)
	at com.sun.corba.ee.impl.io.IIOPInputStream.inputObjectField(IIOPInputStream.java:2162)
	at com.sun.corba.ee.impl.io.IIOPInputStream.inputClassFields(IIOPInputStream.java:2404)
	at com.sun.corba.ee.impl.io.IIOPInputStream.inputObject(IIOPInputStream.java:1224)
	at com.sun.corba.ee.impl.io.IIOPInputStream.simpleReadObject(IIOPInputStream.java:425)
	at com.sun.corba.ee.impl.io.ValueHandlerImpl.readValueInternal(ValueHandlerImpl.java:308)
	at com.sun.corba.ee.impl.io.ValueHandlerImpl.readValue(ValueHandlerImpl.java:274)
	at com.sun.corba.ee.impl.encoding.CDRInputStream_1_0.readRMIIIOPValueType(CDRInputStream_1_0.java:1015)
	at com.sun.corba.ee.impl.encoding.CDRInputStream_1_0.read_value(CDRInputStream_1_0.java:1123)
	at com.sun.corba.ee.impl.encoding.CDRInputObject.read_value(CDRInputObject.java:531)
	at com.sun.corba.ee.impl.io.IIOPInputStream.inputObjectField(IIOPInputStream.java:2162)
	at com.sun.corba.ee.impl.io.IIOPInputStream.inputClassFields(IIOPInputStream.java:2404)
	at com.sun.corba.ee.impl.io.IIOPInputStream.inputObject(IIOPInputStream.java:1224)
	at com.sun.corba.ee.impl.io.IIOPInputStream.simpleReadObject(IIOPInputStream.java:425)
	at com.sun.corba.ee.impl.io.ValueHandlerImpl.readValueInternal(ValueHandlerImpl.java:308)
	at com.sun.corba.ee.impl.io.ValueHandlerImpl.readValue(ValueHandlerImpl.java:274)
	at com.sun.corba.ee.impl.encoding.CDRInputStream_1_0.readRMIIIOPValueType(CDRInputStream_1_0.java:1015)
	at com.sun.corba.ee.impl.encoding.CDRInputStream_1_0.read_value(CDRInputStream_1_0.java:1123)
	at com.sun.corba.ee.impl.encoding.CDRInputStream_1_0.read_value(CDRInputStream_1_0.java:935)
	at com.sun.corba.ee.impl.encoding.CDRInputObject.read_value(CDRInputObject.java:525)
	at com.sun.corba.ee.impl.corba.TCUtility.unmarshalIn(TCUtility.java:289)
	at com.sun.corba.ee.impl.corba.AnyImpl.read_value(AnyImpl.java:605)
	at com.sun.corba.ee.impl.encoding.CDRInputStream_1_0.read_any(CDRInputStream_1_0.java:775)
	at com.sun.corba.ee.impl.encoding.CDRInputObject.read_any(CDRInputObject.java:482)
	at com.sun.corba.ee.impl.javax.rmi.CORBA.Util.readAny(Util.java:452)
	at com.sun.corba.ee.impl.presentation.rmi.DynamicMethodMarshallerImpl$10.read(DynamicMethodMarshallerImpl.java:299)
	at com.sun.corba.ee.impl.presentation.rmi.DynamicMethodMarshallerImpl.readResult(DynamicMethodMarshallerImpl.java:483)
	at com.sun.corba.ee.impl.presentation.rmi.StubInvocationHandlerImpl.privateInvoke(StubInvocationHandlerImpl.java:203)
	... 58 more
Caused by: java.lang.NullPointerException
	at com.sun.corba.ee.impl.orbutil.ClassInfoCache$ClassInfo.&lt;init&gt;(ClassInfoCache.java:156)
	at com.sun.corba.ee.impl.orbutil.ClassInfoCache.get(ClassInfoCache.java:281)
	at com.sun.corba.ee.impl.encoding.CDRInputStream_1_0.read_value(CDRInputStream_1_0.java:1097)
	at com.sun.corba.ee.impl.encoding.CDRInputStream_1_0.read_value(CDRInputStream_1_0.java:935)
	at com.sun.corba.ee.impl.encoding.CDRInputObject.read_value(CDRInputObject.java:525)
	at com.sun.corba.ee.impl.corba.TCUtility.unmarshalIn(TCUtility.java:289)
	at com.sun.corba.ee.impl.corba.AnyImpl.read_value(AnyImpl.java:605)
	at com.sun.corba.ee.impl.encoding.CDRInputStream_1_0.read_any(CDRInputStream_1_0.java:775)
	at com.sun.corba.ee.impl.encoding.CDRInputObject.read_any(CDRInputObject.java:482)
	at com.sun.corba.ee.impl.javax.rmi.CORBA.Util.readAny(Util.java:452)
	at com.sun.corba.ee.impl.io.ValueHandlerImpl.read_Array(ValueHandlerImpl.java:639)
	at com.sun.corba.ee.impl.io.ValueHandlerImpl.readValueInternal(ValueHandlerImpl.java:305)
	at com.sun.corba.ee.impl.io.ValueHandlerImpl.readValue(ValueHandlerImpl.java:274)
	at com.sun.corba.ee.impl.encoding.CDRInputStream_1_0.readRMIIIOPValueType(CDRInputStream_1_0.java:1015)
	... 87 more
</error>
    <system-err>Dec 30, 2014 11:07:49 AM com.sun.corba.ee.spi.orbutil.logex.WrapperGenerator handleFullLogging
WARNING: IOP00810011: Exception from readValue on ValueHandler in CDRInputStream
org.omg.CORBA.MARSHAL: WARNING: IOP00810011: Exception from readValue on ValueHandler in CDRInputStream  vmcid: OMG  minor code: 11 completed: Maybe
	at sun.reflect.NativeConstructorAccessorImpl.newInstance0(Native Method)
	at sun.reflect.NativeConstructorAccessorImpl.newInstance(NativeConstructorAccessorImpl.java:57)
	at sun.reflect.DelegatingConstructorAccessorImpl.newInstance(DelegatingConstructorAccessorImpl.java:45)
	at java.lang.reflect.Constructor.newInstance(Constructor.java:526)
	at com.sun.corba.ee.spi.orbutil.logex.corba.CorbaExtension.makeException(CorbaExtension.java:248)
	at com.sun.corba.ee.spi.orbutil.logex.corba.CorbaExtension.makeException(CorbaExtension.java:95)
	at com.sun.corba.ee.spi.orbutil.logex.WrapperGenerator.handleFullLogging(WrapperGenerator.java:387)
	at com.sun.corba.ee.spi.orbutil.logex.WrapperGenerator.access$400(WrapperGenerator.java:107)
	at com.sun.corba.ee.spi.orbutil.logex.WrapperGenerator$2.invoke(WrapperGenerator.java:511)
	at com.sun.corba.ee.spi.orbutil.proxy.CompositeInvocationHandlerImpl.invoke(CompositeInvocationHandlerImpl.java:99)
	at com.sun.proxy.$Proxy31.valuehandlerReadException(Unknown Source)
	at com.sun.corba.ee.impl.encoding.CDRInputStream_1_0.readRMIIIOPValueType(CDRInputStream_1_0.java:1022)
	at com.sun.corba.ee.impl.encoding.CDRInputStream_1_0.read_value(CDRInputStream_1_0.java:1123)
	at com.sun.corba.ee.impl.encoding.CDRInputObject.read_value(CDRInputObject.java:531)
	at com.sun.corba.ee.impl.io.IIOPInputStream.inputObjectField(IIOPInputStream.java:2162)
	at com.sun.corba.ee.impl.io.IIOPInputStream.inputClassFields(IIOPInputStream.java:2404)
	at com.sun.corba.ee.impl.io.IIOPInputStream.inputObject(IIOPInputStream.java:1224)
	at com.sun.corba.ee.impl.io.IIOPInputStream.simpleReadObject(IIOPInputStream.java:425)
	at com.sun.corba.ee.impl.io.ValueHandlerImpl.readValueInternal(ValueHandlerImpl.java:308)
	at com.sun.corba.ee.impl.io.ValueHandlerImpl.readValue(ValueHandlerImpl.java:274)
	at com.sun.corba.ee.impl.encoding.CDRInputStream_1_0.readRMIIIOPValueType(CDRInputStream_1_0.java:1015)
	at com.sun.corba.ee.impl.encoding.CDRInputStream_1_0.read_value(CDRInputStream_1_0.java:1123)
	at com.sun.corba.ee.impl.encoding.CDRInputObject.read_value(CDRInputObject.java:531)
	at com.sun.corba.ee.impl.io.IIOPInputStream.inputObjectField(IIOPInputStream.java:2162)
	at com.sun.corba.ee.impl.io.IIOPInputStream.inputClassFields(IIOPInputStream.java:2404)
	at com.sun.corba.ee.impl.io.IIOPInputStream.inputObject(IIOPInputStream.java:1224)
	at com.sun.corba.ee.impl.io.IIOPInputStream.simpleReadObject(IIOPInputStream.java:425)
	at com.sun.corba.ee.impl.io.ValueHandlerImpl.readValueInternal(ValueHandlerImpl.java:308)
	at com.sun.corba.ee.impl.io.ValueHandlerImpl.readValue(ValueHandlerImpl.java:274)
	at com.sun.corba.ee.impl.encoding.CDRInputStream_1_0.readRMIIIOPValueType(CDRInputStream_1_0.java:1015)
	at com.sun.corba.ee.impl.encoding.CDRInputStream_1_0.read_value(CDRInputStream_1_0.java:1123)
	at com.sun.corba.ee.impl.encoding.CDRInputStream_1_0.read_value(CDRInputStream_1_0.java:935)
	at com.sun.corba.ee.impl.encoding.CDRInputObject.read_value(CDRInputObject.java:525)
	at com.sun.corba.ee.impl.corba.TCUtility.unmarshalIn(TCUtility.java:289)
	at com.sun.corba.ee.impl.corba.AnyImpl.read_value(AnyImpl.java:605)
	at com.sun.corba.ee.impl.encoding.CDRInputStream_1_0.read_any(CDRInputStream_1_0.java:775)
	at com.sun.corba.ee.impl.encoding.CDRInputObject.read_any(CDRInputObject.java:482)
	at com.sun.corba.ee.impl.javax.rmi.CORBA.Util.readAny(Util.java:452)
	at com.sun.corba.ee.impl.presentation.rmi.DynamicMethodMarshallerImpl$10.read(DynamicMethodMarshallerImpl.java:299)
	at com.sun.corba.ee.impl.presentation.rmi.DynamicMethodMarshallerImpl.readResult(DynamicMethodMarshallerImpl.java:483)
	at com.sun.corba.ee.impl.presentation.rmi.StubInvocationHandlerImpl.privateInvoke(StubInvocationHandlerImpl.java:203)
	at com.sun.corba.ee.impl.presentation.rmi.StubInvocationHandlerImpl.invoke(StubInvocationHandlerImpl.java:152)
	at com.sun.corba.ee.impl.presentation.rmi.codegen.CodegenStubBase.invoke(CodegenStubBase.java:227)
	at com.sun.enterprise.naming.impl._SerialContextProvider_DynamicStub.lookup(com/sun/enterprise/naming/impl/_SerialContextProvider_DynamicStub.java)
	at com.sun.enterprise.naming.impl.SerialContext.lookup(SerialContext.java:505)
	at com.sun.enterprise.naming.impl.SerialContext.lookup(SerialContext.java:455)
	at javax.naming.InitialContext.lookup(InitialContext.java:411)
	at org.springframework.jndi.JndiTemplate$1.doInContext(JndiTemplate.java:154)
	at org.springframework.jndi.JndiTemplate.execute(JndiTemplate.java:87)
	at org.springframework.jndi.JndiTemplate.lookup(JndiTemplate.java:152)
	at org.springframework.jndi.JndiTemplate.lookup(JndiTemplate.java:178)
	at org.springframework.jndi.JndiLocatorSupport.lookup(JndiLocatorSupport.java:104)
	at org.springframework.jndi.JndiObjectLocator.lookup(JndiObjectLocator.java:105)
	at org.springframework.jndi.JndiObjectFactoryBean.lookupWithFallback(JndiObjectFactoryBean.java:201)
	at org.springframework.jndi.JndiObjectFactoryBean.afterPropertiesSet(JndiObjectFactoryBean.java:187)
	at org.springframework.beans.factory.support.AbstractAutowireCapableBeanFactory.invokeInitMethods(AbstractAutowireCapableBeanFactory.java:1541)
	at org.springframework.beans.factory.support.AbstractAutowireCapableBeanFactory.initializeBean(AbstractAutowireCapableBeanFactory.java:1479)
	at org.springframework.beans.factory.support.AbstractAutowireCapableBeanFactory.doCreateBean(AbstractAutowireCapableBeanFactory.java:521)
	at org.springframework.beans.factory.support.AbstractAutowireCapableBeanFactory.createBean(AbstractAutowireCapableBeanFactory.java:458)
	at org.springframework.beans.factory.support.AbstractBeanFactory$1.getObject(AbstractBeanFactory.java:295)
	at org.springframework.beans.factory.support.DefaultSingletonBeanRegistry.getSingleton(DefaultSingletonBeanRegistry.java:223)
	at org.springframework.beans.factory.support.AbstractBeanFactory.doGetBean(AbstractBeanFactory.java:292)
	at org.springframework.beans.factory.support.AbstractBeanFactory.getBean(AbstractBeanFactory.java:194)
	at org.springframework.beans.factory.support.DefaultListableBeanFactory.preInstantiateSingletons(DefaultListableBeanFactory.java:608)
	at org.springframework.context.support.AbstractApplicationContext.finishBeanFactoryInitialization(AbstractApplicationContext.java:932)
	at org.springframework.context.support.AbstractApplicationContext.refresh(AbstractApplicationContext.java:479)
	at org.springframework.context.support.ClassPathXmlApplicationContext.&lt;init&gt;(ClassPathXmlApplicationContext.java:139)
	at org.springframework.context.support.ClassPathXmlApplicationContext.&lt;init&gt;(ClassPathXmlApplicationContext.java:83)
	at com.bac.accountserviceapp.data.mysql.MysqlAccountServiceAppSpringAuthenticationTest.&lt;init&gt;(MysqlAccountServiceAppSpringAuthenticationTest.java:105)
	at sun.reflect.NativeConstructorAccessorImpl.newInstance0(Native Method)
	at sun.reflect.NativeConstructorAccessorImpl.newInstance(NativeConstructorAccessorImpl.java:57)
	at sun.reflect.DelegatingConstructorAccessorImpl.newInstance(DelegatingConstructorAccessorImpl.java:45)
	at java.lang.reflect.Constructor.newInstance(Constructor.java:526)
	at org.junit.runners.BlockJUnit4ClassRunner.createTest(BlockJUnit4ClassRunner.java:187)
	at org.junit.runners.BlockJUnit4ClassRunner$1.runReflectiveCall(BlockJUnit4ClassRunner.java:236)
	at org.junit.internal.runners.model.ReflectiveCallable.run(ReflectiveCallable.java:15)
	at org.junit.runners.BlockJUnit4ClassRunner.methodBlock(BlockJUnit4ClassRunner.java:233)
	at org.junit.runners.BlockJUnit4ClassRunner.runChild(BlockJUnit4ClassRunner.java:68)
	at org.junit.runners.BlockJUnit4ClassRunner.runChild(BlockJUnit4ClassRunner.java:47)
	at org.junit.runners.ParentRunner$3.run(ParentRunner.java:231)
	at org.junit.runners.ParentRunner$1.schedule(ParentRunner.java:60)
	at org.junit.runners.ParentRunner.runChildren(ParentRunner.java:229)
	at org.junit.runners.ParentRunner.access$000(ParentRunner.java:50)
	at org.junit.runners.ParentRunner$2.evaluate(ParentRunner.java:222)
	at org.junit.internal.runners.statements.RunBefores.evaluate(RunBefores.java:28)
	at org.junit.internal.runners.statements.RunAfters.evaluate(RunAfters.java:30)
	at org.junit.runners.ParentRunner.run(ParentRunner.java:300)
	at org.apache.maven.surefire.junit4.JUnit4TestSet.execute(JUnit4TestSet.java:53)
	at org.apache.maven.surefire.junit4.JUnit4Provider.executeTestSet(JUnit4Provider.java:123)
	at org.apache.maven.surefire.junit4.JUnit4Provider.invoke(JUnit4Provider.java:104)
	at sun.reflect.NativeMethodAccessorImpl.invoke0(Native Method)
	at sun.reflect.NativeMethodAccessorImpl.invoke(NativeMethodAccessorImpl.java:57)
	at sun.reflect.DelegatingMethodAccessorImpl.invoke(DelegatingMethodAccessorImpl.java:43)
	at java.lang.reflect.Method.invoke(Method.java:606)
	at org.apache.maven.surefire.util.ReflectionUtils.invokeMethodWithArray(ReflectionUtils.java:164)
	at org.apache.maven.surefire.booter.ProviderFactory$ProviderProxy.invoke(ProviderFactory.java:110)
	at org.apache.maven.surefire.booter.SurefireStarter.invokeProvider(SurefireStarter.java:175)
	at org.apache.maven.surefire.booter.SurefireStarter.runSuitesInProcessWhenForked(SurefireStarter.java:107)
	at org.apache.maven.surefire.booter.ForkedBooter.main(ForkedBooter.java:68)
Caused by: java.lang.NullPointerException
	at com.sun.corba.ee.impl.orbutil.ClassInfoCache$ClassInfo.&lt;init&gt;(ClassInfoCache.java:156)
	at com.sun.corba.ee.impl.orbutil.ClassInfoCache.get(ClassInfoCache.java:281)
	at com.sun.corba.ee.impl.encoding.CDRInputStream_1_0.read_value(CDRInputStream_1_0.java:1097)
	at com.sun.corba.ee.impl.encoding.CDRInputStream_1_0.read_value(CDRInputStream_1_0.java:935)
	at com.sun.corba.ee.impl.encoding.CDRInputObject.read_value(CDRInputObject.java:525)
	at com.sun.corba.ee.impl.corba.TCUtility.unmarshalIn(TCUtility.java:289)
	at com.sun.corba.ee.impl.corba.AnyImpl.read_value(AnyImpl.java:605)
	at com.sun.corba.ee.impl.encoding.CDRInputStream_1_0.read_any(CDRInputStream_1_0.java:775)
	at com.sun.corba.ee.impl.encoding.CDRInputObject.read_any(CDRInputObject.java:482)
	at com.sun.corba.ee.impl.javax.rmi.CORBA.Util.readAny(Util.java:452)
	at com.sun.corba.ee.impl.io.ValueHandlerImpl.read_Array(ValueHandlerImpl.java:639)
	at com.sun.corba.ee.impl.io.ValueHandlerImpl.readValueInternal(ValueHandlerImpl.java:305)
	at com.sun.corba.ee.impl.io.ValueHandlerImpl.readValue(ValueHandlerImpl.java:274)
	at com.sun.corba.ee.impl.encoding.CDRInputStream_1_0.readRMIIIOPValueType(CDRInputStream_1_0.java:1015)
	... 87 more

</system-err>
  </testcase>
  <testcase time="0.002" classname="com.bac.accountserviceapp.data.mysql.MysqlAccountServiceAppSpringAuthenticationTest" name="testAuthentication_TwoApplications">
    <error message="Error creating bean with name &apos;dataSource&apos;: Invocation of init method failed; nested exception is javax.naming.CommunicationException: Communication exception for SerialContext[myEnv={java.naming.factory.state=com.sun.corba.ee.impl.presentation.rmi.JNDIStateFactoryImpl, java.naming.factory.url.pkgs=com.sun.enterprise.naming, java.naming.factory.initial=com.sun.enterprise.naming.SerialInitContextFactory} [Root exception is java.rmi.MarshalException: CORBA MARSHAL 1330446347 Maybe; nested exception is: 
	org.omg.CORBA.MARSHAL: WARNING: IOP00810011: Exception from readValue on ValueHandler in CDRInputStream  vmcid: OMG  minor code: 11 completed: Maybe]" type="org.springframework.beans.factory.BeanCreationException">org.springframework.beans.factory.BeanCreationException: Error creating bean with name &apos;dataSource&apos;: Invocation of init method failed; nested exception is javax.naming.CommunicationException: Communication exception for SerialContext[myEnv={java.naming.factory.state=com.sun.corba.ee.impl.presentation.rmi.JNDIStateFactoryImpl, java.naming.factory.url.pkgs=com.sun.enterprise.naming, java.naming.factory.initial=com.sun.enterprise.naming.SerialInitContextFactory} [Root exception is java.rmi.MarshalException: CORBA MARSHAL 1330446347 Maybe; nested exception is: 
	org.omg.CORBA.MARSHAL: WARNING: IOP00810011: Exception from readValue on ValueHandler in CDRInputStream  vmcid: OMG  minor code: 11 completed: Maybe]
	at org.springframework.beans.factory.support.AbstractAutowireCapableBeanFactory.initializeBean(AbstractAutowireCapableBeanFactory.java:1482)
	at org.springframework.beans.factory.support.AbstractAutowireCapableBeanFactory.doCreateBean(AbstractAutowireCapableBeanFactory.java:521)
	at org.springframework.beans.factory.support.AbstractAutowireCapableBeanFactory.createBean(AbstractAutowireCapableBeanFactory.java:458)
	at org.springframework.beans.factory.support.AbstractBeanFactory$1.getObject(AbstractBeanFactory.java:295)
	at org.springframework.beans.factory.support.DefaultSingletonBeanRegistry.getSingleton(DefaultSingletonBeanRegistry.java:223)
	at org.springframework.beans.factory.support.AbstractBeanFactory.doGetBean(AbstractBeanFactory.java:292)
	at org.springframework.beans.factory.support.AbstractBeanFactory.getBean(AbstractBeanFactory.java:194)
	at org.springframework.beans.factory.support.DefaultListableBeanFactory.preInstantiateSingletons(DefaultListableBeanFactory.java:608)
	at org.springframework.context.support.AbstractApplicationContext.finishBeanFactoryInitialization(AbstractApplicationContext.java:932)
	at org.springframework.context.support.AbstractApplicationContext.refresh(AbstractApplicationContext.java:479)
	at org.springframework.context.support.ClassPathXmlApplicationContext.&lt;init&gt;(ClassPathXmlApplicationContext.java:139)
	at org.springframework.context.support.ClassPathXmlApplicationContext.&lt;init&gt;(ClassPathXmlApplicationContext.java:83)
	at com.bac.accountserviceapp.data.mysql.MysqlAccountServiceAppSpringAuthenticationTest.&lt;init&gt;(MysqlAccountServiceAppSpringAuthenticationTest.java:105)
	at sun.reflect.NativeConstructorAccessorImpl.newInstance0(Native Method)
	at sun.reflect.NativeConstructorAccessorImpl.newInstance(NativeConstructorAccessorImpl.java:57)
	at sun.reflect.DelegatingConstructorAccessorImpl.newInstance(DelegatingConstructorAccessorImpl.java:45)
	at java.lang.reflect.Constructor.newInstance(Constructor.java:526)
	at org.junit.runners.BlockJUnit4ClassRunner.createTest(BlockJUnit4ClassRunner.java:187)
	at org.junit.runners.BlockJUnit4ClassRunner$1.runReflectiveCall(BlockJUnit4ClassRunner.java:236)
	at org.junit.internal.runners.model.ReflectiveCallable.run(ReflectiveCallable.java:15)
	at org.junit.runners.BlockJUnit4ClassRunner.methodBlock(BlockJUnit4ClassRunner.java:233)
	at org.junit.runners.BlockJUnit4ClassRunner.runChild(BlockJUnit4ClassRunner.java:68)
	at org.junit.runners.BlockJUnit4ClassRunner.runChild(BlockJUnit4ClassRunner.java:47)
	at org.junit.runners.ParentRunner$3.run(ParentRunner.java:231)
	at org.junit.runners.ParentRunner$1.schedule(ParentRunner.java:60)
	at org.junit.runners.ParentRunner.runChildren(ParentRunner.java:229)
	at org.junit.runners.ParentRunner.access$000(ParentRunner.java:50)
	at org.junit.runners.ParentRunner$2.evaluate(ParentRunner.java:222)
	at org.junit.internal.runners.statements.RunBefores.evaluate(RunBefores.java:28)
	at org.junit.internal.runners.statements.RunAfters.evaluate(RunAfters.java:30)
	at org.junit.runners.ParentRunner.run(ParentRunner.java:300)
	at org.apache.maven.surefire.junit4.JUnit4TestSet.execute(JUnit4TestSet.java:53)
	at org.apache.maven.surefire.junit4.JUnit4Provider.executeTestSet(JUnit4Provider.java:123)
	at org.apache.maven.surefire.junit4.JUnit4Provider.invoke(JUnit4Provider.java:104)
	at sun.reflect.NativeMethodAccessorImpl.invoke0(Native Method)
	at sun.reflect.NativeMethodAccessorImpl.invoke(NativeMethodAccessorImpl.java:57)
	at sun.reflect.DelegatingMethodAccessorImpl.invoke(DelegatingMethodAccessorImpl.java:43)
	at java.lang.reflect.Method.invoke(Method.java:606)
	at org.apache.maven.surefire.util.ReflectionUtils.invokeMethodWithArray(ReflectionUtils.java:164)
	at org.apache.maven.surefire.booter.ProviderFactory$ProviderProxy.invoke(ProviderFactory.java:110)
	at org.apache.maven.surefire.booter.SurefireStarter.invokeProvider(SurefireStarter.java:175)
	at org.apache.maven.surefire.booter.SurefireStarter.runSuitesInProcessWhenForked(SurefireStarter.java:107)
	at org.apache.maven.surefire.booter.ForkedBooter.main(ForkedBooter.java:68)
Caused by: javax.naming.CommunicationException: Communication exception for SerialContext[myEnv={java.naming.factory.state=com.sun.corba.ee.impl.presentation.rmi.JNDIStateFactoryImpl, java.naming.factory.url.pkgs=com.sun.enterprise.naming, java.naming.factory.initial=com.sun.enterprise.naming.SerialInitContextFactory} [Root exception is java.rmi.MarshalException: CORBA MARSHAL 1330446347 Maybe; nested exception is: 
	org.omg.CORBA.MARSHAL: WARNING: IOP00810011: Exception from readValue on ValueHandler in CDRInputStream  vmcid: OMG  minor code: 11 completed: Maybe]
	at com.sun.enterprise.naming.impl.SerialContext.lookup(SerialContext.java:542)
	at com.sun.enterprise.naming.impl.SerialContext.lookup(SerialContext.java:455)
	at javax.naming.InitialContext.lookup(InitialContext.java:411)
	at org.springframework.jndi.JndiTemplate$1.doInContext(JndiTemplate.java:154)
	at org.springframework.jndi.JndiTemplate.execute(JndiTemplate.java:87)
	at org.springframework.jndi.JndiTemplate.lookup(JndiTemplate.java:152)
	at org.springframework.jndi.JndiTemplate.lookup(JndiTemplate.java:178)
	at org.springframework.jndi.JndiLocatorSupport.lookup(JndiLocatorSupport.java:104)
	at org.springframework.jndi.JndiObjectLocator.lookup(JndiObjectLocator.java:105)
	at org.springframework.jndi.JndiObjectFactoryBean.lookupWithFallback(JndiObjectFactoryBean.java:201)
	at org.springframework.jndi.JndiObjectFactoryBean.afterPropertiesSet(JndiObjectFactoryBean.java:187)
	at org.springframework.beans.factory.support.AbstractAutowireCapableBeanFactory.invokeInitMethods(AbstractAutowireCapableBeanFactory.java:1541)
	at org.springframework.beans.factory.support.AbstractAutowireCapableBeanFactory.initializeBean(AbstractAutowireCapableBeanFactory.java:1479)
	... 42 more
Caused by: java.rmi.MarshalException: CORBA MARSHAL 1330446347 Maybe; nested exception is: 
	org.omg.CORBA.MARSHAL: WARNING: IOP00810011: Exception from readValue on ValueHandler in CDRInputStream  vmcid: OMG  minor code: 11 completed: Maybe
	at com.sun.corba.ee.impl.javax.rmi.CORBA.Util.mapSystemException(Util.java:267)
	at com.sun.corba.ee.impl.presentation.rmi.StubInvocationHandlerImpl.privateInvoke(StubInvocationHandlerImpl.java:213)
	at com.sun.corba.ee.impl.presentation.rmi.StubInvocationHandlerImpl.invoke(StubInvocationHandlerImpl.java:152)
	at com.sun.corba.ee.impl.presentation.rmi.codegen.CodegenStubBase.invoke(CodegenStubBase.java:227)
	at com.sun.enterprise.naming.impl._SerialContextProvider_DynamicStub.lookup(com/sun/enterprise/naming/impl/_SerialContextProvider_DynamicStub.java)
	at com.sun.enterprise.naming.impl.SerialContext.lookup(SerialContext.java:505)
	... 54 more
Caused by: org.omg.CORBA.MARSHAL: WARNING: IOP00810011: Exception from readValue on ValueHandler in CDRInputStream  vmcid: OMG  minor code: 11 completed: Maybe
	at sun.reflect.NativeConstructorAccessorImpl.newInstance0(Native Method)
	at sun.reflect.NativeConstructorAccessorImpl.newInstance(NativeConstructorAccessorImpl.java:57)
	at sun.reflect.DelegatingConstructorAccessorImpl.newInstance(DelegatingConstructorAccessorImpl.java:45)
	at java.lang.reflect.Constructor.newInstance(Constructor.java:526)
	at com.sun.corba.ee.spi.orbutil.logex.corba.CorbaExtension.makeException(CorbaExtension.java:248)
	at com.sun.corba.ee.spi.orbutil.logex.corba.CorbaExtension.makeException(CorbaExtension.java:95)
	at com.sun.corba.ee.spi.orbutil.logex.WrapperGenerator.handleFullLogging(WrapperGenerator.java:387)
	at com.sun.corba.ee.spi.orbutil.logex.WrapperGenerator.access$400(WrapperGenerator.java:107)
	at com.sun.corba.ee.spi.orbutil.logex.WrapperGenerator$2.invoke(WrapperGenerator.java:511)
	at com.sun.corba.ee.spi.orbutil.proxy.CompositeInvocationHandlerImpl.invoke(CompositeInvocationHandlerImpl.java:99)
	at com.sun.proxy.$Proxy31.valuehandlerReadException(Unknown Source)
	at com.sun.corba.ee.impl.encoding.CDRInputStream_1_0.readRMIIIOPValueType(CDRInputStream_1_0.java:1022)
	at com.sun.corba.ee.impl.encoding.CDRInputStream_1_0.read_value(CDRInputStream_1_0.java:1123)
	at com.sun.corba.ee.impl.encoding.CDRInputObject.read_value(CDRInputObject.java:531)
	at com.sun.corba.ee.impl.io.IIOPInputStream.inputObjectField(IIOPInputStream.java:2162)
	at com.sun.corba.ee.impl.io.IIOPInputStream.inputClassFields(IIOPInputStream.java:2404)
	at com.sun.corba.ee.impl.io.IIOPInputStream.inputObject(IIOPInputStream.java:1224)
	at com.sun.corba.ee.impl.io.IIOPInputStream.simpleReadObject(IIOPInputStream.java:425)
	at com.sun.corba.ee.impl.io.ValueHandlerImpl.readValueInternal(ValueHandlerImpl.java:308)
	at com.sun.corba.ee.impl.io.ValueHandlerImpl.readValue(ValueHandlerImpl.java:274)
	at com.sun.corba.ee.impl.encoding.CDRInputStream_1_0.readRMIIIOPValueType(CDRInputStream_1_0.java:1015)
	at com.sun.corba.ee.impl.encoding.CDRInputStream_1_0.read_value(CDRInputStream_1_0.java:1123)
	at com.sun.corba.ee.impl.encoding.CDRInputObject.read_value(CDRInputObject.java:531)
	at com.sun.corba.ee.impl.io.IIOPInputStream.inputObjectField(IIOPInputStream.java:2162)
	at com.sun.corba.ee.impl.io.IIOPInputStream.inputClassFields(IIOPInputStream.java:2404)
	at com.sun.corba.ee.impl.io.IIOPInputStream.inputObject(IIOPInputStream.java:1224)
	at com.sun.corba.ee.impl.io.IIOPInputStream.simpleReadObject(IIOPInputStream.java:425)
	at com.sun.corba.ee.impl.io.ValueHandlerImpl.readValueInternal(ValueHandlerImpl.java:308)
	at com.sun.corba.ee.impl.io.ValueHandlerImpl.readValue(ValueHandlerImpl.java:274)
	at com.sun.corba.ee.impl.encoding.CDRInputStream_1_0.readRMIIIOPValueType(CDRInputStream_1_0.java:1015)
	at com.sun.corba.ee.impl.encoding.CDRInputStream_1_0.read_value(CDRInputStream_1_0.java:1123)
	at com.sun.corba.ee.impl.encoding.CDRInputStream_1_0.read_value(CDRInputStream_1_0.java:935)
	at com.sun.corba.ee.impl.encoding.CDRInputObject.read_value(CDRInputObject.java:525)
	at com.sun.corba.ee.impl.corba.TCUtility.unmarshalIn(TCUtility.java:289)
	at com.sun.corba.ee.impl.corba.AnyImpl.read_value(AnyImpl.java:605)
	at com.sun.corba.ee.impl.encoding.CDRInputStream_1_0.read_any(CDRInputStream_1_0.java:775)
	at com.sun.corba.ee.impl.encoding.CDRInputObject.read_any(CDRInputObject.java:482)
	at com.sun.corba.ee.impl.javax.rmi.CORBA.Util.readAny(Util.java:452)
	at com.sun.corba.ee.impl.presentation.rmi.DynamicMethodMarshallerImpl$10.read(DynamicMethodMarshallerImpl.java:299)
	at com.sun.corba.ee.impl.presentation.rmi.DynamicMethodMarshallerImpl.readResult(DynamicMethodMarshallerImpl.java:483)
	at com.sun.corba.ee.impl.presentation.rmi.StubInvocationHandlerImpl.privateInvoke(StubInvocationHandlerImpl.java:203)
	... 58 more
Caused by: java.lang.NullPointerException
	at com.sun.corba.ee.impl.orbutil.ClassInfoCache$ClassInfo.&lt;init&gt;(ClassInfoCache.java:156)
	at com.sun.corba.ee.impl.orbutil.ClassInfoCache.get(ClassInfoCache.java:281)
	at com.sun.corba.ee.impl.encoding.CDRInputStream_1_0.read_value(CDRInputStream_1_0.java:1097)
	at com.sun.corba.ee.impl.encoding.CDRInputStream_1_0.read_value(CDRInputStream_1_0.java:935)
	at com.sun.corba.ee.impl.encoding.CDRInputObject.read_value(CDRInputObject.java:525)
	at com.sun.corba.ee.impl.corba.TCUtility.unmarshalIn(TCUtility.java:289)
	at com.sun.corba.ee.impl.corba.AnyImpl.read_value(AnyImpl.java:605)
	at com.sun.corba.ee.impl.encoding.CDRInputStream_1_0.read_any(CDRInputStream_1_0.java:775)
	at com.sun.corba.ee.impl.encoding.CDRInputObject.read_any(CDRInputObject.java:482)
	at com.sun.corba.ee.impl.javax.rmi.CORBA.Util.readAny(Util.java:452)
	at com.sun.corba.ee.impl.io.ValueHandlerImpl.read_Array(ValueHandlerImpl.java:639)
	at com.sun.corba.ee.impl.io.ValueHandlerImpl.readValueInternal(ValueHandlerImpl.java:305)
	at com.sun.corba.ee.impl.io.ValueHandlerImpl.readValue(ValueHandlerImpl.java:274)
	at com.sun.corba.ee.impl.encoding.CDRInputStream_1_0.readRMIIIOPValueType(CDRInputStream_1_0.java:1015)
	... 87 more
</error>
    <system-err>Dec 30, 2014 11:07:49 AM com.sun.corba.ee.spi.orbutil.logex.WrapperGenerator handleFullLogging
WARNING: IOP00810011: Exception from readValue on ValueHandler in CDRInputStream
org.omg.CORBA.MARSHAL: WARNING: IOP00810011: Exception from readValue on ValueHandler in CDRInputStream  vmcid: OMG  minor code: 11 completed: Maybe
	at sun.reflect.NativeConstructorAccessorImpl.newInstance0(Native Method)
	at sun.reflect.NativeConstructorAccessorImpl.newInstance(NativeConstructorAccessorImpl.java:57)
	at sun.reflect.DelegatingConstructorAccessorImpl.newInstance(DelegatingConstructorAccessorImpl.java:45)
	at java.lang.reflect.Constructor.newInstance(Constructor.java:526)
	at com.sun.corba.ee.spi.orbutil.logex.corba.CorbaExtension.makeException(CorbaExtension.java:248)
	at com.sun.corba.ee.spi.orbutil.logex.corba.CorbaExtension.makeException(CorbaExtension.java:95)
	at com.sun.corba.ee.spi.orbutil.logex.WrapperGenerator.handleFullLogging(WrapperGenerator.java:387)
	at com.sun.corba.ee.spi.orbutil.logex.WrapperGenerator.access$400(WrapperGenerator.java:107)
	at com.sun.corba.ee.spi.orbutil.logex.WrapperGenerator$2.invoke(WrapperGenerator.java:511)
	at com.sun.corba.ee.spi.orbutil.proxy.CompositeInvocationHandlerImpl.invoke(CompositeInvocationHandlerImpl.java:99)
	at com.sun.proxy.$Proxy31.valuehandlerReadException(Unknown Source)
	at com.sun.corba.ee.impl.encoding.CDRInputStream_1_0.readRMIIIOPValueType(CDRInputStream_1_0.java:1022)
	at com.sun.corba.ee.impl.encoding.CDRInputStream_1_0.read_value(CDRInputStream_1_0.java:1123)
	at com.sun.corba.ee.impl.encoding.CDRInputObject.read_value(CDRInputObject.java:531)
	at com.sun.corba.ee.impl.io.IIOPInputStream.inputObjectField(IIOPInputStream.java:2162)
	at com.sun.corba.ee.impl.io.IIOPInputStream.inputClassFields(IIOPInputStream.java:2404)
	at com.sun.corba.ee.impl.io.IIOPInputStream.inputObject(IIOPInputStream.java:1224)
	at com.sun.corba.ee.impl.io.IIOPInputStream.simpleReadObject(IIOPInputStream.java:425)
	at com.sun.corba.ee.impl.io.ValueHandlerImpl.readValueInternal(ValueHandlerImpl.java:308)
	at com.sun.corba.ee.impl.io.ValueHandlerImpl.readValue(ValueHandlerImpl.java:274)
	at com.sun.corba.ee.impl.encoding.CDRInputStream_1_0.readRMIIIOPValueType(CDRInputStream_1_0.java:1015)
	at com.sun.corba.ee.impl.encoding.CDRInputStream_1_0.read_value(CDRInputStream_1_0.java:1123)
	at com.sun.corba.ee.impl.encoding.CDRInputObject.read_value(CDRInputObject.java:531)
	at com.sun.corba.ee.impl.io.IIOPInputStream.inputObjectField(IIOPInputStream.java:2162)
	at com.sun.corba.ee.impl.io.IIOPInputStream.inputClassFields(IIOPInputStream.java:2404)
	at com.sun.corba.ee.impl.io.IIOPInputStream.inputObject(IIOPInputStream.java:1224)
	at com.sun.corba.ee.impl.io.IIOPInputStream.simpleReadObject(IIOPInputStream.java:425)
	at com.sun.corba.ee.impl.io.ValueHandlerImpl.readValueInternal(ValueHandlerImpl.java:308)
	at com.sun.corba.ee.impl.io.ValueHandlerImpl.readValue(ValueHandlerImpl.java:274)
	at com.sun.corba.ee.impl.encoding.CDRInputStream_1_0.readRMIIIOPValueType(CDRInputStream_1_0.java:1015)
	at com.sun.corba.ee.impl.encoding.CDRInputStream_1_0.read_value(CDRInputStream_1_0.java:1123)
	at com.sun.corba.ee.impl.encoding.CDRInputStream_1_0.read_value(CDRInputStream_1_0.java:935)
	at com.sun.corba.ee.impl.encoding.CDRInputObject.read_value(CDRInputObject.java:525)
	at com.sun.corba.ee.impl.corba.TCUtility.unmarshalIn(TCUtility.java:289)
	at com.sun.corba.ee.impl.corba.AnyImpl.read_value(AnyImpl.java:605)
	at com.sun.corba.ee.impl.encoding.CDRInputStream_1_0.read_any(CDRInputStream_1_0.java:775)
	at com.sun.corba.ee.impl.encoding.CDRInputObject.read_any(CDRInputObject.java:482)
	at com.sun.corba.ee.impl.javax.rmi.CORBA.Util.readAny(Util.java:452)
	at com.sun.corba.ee.impl.presentation.rmi.DynamicMethodMarshallerImpl$10.read(DynamicMethodMarshallerImpl.java:299)
	at com.sun.corba.ee.impl.presentation.rmi.DynamicMethodMarshallerImpl.readResult(DynamicMethodMarshallerImpl.java:483)
	at com.sun.corba.ee.impl.presentation.rmi.StubInvocationHandlerImpl.privateInvoke(StubInvocationHandlerImpl.java:203)
	at com.sun.corba.ee.impl.presentation.rmi.StubInvocationHandlerImpl.invoke(StubInvocationHandlerImpl.java:152)
	at com.sun.corba.ee.impl.presentation.rmi.codegen.CodegenStubBase.invoke(CodegenStubBase.java:227)
	at com.sun.enterprise.naming.impl._SerialContextProvider_DynamicStub.lookup(com/sun/enterprise/naming/impl/_SerialContextProvider_DynamicStub.java)
	at com.sun.enterprise.naming.impl.SerialContext.lookup(SerialContext.java:505)
	at com.sun.enterprise.naming.impl.SerialContext.lookup(SerialContext.java:455)
	at javax.naming.InitialContext.lookup(InitialContext.java:411)
	at org.springframework.jndi.JndiTemplate$1.doInContext(JndiTemplate.java:154)
	at org.springframework.jndi.JndiTemplate.execute(JndiTemplate.java:87)
	at org.springframework.jndi.JndiTemplate.lookup(JndiTemplate.java:152)
	at org.springframework.jndi.JndiTemplate.lookup(JndiTemplate.java:178)
	at org.springframework.jndi.JndiLocatorSupport.lookup(JndiLocatorSupport.java:104)
	at org.springframework.jndi.JndiObjectLocator.lookup(JndiObjectLocator.java:105)
	at org.springframework.jndi.JndiObjectFactoryBean.lookupWithFallback(JndiObjectFactoryBean.java:201)
	at org.springframework.jndi.JndiObjectFactoryBean.afterPropertiesSet(JndiObjectFactoryBean.java:187)
	at org.springframework.beans.factory.support.AbstractAutowireCapableBeanFactory.invokeInitMethods(AbstractAutowireCapableBeanFactory.java:1541)
	at org.springframework.beans.factory.support.AbstractAutowireCapableBeanFactory.initializeBean(AbstractAutowireCapableBeanFactory.java:1479)
	at org.springframework.beans.factory.support.AbstractAutowireCapableBeanFactory.doCreateBean(AbstractAutowireCapableBeanFactory.java:521)
	at org.springframework.beans.factory.support.AbstractAutowireCapableBeanFactory.createBean(AbstractAutowireCapableBeanFactory.java:458)
	at org.springframework.beans.factory.support.AbstractBeanFactory$1.getObject(AbstractBeanFactory.java:295)
	at org.springframework.beans.factory.support.DefaultSingletonBeanRegistry.getSingleton(DefaultSingletonBeanRegistry.java:223)
	at org.springframework.beans.factory.support.AbstractBeanFactory.doGetBean(AbstractBeanFactory.java:292)
	at org.springframework.beans.factory.support.AbstractBeanFactory.getBean(AbstractBeanFactory.java:194)
	at org.springframework.beans.factory.support.DefaultListableBeanFactory.preInstantiateSingletons(DefaultListableBeanFactory.java:608)
	at org.springframework.context.support.AbstractApplicationContext.finishBeanFactoryInitialization(AbstractApplicationContext.java:932)
	at org.springframework.context.support.AbstractApplicationContext.refresh(AbstractApplicationContext.java:479)
	at org.springframework.context.support.ClassPathXmlApplicationContext.&lt;init&gt;(ClassPathXmlApplicationContext.java:139)
	at org.springframework.context.support.ClassPathXmlApplicationContext.&lt;init&gt;(ClassPathXmlApplicationContext.java:83)
	at com.bac.accountserviceapp.data.mysql.MysqlAccountServiceAppSpringAuthenticationTest.&lt;init&gt;(MysqlAccountServiceAppSpringAuthenticationTest.java:105)
	at sun.reflect.NativeConstructorAccessorImpl.newInstance0(Native Method)
	at sun.reflect.NativeConstructorAccessorImpl.newInstance(NativeConstructorAccessorImpl.java:57)
	at sun.reflect.DelegatingConstructorAccessorImpl.newInstance(DelegatingConstructorAccessorImpl.java:45)
	at java.lang.reflect.Constructor.newInstance(Constructor.java:526)
	at org.junit.runners.BlockJUnit4ClassRunner.createTest(BlockJUnit4ClassRunner.java:187)
	at org.junit.runners.BlockJUnit4ClassRunner$1.runReflectiveCall(BlockJUnit4ClassRunner.java:236)
	at org.junit.internal.runners.model.ReflectiveCallable.run(ReflectiveCallable.java:15)
	at org.junit.runners.BlockJUnit4ClassRunner.methodBlock(BlockJUnit4ClassRunner.java:233)
	at org.junit.runners.BlockJUnit4ClassRunner.runChild(BlockJUnit4ClassRunner.java:68)
	at org.junit.runners.BlockJUnit4ClassRunner.runChild(BlockJUnit4ClassRunner.java:47)
	at org.junit.runners.ParentRunner$3.run(ParentRunner.java:231)
	at org.junit.runners.ParentRunner$1.schedule(ParentRunner.java:60)
	at org.junit.runners.ParentRunner.runChildren(ParentRunner.java:229)
	at org.junit.runners.ParentRunner.access$000(ParentRunner.java:50)
	at org.junit.runners.ParentRunner$2.evaluate(ParentRunner.java:222)
	at org.junit.internal.runners.statements.RunBefores.evaluate(RunBefores.java:28)
	at org.junit.internal.runners.statements.RunAfters.evaluate(RunAfters.java:30)
	at org.junit.runners.ParentRunner.run(ParentRunner.java:300)
	at org.apache.maven.surefire.junit4.JUnit4TestSet.execute(JUnit4TestSet.java:53)
	at org.apache.maven.surefire.junit4.JUnit4Provider.executeTestSet(JUnit4Provider.java:123)
	at org.apache.maven.surefire.junit4.JUnit4Provider.invoke(JUnit4Provider.java:104)
	at sun.reflect.NativeMethodAccessorImpl.invoke0(Native Method)
	at sun.reflect.NativeMethodAccessorImpl.invoke(NativeMethodAccessorImpl.java:57)
	at sun.reflect.DelegatingMethodAccessorImpl.invoke(DelegatingMethodAccessorImpl.java:43)
	at java.lang.reflect.Method.invoke(Method.java:606)
	at org.apache.maven.surefire.util.ReflectionUtils.invokeMethodWithArray(ReflectionUtils.java:164)
	at org.apache.maven.surefire.booter.ProviderFactory$ProviderProxy.invoke(ProviderFactory.java:110)
	at org.apache.maven.surefire.booter.SurefireStarter.invokeProvider(SurefireStarter.java:175)
	at org.apache.maven.surefire.booter.SurefireStarter.runSuitesInProcessWhenForked(SurefireStarter.java:107)
	at org.apache.maven.surefire.booter.ForkedBooter.main(ForkedBooter.java:68)
Caused by: java.lang.NullPointerException
	at com.sun.corba.ee.impl.orbutil.ClassInfoCache$ClassInfo.&lt;init&gt;(ClassInfoCache.java:156)
	at com.sun.corba.ee.impl.orbutil.ClassInfoCache.get(ClassInfoCache.java:281)
	at com.sun.corba.ee.impl.encoding.CDRInputStream_1_0.read_value(CDRInputStream_1_0.java:1097)
	at com.sun.corba.ee.impl.encoding.CDRInputStream_1_0.read_value(CDRInputStream_1_0.java:935)
	at com.sun.corba.ee.impl.encoding.CDRInputObject.read_value(CDRInputObject.java:525)
	at com.sun.corba.ee.impl.corba.TCUtility.unmarshalIn(TCUtility.java:289)
	at com.sun.corba.ee.impl.corba.AnyImpl.read_value(AnyImpl.java:605)
	at com.sun.corba.ee.impl.encoding.CDRInputStream_1_0.read_any(CDRInputStream_1_0.java:775)
	at com.sun.corba.ee.impl.encoding.CDRInputObject.read_any(CDRInputObject.java:482)
	at com.sun.corba.ee.impl.javax.rmi.CORBA.Util.readAny(Util.java:452)
	at com.sun.corba.ee.impl.io.ValueHandlerImpl.read_Array(ValueHandlerImpl.java:639)
	at com.sun.corba.ee.impl.io.ValueHandlerImpl.readValueInternal(ValueHandlerImpl.java:305)
	at com.sun.corba.ee.impl.io.ValueHandlerImpl.readValue(ValueHandlerImpl.java:274)
	at com.sun.corba.ee.impl.encoding.CDRInputStream_1_0.readRMIIIOPValueType(CDRInputStream_1_0.java:1015)
	... 87 more

</system-err>
  </testcase>
  <testcase time="0.003" classname="com.bac.accountserviceapp.data.mysql.MysqlAccountServiceAppSpringAuthenticationTest" name="testAuthentication">
    <error message="Error creating bean with name &apos;dataSource&apos;: Invocation of init method failed; nested exception is javax.naming.CommunicationException: Communication exception for SerialContext[myEnv={java.naming.factory.state=com.sun.corba.ee.impl.presentation.rmi.JNDIStateFactoryImpl, java.naming.factory.url.pkgs=com.sun.enterprise.naming, java.naming.factory.initial=com.sun.enterprise.naming.SerialInitContextFactory} [Root exception is java.rmi.MarshalException: CORBA MARSHAL 1330446347 Maybe; nested exception is: 
	org.omg.CORBA.MARSHAL: WARNING: IOP00810011: Exception from readValue on ValueHandler in CDRInputStream  vmcid: OMG  minor code: 11 completed: Maybe]" type="org.springframework.beans.factory.BeanCreationException">org.springframework.beans.factory.BeanCreationException: Error creating bean with name &apos;dataSource&apos;: Invocation of init method failed; nested exception is javax.naming.CommunicationException: Communication exception for SerialContext[myEnv={java.naming.factory.state=com.sun.corba.ee.impl.presentation.rmi.JNDIStateFactoryImpl, java.naming.factory.url.pkgs=com.sun.enterprise.naming, java.naming.factory.initial=com.sun.enterprise.naming.SerialInitContextFactory} [Root exception is java.rmi.MarshalException: CORBA MARSHAL 1330446347 Maybe; nested exception is: 
	org.omg.CORBA.MARSHAL: WARNING: IOP00810011: Exception from readValue on ValueHandler in CDRInputStream  vmcid: OMG  minor code: 11 completed: Maybe]
	at org.springframework.beans.factory.support.AbstractAutowireCapableBeanFactory.initializeBean(AbstractAutowireCapableBeanFactory.java:1482)
	at org.springframework.beans.factory.support.AbstractAutowireCapableBeanFactory.doCreateBean(AbstractAutowireCapableBeanFactory.java:521)
	at org.springframework.beans.factory.support.AbstractAutowireCapableBeanFactory.createBean(AbstractAutowireCapableBeanFactory.java:458)
	at org.springframework.beans.factory.support.AbstractBeanFactory$1.getObject(AbstractBeanFactory.java:295)
	at org.springframework.beans.factory.support.DefaultSingletonBeanRegistry.getSingleton(DefaultSingletonBeanRegistry.java:223)
	at org.springframework.beans.factory.support.AbstractBeanFactory.doGetBean(AbstractBeanFactory.java:292)
	at org.springframework.beans.factory.support.AbstractBeanFactory.getBean(AbstractBeanFactory.java:194)
	at org.springframework.beans.factory.support.DefaultListableBeanFactory.preInstantiateSingletons(DefaultListableBeanFactory.java:608)
	at org.springframework.context.support.AbstractApplicationContext.finishBeanFactoryInitialization(AbstractApplicationContext.java:932)
	at org.springframework.context.support.AbstractApplicationContext.refresh(AbstractApplicationContext.java:479)
	at org.springframework.context.support.ClassPathXmlApplicationContext.&lt;init&gt;(ClassPathXmlApplicationContext.java:139)
	at org.springframework.context.support.ClassPathXmlApplicationContext.&lt;init&gt;(ClassPathXmlApplicationContext.java:83)
	at com.bac.accountserviceapp.data.mysql.MysqlAccountServiceAppSpringAuthenticationTest.&lt;init&gt;(MysqlAccountServiceAppSpringAuthenticationTest.java:105)
	at sun.reflect.NativeConstructorAccessorImpl.newInstance0(Native Method)
	at sun.reflect.NativeConstructorAccessorImpl.newInstance(NativeConstructorAccessorImpl.java:57)
	at sun.reflect.DelegatingConstructorAccessorImpl.newInstance(DelegatingConstructorAccessorImpl.java:45)
	at java.lang.reflect.Constructor.newInstance(Constructor.java:526)
	at org.junit.runners.BlockJUnit4ClassRunner.createTest(BlockJUnit4ClassRunner.java:187)
	at org.junit.runners.BlockJUnit4ClassRunner$1.runReflectiveCall(BlockJUnit4ClassRunner.java:236)
	at org.junit.internal.runners.model.ReflectiveCallable.run(ReflectiveCallable.java:15)
	at org.junit.runners.BlockJUnit4ClassRunner.methodBlock(BlockJUnit4ClassRunner.java:233)
	at org.junit.runners.BlockJUnit4ClassRunner.runChild(BlockJUnit4ClassRunner.java:68)
	at org.junit.runners.BlockJUnit4ClassRunner.runChild(BlockJUnit4ClassRunner.java:47)
	at org.junit.runners.ParentRunner$3.run(ParentRunner.java:231)
	at org.junit.runners.ParentRunner$1.schedule(ParentRunner.java:60)
	at org.junit.runners.ParentRunner.runChildren(ParentRunner.java:229)
	at org.junit.runners.ParentRunner.access$000(ParentRunner.java:50)
	at org.junit.runners.ParentRunner$2.evaluate(ParentRunner.java:222)
	at org.junit.internal.runners.statements.RunBefores.evaluate(RunBefores.java:28)
	at org.junit.internal.runners.statements.RunAfters.evaluate(RunAfters.java:30)
	at org.junit.runners.ParentRunner.run(ParentRunner.java:300)
	at org.apache.maven.surefire.junit4.JUnit4TestSet.execute(JUnit4TestSet.java:53)
	at org.apache.maven.surefire.junit4.JUnit4Provider.executeTestSet(JUnit4Provider.java:123)
	at org.apache.maven.surefire.junit4.JUnit4Provider.invoke(JUnit4Provider.java:104)
	at sun.reflect.NativeMethodAccessorImpl.invoke0(Native Method)
	at sun.reflect.NativeMethodAccessorImpl.invoke(NativeMethodAccessorImpl.java:57)
	at sun.reflect.DelegatingMethodAccessorImpl.invoke(DelegatingMethodAccessorImpl.java:43)
	at java.lang.reflect.Method.invoke(Method.java:606)
	at org.apache.maven.surefire.util.ReflectionUtils.invokeMethodWithArray(ReflectionUtils.java:164)
	at org.apache.maven.surefire.booter.ProviderFactory$ProviderProxy.invoke(ProviderFactory.java:110)
	at org.apache.maven.surefire.booter.SurefireStarter.invokeProvider(SurefireStarter.java:175)
	at org.apache.maven.surefire.booter.SurefireStarter.runSuitesInProcessWhenForked(SurefireStarter.java:107)
	at org.apache.maven.surefire.booter.ForkedBooter.main(ForkedBooter.java:68)
Caused by: javax.naming.CommunicationException: Communication exception for SerialContext[myEnv={java.naming.factory.state=com.sun.corba.ee.impl.presentation.rmi.JNDIStateFactoryImpl, java.naming.factory.url.pkgs=com.sun.enterprise.naming, java.naming.factory.initial=com.sun.enterprise.naming.SerialInitContextFactory} [Root exception is java.rmi.MarshalException: CORBA MARSHAL 1330446347 Maybe; nested exception is: 
	org.omg.CORBA.MARSHAL: WARNING: IOP00810011: Exception from readValue on ValueHandler in CDRInputStream  vmcid: OMG  minor code: 11 completed: Maybe]
	at com.sun.enterprise.naming.impl.SerialContext.lookup(SerialContext.java:542)
	at com.sun.enterprise.naming.impl.SerialContext.lookup(SerialContext.java:455)
	at javax.naming.InitialContext.lookup(InitialContext.java:411)
	at org.springframework.jndi.JndiTemplate$1.doInContext(JndiTemplate.java:154)
	at org.springframework.jndi.JndiTemplate.execute(JndiTemplate.java:87)
	at org.springframework.jndi.JndiTemplate.lookup(JndiTemplate.java:152)
	at org.springframework.jndi.JndiTemplate.lookup(JndiTemplate.java:178)
	at org.springframework.jndi.JndiLocatorSupport.lookup(JndiLocatorSupport.java:104)
	at org.springframework.jndi.JndiObjectLocator.lookup(JndiObjectLocator.java:105)
	at org.springframework.jndi.JndiObjectFactoryBean.lookupWithFallback(JndiObjectFactoryBean.java:201)
	at org.springframework.jndi.JndiObjectFactoryBean.afterPropertiesSet(JndiObjectFactoryBean.java:187)
	at org.springframework.beans.factory.support.AbstractAutowireCapableBeanFactory.invokeInitMethods(AbstractAutowireCapableBeanFactory.java:1541)
	at org.springframework.beans.factory.support.AbstractAutowireCapableBeanFactory.initializeBean(AbstractAutowireCapableBeanFactory.java:1479)
	... 42 more
Caused by: java.rmi.MarshalException: CORBA MARSHAL 1330446347 Maybe; nested exception is: 
	org.omg.CORBA.MARSHAL: WARNING: IOP00810011: Exception from readValue on ValueHandler in CDRInputStream  vmcid: OMG  minor code: 11 completed: Maybe
	at com.sun.corba.ee.impl.javax.rmi.CORBA.Util.mapSystemException(Util.java:267)
	at com.sun.corba.ee.impl.presentation.rmi.StubInvocationHandlerImpl.privateInvoke(StubInvocationHandlerImpl.java:213)
	at com.sun.corba.ee.impl.presentation.rmi.StubInvocationHandlerImpl.invoke(StubInvocationHandlerImpl.java:152)
	at com.sun.corba.ee.impl.presentation.rmi.codegen.CodegenStubBase.invoke(CodegenStubBase.java:227)
	at com.sun.enterprise.naming.impl._SerialContextProvider_DynamicStub.lookup(com/sun/enterprise/naming/impl/_SerialContextProvider_DynamicStub.java)
	at com.sun.enterprise.naming.impl.SerialContext.lookup(SerialContext.java:505)
	... 54 more
Caused by: org.omg.CORBA.MARSHAL: WARNING: IOP00810011: Exception from readValue on ValueHandler in CDRInputStream  vmcid: OMG  minor code: 11 completed: Maybe
	at sun.reflect.NativeConstructorAccessorImpl.newInstance0(Native Method)
	at sun.reflect.NativeConstructorAccessorImpl.newInstance(NativeConstructorAccessorImpl.java:57)
	at sun.reflect.DelegatingConstructorAccessorImpl.newInstance(DelegatingConstructorAccessorImpl.java:45)
	at java.lang.reflect.Constructor.newInstance(Constructor.java:526)
	at com.sun.corba.ee.spi.orbutil.logex.corba.CorbaExtension.makeException(CorbaExtension.java:248)
	at com.sun.corba.ee.spi.orbutil.logex.corba.CorbaExtension.makeException(CorbaExtension.java:95)
	at com.sun.corba.ee.spi.orbutil.logex.WrapperGenerator.handleFullLogging(WrapperGenerator.java:387)
	at com.sun.corba.ee.spi.orbutil.logex.WrapperGenerator.access$400(WrapperGenerator.java:107)
	at com.sun.corba.ee.spi.orbutil.logex.WrapperGenerator$2.invoke(WrapperGenerator.java:511)
	at com.sun.corba.ee.spi.orbutil.proxy.CompositeInvocationHandlerImpl.invoke(CompositeInvocationHandlerImpl.java:99)
	at com.sun.proxy.$Proxy31.valuehandlerReadException(Unknown Source)
	at com.sun.corba.ee.impl.encoding.CDRInputStream_1_0.readRMIIIOPValueType(CDRInputStream_1_0.java:1022)
	at com.sun.corba.ee.impl.encoding.CDRInputStream_1_0.read_value(CDRInputStream_1_0.java:1123)
	at com.sun.corba.ee.impl.encoding.CDRInputObject.read_value(CDRInputObject.java:531)
	at com.sun.corba.ee.impl.io.IIOPInputStream.inputObjectField(IIOPInputStream.java:2162)
	at com.sun.corba.ee.impl.io.IIOPInputStream.inputClassFields(IIOPInputStream.java:2404)
	at com.sun.corba.ee.impl.io.IIOPInputStream.inputObject(IIOPInputStream.java:1224)
	at com.sun.corba.ee.impl.io.IIOPInputStream.simpleReadObject(IIOPInputStream.java:425)
	at com.sun.corba.ee.impl.io.ValueHandlerImpl.readValueInternal(ValueHandlerImpl.java:308)
	at com.sun.corba.ee.impl.io.ValueHandlerImpl.readValue(ValueHandlerImpl.java:274)
	at com.sun.corba.ee.impl.encoding.CDRInputStream_1_0.readRMIIIOPValueType(CDRInputStream_1_0.java:1015)
	at com.sun.corba.ee.impl.encoding.CDRInputStream_1_0.read_value(CDRInputStream_1_0.java:1123)
	at com.sun.corba.ee.impl.encoding.CDRInputObject.read_value(CDRInputObject.java:531)
	at com.sun.corba.ee.impl.io.IIOPInputStream.inputObjectField(IIOPInputStream.java:2162)
	at com.sun.corba.ee.impl.io.IIOPInputStream.inputClassFields(IIOPInputStream.java:2404)
	at com.sun.corba.ee.impl.io.IIOPInputStream.inputObject(IIOPInputStream.java:1224)
	at com.sun.corba.ee.impl.io.IIOPInputStream.simpleReadObject(IIOPInputStream.java:425)
	at com.sun.corba.ee.impl.io.ValueHandlerImpl.readValueInternal(ValueHandlerImpl.java:308)
	at com.sun.corba.ee.impl.io.ValueHandlerImpl.readValue(ValueHandlerImpl.java:274)
	at com.sun.corba.ee.impl.encoding.CDRInputStream_1_0.readRMIIIOPValueType(CDRInputStream_1_0.java:1015)
	at com.sun.corba.ee.impl.encoding.CDRInputStream_1_0.read_value(CDRInputStream_1_0.java:1123)
	at com.sun.corba.ee.impl.encoding.CDRInputStream_1_0.read_value(CDRInputStream_1_0.java:935)
	at com.sun.corba.ee.impl.encoding.CDRInputObject.read_value(CDRInputObject.java:525)
	at com.sun.corba.ee.impl.corba.TCUtility.unmarshalIn(TCUtility.java:289)
	at com.sun.corba.ee.impl.corba.AnyImpl.read_value(AnyImpl.java:605)
	at com.sun.corba.ee.impl.encoding.CDRInputStream_1_0.read_any(CDRInputStream_1_0.java:775)
	at com.sun.corba.ee.impl.encoding.CDRInputObject.read_any(CDRInputObject.java:482)
	at com.sun.corba.ee.impl.javax.rmi.CORBA.Util.readAny(Util.java:452)
	at com.sun.corba.ee.impl.presentation.rmi.DynamicMethodMarshallerImpl$10.read(DynamicMethodMarshallerImpl.java:299)
	at com.sun.corba.ee.impl.presentation.rmi.DynamicMethodMarshallerImpl.readResult(DynamicMethodMarshallerImpl.java:483)
	at com.sun.corba.ee.impl.presentation.rmi.StubInvocationHandlerImpl.privateInvoke(StubInvocationHandlerImpl.java:203)
	... 58 more
Caused by: java.lang.NullPointerException
	at com.sun.corba.ee.impl.orbutil.ClassInfoCache$ClassInfo.&lt;init&gt;(ClassInfoCache.java:156)
	at com.sun.corba.ee.impl.orbutil.ClassInfoCache.get(ClassInfoCache.java:281)
	at com.sun.corba.ee.impl.encoding.CDRInputStream_1_0.read_value(CDRInputStream_1_0.java:1097)
	at com.sun.corba.ee.impl.encoding.CDRInputStream_1_0.read_value(CDRInputStream_1_0.java:935)
	at com.sun.corba.ee.impl.encoding.CDRInputObject.read_value(CDRInputObject.java:525)
	at com.sun.corba.ee.impl.corba.TCUtility.unmarshalIn(TCUtility.java:289)
	at com.sun.corba.ee.impl.corba.AnyImpl.read_value(AnyImpl.java:605)
	at com.sun.corba.ee.impl.encoding.CDRInputStream_1_0.read_any(CDRInputStream_1_0.java:775)
	at com.sun.corba.ee.impl.encoding.CDRInputObject.read_any(CDRInputObject.java:482)
	at com.sun.corba.ee.impl.javax.rmi.CORBA.Util.readAny(Util.java:452)
	at com.sun.corba.ee.impl.io.ValueHandlerImpl.read_Array(ValueHandlerImpl.java:639)
	at com.sun.corba.ee.impl.io.ValueHandlerImpl.readValueInternal(ValueHandlerImpl.java:305)
	at com.sun.corba.ee.impl.io.ValueHandlerImpl.readValue(ValueHandlerImpl.java:274)
	at com.sun.corba.ee.impl.encoding.CDRInputStream_1_0.readRMIIIOPValueType(CDRInputStream_1_0.java:1015)
	... 87 more
</error>
    <system-err>Dec 30, 2014 11:07:49 AM com.sun.corba.ee.spi.orbutil.logex.WrapperGenerator handleFullLogging
WARNING: IOP00810011: Exception from readValue on ValueHandler in CDRInputStream
org.omg.CORBA.MARSHAL: WARNING: IOP00810011: Exception from readValue on ValueHandler in CDRInputStream  vmcid: OMG  minor code: 11 completed: Maybe
	at sun.reflect.NativeConstructorAccessorImpl.newInstance0(Native Method)
	at sun.reflect.NativeConstructorAccessorImpl.newInstance(NativeConstructorAccessorImpl.java:57)
	at sun.reflect.DelegatingConstructorAccessorImpl.newInstance(DelegatingConstructorAccessorImpl.java:45)
	at java.lang.reflect.Constructor.newInstance(Constructor.java:526)
	at com.sun.corba.ee.spi.orbutil.logex.corba.CorbaExtension.makeException(CorbaExtension.java:248)
	at com.sun.corba.ee.spi.orbutil.logex.corba.CorbaExtension.makeException(CorbaExtension.java:95)
	at com.sun.corba.ee.spi.orbutil.logex.WrapperGenerator.handleFullLogging(WrapperGenerator.java:387)
	at com.sun.corba.ee.spi.orbutil.logex.WrapperGenerator.access$400(WrapperGenerator.java:107)
	at com.sun.corba.ee.spi.orbutil.logex.WrapperGenerator$2.invoke(WrapperGenerator.java:511)
	at com.sun.corba.ee.spi.orbutil.proxy.CompositeInvocationHandlerImpl.invoke(CompositeInvocationHandlerImpl.java:99)
	at com.sun.proxy.$Proxy31.valuehandlerReadException(Unknown Source)
	at com.sun.corba.ee.impl.encoding.CDRInputStream_1_0.readRMIIIOPValueType(CDRInputStream_1_0.java:1022)
	at com.sun.corba.ee.impl.encoding.CDRInputStream_1_0.read_value(CDRInputStream_1_0.java:1123)
	at com.sun.corba.ee.impl.encoding.CDRInputObject.read_value(CDRInputObject.java:531)
	at com.sun.corba.ee.impl.io.IIOPInputStream.inputObjectField(IIOPInputStream.java:2162)
	at com.sun.corba.ee.impl.io.IIOPInputStream.inputClassFields(IIOPInputStream.java:2404)
	at com.sun.corba.ee.impl.io.IIOPInputStream.inputObject(IIOPInputStream.java:1224)
	at com.sun.corba.ee.impl.io.IIOPInputStream.simpleReadObject(IIOPInputStream.java:425)
	at com.sun.corba.ee.impl.io.ValueHandlerImpl.readValueInternal(ValueHandlerImpl.java:308)
	at com.sun.corba.ee.impl.io.ValueHandlerImpl.readValue(ValueHandlerImpl.java:274)
	at com.sun.corba.ee.impl.encoding.CDRInputStream_1_0.readRMIIIOPValueType(CDRInputStream_1_0.java:1015)
	at com.sun.corba.ee.impl.encoding.CDRInputStream_1_0.read_value(CDRInputStream_1_0.java:1123)
	at com.sun.corba.ee.impl.encoding.CDRInputObject.read_value(CDRInputObject.java:531)
	at com.sun.corba.ee.impl.io.IIOPInputStream.inputObjectField(IIOPInputStream.java:2162)
	at com.sun.corba.ee.impl.io.IIOPInputStream.inputClassFields(IIOPInputStream.java:2404)
	at com.sun.corba.ee.impl.io.IIOPInputStream.inputObject(IIOPInputStream.java:1224)
	at com.sun.corba.ee.impl.io.IIOPInputStream.simpleReadObject(IIOPInputStream.java:425)
	at com.sun.corba.ee.impl.io.ValueHandlerImpl.readValueInternal(ValueHandlerImpl.java:308)
	at com.sun.corba.ee.impl.io.ValueHandlerImpl.readValue(ValueHandlerImpl.java:274)
	at com.sun.corba.ee.impl.encoding.CDRInputStream_1_0.readRMIIIOPValueType(CDRInputStream_1_0.java:1015)
	at com.sun.corba.ee.impl.encoding.CDRInputStream_1_0.read_value(CDRInputStream_1_0.java:1123)
	at com.sun.corba.ee.impl.encoding.CDRInputStream_1_0.read_value(CDRInputStream_1_0.java:935)
	at com.sun.corba.ee.impl.encoding.CDRInputObject.read_value(CDRInputObject.java:525)
	at com.sun.corba.ee.impl.corba.TCUtility.unmarshalIn(TCUtility.java:289)
	at com.sun.corba.ee.impl.corba.AnyImpl.read_value(AnyImpl.java:605)
	at com.sun.corba.ee.impl.encoding.CDRInputStream_1_0.read_any(CDRInputStream_1_0.java:775)
	at com.sun.corba.ee.impl.encoding.CDRInputObject.read_any(CDRInputObject.java:482)
	at com.sun.corba.ee.impl.javax.rmi.CORBA.Util.readAny(Util.java:452)
	at com.sun.corba.ee.impl.presentation.rmi.DynamicMethodMarshallerImpl$10.read(DynamicMethodMarshallerImpl.java:299)
	at com.sun.corba.ee.impl.presentation.rmi.DynamicMethodMarshallerImpl.readResult(DynamicMethodMarshallerImpl.java:483)
	at com.sun.corba.ee.impl.presentation.rmi.StubInvocationHandlerImpl.privateInvoke(StubInvocationHandlerImpl.java:203)
	at com.sun.corba.ee.impl.presentation.rmi.StubInvocationHandlerImpl.invoke(StubInvocationHandlerImpl.java:152)
	at com.sun.corba.ee.impl.presentation.rmi.codegen.CodegenStubBase.invoke(CodegenStubBase.java:227)
	at com.sun.enterprise.naming.impl._SerialContextProvider_DynamicStub.lookup(com/sun/enterprise/naming/impl/_SerialContextProvider_DynamicStub.java)
	at com.sun.enterprise.naming.impl.SerialContext.lookup(SerialContext.java:505)
	at com.sun.enterprise.naming.impl.SerialContext.lookup(SerialContext.java:455)
	at javax.naming.InitialContext.lookup(InitialContext.java:411)
	at org.springframework.jndi.JndiTemplate$1.doInContext(JndiTemplate.java:154)
	at org.springframework.jndi.JndiTemplate.execute(JndiTemplate.java:87)
	at org.springframework.jndi.JndiTemplate.lookup(JndiTemplate.java:152)
	at org.springframework.jndi.JndiTemplate.lookup(JndiTemplate.java:178)
	at org.springframework.jndi.JndiLocatorSupport.lookup(JndiLocatorSupport.java:104)
	at org.springframework.jndi.JndiObjectLocator.lookup(JndiObjectLocator.java:105)
	at org.springframework.jndi.JndiObjectFactoryBean.lookupWithFallback(JndiObjectFactoryBean.java:201)
	at org.springframework.jndi.JndiObjectFactoryBean.afterPropertiesSet(JndiObjectFactoryBean.java:187)
	at org.springframework.beans.factory.support.AbstractAutowireCapableBeanFactory.invokeInitMethods(AbstractAutowireCapableBeanFactory.java:1541)
	at org.springframework.beans.factory.support.AbstractAutowireCapableBeanFactory.initializeBean(AbstractAutowireCapableBeanFactory.java:1479)
	at org.springframework.beans.factory.support.AbstractAutowireCapableBeanFactory.doCreateBean(AbstractAutowireCapableBeanFactory.java:521)
	at org.springframework.beans.factory.support.AbstractAutowireCapableBeanFactory.createBean(AbstractAutowireCapableBeanFactory.java:458)
	at org.springframework.beans.factory.support.AbstractBeanFactory$1.getObject(AbstractBeanFactory.java:295)
	at org.springframework.beans.factory.support.DefaultSingletonBeanRegistry.getSingleton(DefaultSingletonBeanRegistry.java:223)
	at org.springframework.beans.factory.support.AbstractBeanFactory.doGetBean(AbstractBeanFactory.java:292)
	at org.springframework.beans.factory.support.AbstractBeanFactory.getBean(AbstractBeanFactory.java:194)
	at org.springframework.beans.factory.support.DefaultListableBeanFactory.preInstantiateSingletons(DefaultListableBeanFactory.java:608)
	at org.springframework.context.support.AbstractApplicationContext.finishBeanFactoryInitialization(AbstractApplicationContext.java:932)
	at org.springframework.context.support.AbstractApplicationContext.refresh(AbstractApplicationContext.java:479)
	at org.springframework.context.support.ClassPathXmlApplicationContext.&lt;init&gt;(ClassPathXmlApplicationContext.java:139)
	at org.springframework.context.support.ClassPathXmlApplicationContext.&lt;init&gt;(ClassPathXmlApplicationContext.java:83)
	at com.bac.accountserviceapp.data.mysql.MysqlAccountServiceAppSpringAuthenticationTest.&lt;init&gt;(MysqlAccountServiceAppSpringAuthenticationTest.java:105)
	at sun.reflect.NativeConstructorAccessorImpl.newInstance0(Native Method)
	at sun.reflect.NativeConstructorAccessorImpl.newInstance(NativeConstructorAccessorImpl.java:57)
	at sun.reflect.DelegatingConstructorAccessorImpl.newInstance(DelegatingConstructorAccessorImpl.java:45)
	at java.lang.reflect.Constructor.newInstance(Constructor.java:526)
	at org.junit.runners.BlockJUnit4ClassRunner.createTest(BlockJUnit4ClassRunner.java:187)
	at org.junit.runners.BlockJUnit4ClassRunner$1.runReflectiveCall(BlockJUnit4ClassRunner.java:236)
	at org.junit.internal.runners.model.ReflectiveCallable.run(ReflectiveCallable.java:15)
	at org.junit.runners.BlockJUnit4ClassRunner.methodBlock(BlockJUnit4ClassRunner.java:233)
	at org.junit.runners.BlockJUnit4ClassRunner.runChild(BlockJUnit4ClassRunner.java:68)
	at org.junit.runners.BlockJUnit4ClassRunner.runChild(BlockJUnit4ClassRunner.java:47)
	at org.junit.runners.ParentRunner$3.run(ParentRunner.java:231)
	at org.junit.runners.ParentRunner$1.schedule(ParentRunner.java:60)
	at org.junit.runners.ParentRunner.runChildren(ParentRunner.java:229)
	at org.junit.runners.ParentRunner.access$000(ParentRunner.java:50)
	at org.junit.runners.ParentRunner$2.evaluate(ParentRunner.java:222)
	at org.junit.internal.runners.statements.RunBefores.evaluate(RunBefores.java:28)
	at org.junit.internal.runners.statements.RunAfters.evaluate(RunAfters.java:30)
	at org.junit.runners.ParentRunner.run(ParentRunner.java:300)
	at org.apache.maven.surefire.junit4.JUnit4TestSet.execute(JUnit4TestSet.java:53)
	at org.apache.maven.surefire.junit4.JUnit4Provider.executeTestSet(JUnit4Provider.java:123)
	at org.apache.maven.surefire.junit4.JUnit4Provider.invoke(JUnit4Provider.java:104)
	at sun.reflect.NativeMethodAccessorImpl.invoke0(Native Method)
	at sun.reflect.NativeMethodAccessorImpl.invoke(NativeMethodAccessorImpl.java:57)
	at sun.reflect.DelegatingMethodAccessorImpl.invoke(DelegatingMethodAccessorImpl.java:43)
	at java.lang.reflect.Method.invoke(Method.java:606)
	at org.apache.maven.surefire.util.ReflectionUtils.invokeMethodWithArray(ReflectionUtils.java:164)
	at org.apache.maven.surefire.booter.ProviderFactory$ProviderProxy.invoke(ProviderFactory.java:110)
	at org.apache.maven.surefire.booter.SurefireStarter.invokeProvider(SurefireStarter.java:175)
	at org.apache.maven.surefire.booter.SurefireStarter.runSuitesInProcessWhenForked(SurefireStarter.java:107)
	at org.apache.maven.surefire.booter.ForkedBooter.main(ForkedBooter.java:68)
Caused by: java.lang.NullPointerException
	at com.sun.corba.ee.impl.orbutil.ClassInfoCache$ClassInfo.&lt;init&gt;(ClassInfoCache.java:156)
	at com.sun.corba.ee.impl.orbutil.ClassInfoCache.get(ClassInfoCache.java:281)
	at com.sun.corba.ee.impl.encoding.CDRInputStream_1_0.read_value(CDRInputStream_1_0.java:1097)
	at com.sun.corba.ee.impl.encoding.CDRInputStream_1_0.read_value(CDRInputStream_1_0.java:935)
	at com.sun.corba.ee.impl.encoding.CDRInputObject.read_value(CDRInputObject.java:525)
	at com.sun.corba.ee.impl.corba.TCUtility.unmarshalIn(TCUtility.java:289)
	at com.sun.corba.ee.impl.corba.AnyImpl.read_value(AnyImpl.java:605)
	at com.sun.corba.ee.impl.encoding.CDRInputStream_1_0.read_any(CDRInputStream_1_0.java:775)
	at com.sun.corba.ee.impl.encoding.CDRInputObject.read_any(CDRInputObject.java:482)
	at com.sun.corba.ee.impl.javax.rmi.CORBA.Util.readAny(Util.java:452)
	at com.sun.corba.ee.impl.io.ValueHandlerImpl.read_Array(ValueHandlerImpl.java:639)
	at com.sun.corba.ee.impl.io.ValueHandlerImpl.readValueInternal(ValueHandlerImpl.java:305)
	at com.sun.corba.ee.impl.io.ValueHandlerImpl.readValue(ValueHandlerImpl.java:274)
	at com.sun.corba.ee.impl.encoding.CDRInputStream_1_0.readRMIIIOPValueType(CDRInputStream_1_0.java:1015)
	... 87 more

</system-err>
  </testcase>
</testsuite>